#
# There is insufficient memory for the Java Runtime Environment to continue.
# Native memory allocation (mmap) failed to map 140509184 bytes for G1 virtual space
# Possible reasons:
#   The system is out of physical RAM or swap space
#   The process is running with CompressedOops enabled, and the Java Heap may be blocking the growth of the native heap
# Possible solutions:
#   Reduce memory load on the system
#   Increase physical memory or swap space
#   Check if swap backing store is full
#   Decrease Java heap size (-Xmx/-Xms)
#   Decrease number of Java threads
#   Decrease Java thread stack sizes (-Xss)
#   Set larger code cache with -XX:ReservedCodeCacheSize=
#   JVM is running with Unscaled Compressed Oops mode in which the Java heap is
#     placed in the first 4GB address space. The Java Heap base address is the
#     maximum limit for the native heap growth. Please use -XX:HeapBaseMinAddress
#     to set the Java Heap base and to place the Java Heap above 4GB virtual address.
# This output file may be truncated or incomplete.
#
#  Out of Memory Error (os_windows.cpp:3825), pid=2916, tid=5284
#
# JRE version: OpenJDK Runtime Environment (17.0.9) (build 17.0.9+0--11185874)
# Java VM: OpenJDK 64-Bit Server VM (17.0.9+0--11185874, mixed mode, tiered, compressed oops, compressed class ptrs, g1 gc, windows-amd64)
# No core dump will be written. Minidumps are not enabled by default on client versions of Windows
#

---------------  S U M M A R Y ------------

Command Line: org.jetbrains.kotlin.cli.jvm.K2JVMCompiler @C:\Users\RAWAN\ToDoApp\app\build\20240518_8467465870253917111.compiler.options

Host: Intel(R) Core(TM) i5-8265U CPU @ 1.60GHz, 8 cores, 7G,  Windows 11 , 64 bit Build 22621 (10.0.22621.3374)
Time: Sat May 18 19:52:58 2024 Arab Standard Time elapsed time: 20.010026 seconds (0d 0h 0m 20s)

---------------  T H R E A D  ---------------

Current thread (0x00000290af9cca00):  VMThread "VM Thread" [stack: 0x000000f9a8b00000,0x000000f9a8c00000] [id=5284]

Stack: [0x000000f9a8b00000,0x000000f9a8c00000]
Native frames: (J=compiled Java code, j=interpreted, Vv=VM code, C=native code)
V  [jvm.dll+0x6886e9]
V  [jvm.dll+0x841e4a]
V  [jvm.dll+0x843a8e]
V  [jvm.dll+0x8440f3]
V  [jvm.dll+0x24c14f]
V  [jvm.dll+0x685499]
V  [jvm.dll+0x679c2a]
V  [jvm.dll+0x30cf9b]
V  [jvm.dll+0x314446]
V  [jvm.dll+0x36425e]
V  [jvm.dll+0x36448f]
V  [jvm.dll+0x2e2d68]
V  [jvm.dll+0x2e0f44]
V  [jvm.dll+0x2e054c]
V  [jvm.dll+0x3253fb]
V  [jvm.dll+0x8487eb]
V  [jvm.dll+0x849531]
V  [jvm.dll+0x849a4d]
V  [jvm.dll+0x849e24]
V  [jvm.dll+0x849ef0]
V  [jvm.dll+0x7f06aa]
V  [jvm.dll+0x687565]
C  [ucrtbase.dll+0x29333]
C  [KERNEL32.DLL+0x1257d]
C  [ntdll.dll+0x5aa48]

VM_Operation (0x000000f9a85f7970): G1CollectForAllocation, mode: safepoint, requested by thread 0x0000029093cfa850


---------------  P R O C E S S  ---------------

Threads class SMR info:
_java_thread_list=0x00000290b4a89040, length=13, elements={
0x0000029093cfa850, 0x00000290af9d1640, 0x00000290af9d22c0, 0x00000290afb363f0,
0x00000290afb5aa70, 0x00000290afb5b430, 0x00000290afb512b0, 0x00000290afb52ec0,
0x00000290afb696f0, 0x00000290afb6c010, 0x00000290afcc3140, 0x00000290afcc3a70,
0x00000290b5e70760
}

Java Threads: ( => current thread )
  0x0000029093cfa850 JavaThread "main" [_thread_blocked, id=6652, stack(0x000000f9a8500000,0x000000f9a8600000)]
  0x00000290af9d1640 JavaThread "Reference Handler" daemon [_thread_blocked, id=18360, stack(0x000000f9a8c00000,0x000000f9a8d00000)]
  0x00000290af9d22c0 JavaThread "Finalizer" daemon [_thread_blocked, id=10348, stack(0x000000f9a8d00000,0x000000f9a8e00000)]
  0x00000290afb363f0 JavaThread "Signal Dispatcher" daemon [_thread_blocked, id=14488, stack(0x000000f9a8e00000,0x000000f9a8f00000)]
  0x00000290afb5aa70 JavaThread "Attach Listener" daemon [_thread_blocked, id=17068, stack(0x000000f9a8f00000,0x000000f9a9000000)]
  0x00000290afb5b430 JavaThread "Service Thread" daemon [_thread_blocked, id=2528, stack(0x000000f9a9000000,0x000000f9a9100000)]
  0x00000290afb512b0 JavaThread "Monitor Deflation Thread" daemon [_thread_blocked, id=18128, stack(0x000000f9a9100000,0x000000f9a9200000)]
  0x00000290afb52ec0 JavaThread "C2 CompilerThread0" daemon [_thread_in_native, id=6024, stack(0x000000f9a9200000,0x000000f9a9300000)]
  0x00000290afb696f0 JavaThread "C1 CompilerThread0" daemon [_thread_blocked, id=18244, stack(0x000000f9a9300000,0x000000f9a9400000)]
  0x00000290afb6c010 JavaThread "Sweeper thread" daemon [_thread_blocked, id=19340, stack(0x000000f9a9400000,0x000000f9a9500000)]
  0x00000290afcc3140 JavaThread "Notification Thread" daemon [_thread_blocked, id=4772, stack(0x000000f9a9500000,0x000000f9a9600000)]
  0x00000290afcc3a70 JavaThread "Common-Cleaner" daemon [_thread_blocked, id=17116, stack(0x000000f9a9700000,0x000000f9a9800000)]
  0x00000290b5e70760 JavaThread "C2 CompilerThread1" daemon [_thread_blocked, id=10452, stack(0x000000f9a9800000,0x000000f9a9900000)]

Other Threads:
=>0x00000290af9cca00 VMThread "VM Thread" [stack: 0x000000f9a8b00000,0x000000f9a8c00000] [id=5284]
  0x00000290afcc3620 WatcherThread [stack: 0x000000f9a9600000,0x000000f9a9700000] [id=2776]
  0x0000029093d55770 GCTaskThread "GC Thread#0" [stack: 0x000000f9a8600000,0x000000f9a8700000] [id=1536]
  0x00000290b441c020 GCTaskThread "GC Thread#1" [stack: 0x000000f9a9900000,0x000000f9a9a00000] [id=14964]
  0x00000290b441c2e0 GCTaskThread "GC Thread#2" [stack: 0x000000f9a9a00000,0x000000f9a9b00000] [id=14992]
  0x00000290b4429830 GCTaskThread "GC Thread#3" [stack: 0x000000f9a9b00000,0x000000f9a9c00000] [id=15620]
  0x00000290b4429af0 GCTaskThread "GC Thread#4" [stack: 0x000000f9a9c00000,0x000000f9a9d00000] [id=19260]
  0x00000290b4f172b0 GCTaskThread "GC Thread#5" [stack: 0x000000f9a9e00000,0x000000f9a9f00000] [id=1568]
  0x00000290b518bf70 GCTaskThread "GC Thread#6" [stack: 0x000000f9a9f00000,0x000000f9aa000000] [id=12924]
  0x00000290b4b8d070 GCTaskThread "GC Thread#7" [stack: 0x000000f9aa000000,0x000000f9aa100000] [id=14528]
  0x0000029093d67110 ConcurrentGCThread "G1 Main Marker" [stack: 0x000000f9a8700000,0x000000f9a8800000] [id=11172]
  0x0000029093d67a30 ConcurrentGCThread "G1 Conc#0" [stack: 0x000000f9a8800000,0x000000f9a8900000] [id=16536]
  0x00000290b4a33060 ConcurrentGCThread "G1 Conc#1" [stack: 0x000000f9aa100000,0x000000f9aa200000] [id=6924]
  0x00000290af8260f0 ConcurrentGCThread "G1 Refine#0" [stack: 0x000000f9a8900000,0x000000f9a8a00000] [id=17120]
  0x00000290b7460ed0 ConcurrentGCThread "G1 Refine#1" [stack: 0x000000f9aa200000,0x000000f9aa300000] [id=5728]
  0x00000290b74611c0 ConcurrentGCThread "G1 Refine#2" [stack: 0x000000f9aa300000,0x000000f9aa400000] [id=11572]
  0x00000290b8422de0 ConcurrentGCThread "G1 Refine#3" [stack: 0x000000f9aa400000,0x000000f9aa500000] [id=13736]
  0x00000290af826930 ConcurrentGCThread "G1 Service" [stack: 0x000000f9a8a00000,0x000000f9a8b00000] [id=3340]

Threads with active compile tasks:
C2 CompilerThread0    20038 16030       4       jdk.internal.loader.BuiltinClassLoader::defineClass (121 bytes)
C1 CompilerThread0    20038 16053       3       org.jetbrains.kotlin.backend.jvm.mapping.MethodSignatureMapper::toIrBasedDescriptorWithOriginalOverrides (99 bytes)
C2 CompilerThread1    20038 16084       4       jdk.internal.org.objectweb.asm.ByteVector::put12 (64 bytes)

VM state: at safepoint (normal execution)

VM Mutex/Monitor currently owned by a thread:  ([mutex/lock_event])
[0x0000029093cf64a0] Threads_lock - owner thread: 0x00000290af9cca00
[0x0000029093cf5840] Heap_lock - owner thread: 0x0000029093cfa850

Heap address: 0x0000000082600000, size: 2010 MB, Compressed Oops mode: 32-bit

CDS archive(s) not mapped
Compressed class space mapped at: 0x0000000100000000-0x0000000140000000, reserved size: 1073741824
Narrow klass base: 0x0000000000000000, Narrow klass shift: 3, Narrow klass range: 0x140000000

GC Precious Log:
 CPUs: 8 total, 8 available
 Memory: 8037M
 Large Page Support: Disabled
 NUMA Support: Disabled
 Compressed Oops: Enabled (32-bit)
 Heap Region Size: 1M
 Heap Min Capacity: 8M
 Heap Initial Capacity: 126M
 Heap Max Capacity: 2010M
 Pre-touch: Disabled
 Parallel Workers: 8
 Concurrent Workers: 2
 Concurrent Refinement Workers: 8
 Periodic GC: Disabled

Heap:
 garbage-first heap   total 160768K, used 94653K [0x0000000082600000, 0x0000000100000000)
  region size 1024K, 2 young (2048K), 2 survivors (2048K)
 Metaspace       used 90001K, committed 90368K, reserved 1179648K
  class space    used 10088K, committed 10304K, reserved 1048576K

Heap Regions: E=young(eden), S=young(survivor), O=old, HS=humongous(starts), HC=humongous(continues), CS=collection set, F=free, OA=open archive, CA=closed archive, TAMS=top-at-mark-start (previous, next)
|   0|0x0000000082600000, 0x0000000082700000, 0x0000000082700000|100%|HS|  |TAMS 0x0000000082700000, 0x0000000082600000| Complete 
|   1|0x0000000082700000, 0x0000000082800000, 0x0000000082800000|100%|HC|  |TAMS 0x0000000082800000, 0x0000000082700000| Complete 
|   2|0x0000000082800000, 0x0000000082900000, 0x0000000082900000|100%|HC|  |TAMS 0x0000000082900000, 0x0000000082800000| Complete 
|   3|0x0000000082900000, 0x0000000082a00000, 0x0000000082a00000|100%|HC|  |TAMS 0x0000000082a00000, 0x0000000082900000| Complete 
|   4|0x0000000082a00000, 0x0000000082b00000, 0x0000000082b00000|100%| O|  |TAMS 0x0000000082b00000, 0x0000000082a00000| Untracked 
|   5|0x0000000082b00000, 0x0000000082c00000, 0x0000000082c00000|100%| O|  |TAMS 0x0000000082c00000, 0x0000000082b00000| Untracked 
|   6|0x0000000082c00000, 0x0000000082d00000, 0x0000000082d00000|100%| O|  |TAMS 0x0000000082d00000, 0x0000000082c00000| Untracked 
|   7|0x0000000082d00000, 0x0000000082e00000, 0x0000000082e00000|100%| O|  |TAMS 0x0000000082e00000, 0x0000000082d00000| Untracked 
|   8|0x0000000082e00000, 0x0000000082f00000, 0x0000000082f00000|100%| O|  |TAMS 0x0000000082e00000, 0x0000000082e00000| Untracked 
|   9|0x0000000082f00000, 0x0000000083000000, 0x0000000083000000|100%| O|  |TAMS 0x0000000083000000, 0x0000000082f00000| Untracked 
|  10|0x0000000083000000, 0x0000000083100000, 0x0000000083100000|100%| O|  |TAMS 0x0000000083100000, 0x0000000083000000| Untracked 
|  11|0x0000000083100000, 0x0000000083200000, 0x0000000083200000|100%| O|  |TAMS 0x0000000083200000, 0x0000000083100000| Untracked 
|  12|0x0000000083200000, 0x0000000083300000, 0x0000000083300000|100%| O|  |TAMS 0x0000000083300000, 0x0000000083200000| Untracked 
|  13|0x0000000083300000, 0x0000000083400000, 0x0000000083400000|100%| O|  |TAMS 0x0000000083400000, 0x0000000083300000| Untracked 
|  14|0x0000000083400000, 0x0000000083500000, 0x0000000083500000|100%| O|  |TAMS 0x0000000083500000, 0x0000000083400000| Untracked 
|  15|0x0000000083500000, 0x0000000083600000, 0x0000000083600000|100%| O|  |TAMS 0x0000000083600000, 0x0000000083500000| Untracked 
|  16|0x0000000083600000, 0x0000000083700000, 0x0000000083700000|100%| O|  |TAMS 0x0000000083700000, 0x0000000083600000| Untracked 
|  17|0x0000000083700000, 0x0000000083800000, 0x0000000083800000|100%| O|  |TAMS 0x0000000083800000, 0x0000000083700000| Untracked 
|  18|0x0000000083800000, 0x0000000083900000, 0x0000000083900000|100%| O|  |TAMS 0x0000000083900000, 0x0000000083800000| Untracked 
|  19|0x0000000083900000, 0x0000000083a00000, 0x0000000083a00000|100%| O|  |TAMS 0x0000000083a00000, 0x0000000083900000| Untracked 
|  20|0x0000000083a00000, 0x0000000083b00000, 0x0000000083b00000|100%| O|  |TAMS 0x0000000083b00000, 0x0000000083a00000| Untracked 
|  21|0x0000000083b00000, 0x0000000083c00000, 0x0000000083c00000|100%| O|  |TAMS 0x0000000083c00000, 0x0000000083b00000| Untracked 
|  22|0x0000000083c00000, 0x0000000083d00000, 0x0000000083d00000|100%| O|  |TAMS 0x0000000083d00000, 0x0000000083c00000| Untracked 
|  23|0x0000000083d00000, 0x0000000083e00000, 0x0000000083e00000|100%| O|  |TAMS 0x0000000083e00000, 0x0000000083d00000| Untracked 
|  24|0x0000000083e00000, 0x0000000083f00000, 0x0000000083f00000|100%| O|  |TAMS 0x0000000083f00000, 0x0000000083e00000| Untracked 
|  25|0x0000000083f00000, 0x0000000084000000, 0x0000000084000000|100%| O|  |TAMS 0x0000000084000000, 0x0000000083f00000| Untracked 
|  26|0x0000000084000000, 0x0000000084100000, 0x0000000084100000|100%|HS|  |TAMS 0x0000000084100000, 0x0000000084000000| Complete 
|  27|0x0000000084100000, 0x0000000084200000, 0x0000000084200000|100%|HC|  |TAMS 0x0000000084200000, 0x0000000084100000| Complete 
|  28|0x0000000084200000, 0x0000000084300000, 0x0000000084300000|100%| O|  |TAMS 0x0000000084300000, 0x0000000084200000| Untracked 
|  29|0x0000000084300000, 0x0000000084400000, 0x0000000084400000|100%| O|  |TAMS 0x0000000084400000, 0x0000000084300000| Untracked 
|  30|0x0000000084400000, 0x0000000084500000, 0x0000000084500000|100%| O|  |TAMS 0x0000000084500000, 0x0000000084400000| Untracked 
|  31|0x0000000084500000, 0x0000000084600000, 0x0000000084600000|100%| O|  |TAMS 0x0000000084600000, 0x0000000084500000| Untracked 
|  32|0x0000000084600000, 0x0000000084700000, 0x0000000084700000|100%| O|  |TAMS 0x0000000084700000, 0x0000000084600000| Untracked 
|  33|0x0000000084700000, 0x0000000084800000, 0x0000000084800000|100%| O|  |TAMS 0x0000000084800000, 0x0000000084700000| Untracked 
|  34|0x0000000084800000, 0x0000000084900000, 0x0000000084900000|100%| O|  |TAMS 0x0000000084900000, 0x0000000084800000| Untracked 
|  35|0x0000000084900000, 0x0000000084a00000, 0x0000000084a00000|100%| O|  |TAMS 0x0000000084a00000, 0x0000000084900000| Untracked 
|  36|0x0000000084a00000, 0x0000000084b00000, 0x0000000084b00000|100%| O|  |TAMS 0x0000000084b00000, 0x0000000084a00000| Untracked 
|  37|0x0000000084b00000, 0x0000000084c00000, 0x0000000084c00000|100%| O|  |TAMS 0x0000000084c00000, 0x0000000084b00000| Untracked 
|  38|0x0000000084c00000, 0x0000000084d00000, 0x0000000084d00000|100%| O|  |TAMS 0x0000000084d00000, 0x0000000084c00000| Untracked 
|  39|0x0000000084d00000, 0x0000000084e00000, 0x0000000084e00000|100%| O|  |TAMS 0x0000000084e00000, 0x0000000084d00000| Untracked 
|  40|0x0000000084e00000, 0x0000000084f00000, 0x0000000084f00000|100%| O|  |TAMS 0x0000000084f00000, 0x0000000084e00000| Untracked 
|  41|0x0000000084f00000, 0x0000000085000000, 0x0000000085000000|100%| O|  |TAMS 0x0000000085000000, 0x0000000084f00000| Untracked 
|  42|0x0000000085000000, 0x0000000085100000, 0x0000000085100000|100%| O|  |TAMS 0x0000000085100000, 0x0000000085000000| Untracked 
|  43|0x0000000085100000, 0x0000000085200000, 0x0000000085200000|100%| O|  |TAMS 0x0000000085200000, 0x0000000085100000| Untracked 
|  44|0x0000000085200000, 0x0000000085300000, 0x0000000085300000|100%| O|  |TAMS 0x0000000085300000, 0x0000000085200000| Untracked 
|  45|0x0000000085300000, 0x0000000085400000, 0x0000000085400000|100%| O|  |TAMS 0x0000000085300000, 0x0000000085300000| Untracked 
|  46|0x0000000085400000, 0x0000000085500000, 0x0000000085500000|100%| O|  |TAMS 0x0000000085500000, 0x0000000085400000| Untracked 
|  47|0x0000000085500000, 0x0000000085600000, 0x0000000085600000|100%| O|  |TAMS 0x0000000085600000, 0x0000000085500000| Untracked 
|  48|0x0000000085600000, 0x0000000085700000, 0x0000000085700000|100%| O|  |TAMS 0x0000000085700000, 0x0000000085600000| Untracked 
|  49|0x0000000085700000, 0x0000000085800000, 0x0000000085800000|100%| O|  |TAMS 0x0000000085800000, 0x0000000085700000| Untracked 
|  50|0x0000000085800000, 0x0000000085900000, 0x0000000085900000|100%| O|  |TAMS 0x00000000858eb000, 0x0000000085800000| Untracked 
|  51|0x0000000085900000, 0x0000000085a00000, 0x0000000085a00000|100%| O|  |TAMS 0x0000000085900000, 0x0000000085900000| Untracked 
|  52|0x0000000085a00000, 0x0000000085b00000, 0x0000000085b00000|100%| O|  |TAMS 0x0000000085a00000, 0x0000000085a00000| Untracked 
|  53|0x0000000085b00000, 0x0000000085c00000, 0x0000000085c00000|100%| O|  |TAMS 0x0000000085b00000, 0x0000000085b00000| Untracked 
|  54|0x0000000085c00000, 0x0000000085d00000, 0x0000000085d00000|100%| O|  |TAMS 0x0000000085c00000, 0x0000000085c00000| Untracked 
|  55|0x0000000085d00000, 0x0000000085e00000, 0x0000000085e00000|100%| O|  |TAMS 0x0000000085d00000, 0x0000000085d00000| Untracked 
|  56|0x0000000085e00000, 0x0000000085f00000, 0x0000000085f00000|100%| O|  |TAMS 0x0000000085e00000, 0x0000000085e00000| Untracked 
|  57|0x0000000085f00000, 0x0000000086000000, 0x0000000086000000|100%| O|  |TAMS 0x0000000085f00000, 0x0000000085f00000| Untracked 
|  58|0x0000000086000000, 0x0000000086100000, 0x0000000086100000|100%| O|  |TAMS 0x0000000086000000, 0x0000000086000000| Untracked 
|  59|0x0000000086100000, 0x0000000086200000, 0x0000000086200000|100%| O|  |TAMS 0x0000000086100000, 0x0000000086100000| Untracked 
|  60|0x0000000086200000, 0x0000000086300000, 0x0000000086300000|100%| O|  |TAMS 0x0000000086200000, 0x0000000086200000| Untracked 
|  61|0x0000000086300000, 0x0000000086400000, 0x0000000086400000|100%| O|  |TAMS 0x0000000086300000, 0x0000000086300000| Untracked 
|  62|0x0000000086400000, 0x0000000086500000, 0x0000000086500000|100%|HS|  |TAMS 0x0000000086400000, 0x0000000086400000| Complete 
|  63|0x0000000086500000, 0x0000000086600000, 0x0000000086600000|100%|HC|  |TAMS 0x0000000086500000, 0x0000000086500000| Complete 
|  64|0x0000000086600000, 0x0000000086700000, 0x0000000086700000|100%| O|  |TAMS 0x0000000086600000, 0x0000000086600000| Untracked 
|  65|0x0000000086700000, 0x0000000086800000, 0x0000000086800000|100%| O|  |TAMS 0x0000000086700000, 0x0000000086700000| Untracked 
|  66|0x0000000086800000, 0x0000000086900000, 0x0000000086900000|100%| O|  |TAMS 0x0000000086800000, 0x0000000086800000| Untracked 
|  67|0x0000000086900000, 0x0000000086a00000, 0x0000000086a00000|100%| O|  |TAMS 0x0000000086900000, 0x0000000086900000| Untracked 
|  68|0x0000000086a00000, 0x0000000086b00000, 0x0000000086b00000|100%| O|  |TAMS 0x0000000086a00000, 0x0000000086a00000| Untracked 
|  69|0x0000000086b00000, 0x0000000086c00000, 0x0000000086c00000|100%| O|  |TAMS 0x0000000086b00000, 0x0000000086b00000| Untracked 
|  70|0x0000000086c00000, 0x0000000086d00000, 0x0000000086d00000|100%| O|  |TAMS 0x0000000086c00000, 0x0000000086c00000| Untracked 
|  71|0x0000000086d00000, 0x0000000086e00000, 0x0000000086e00000|100%| O|  |TAMS 0x0000000086d00000, 0x0000000086d00000| Untracked 
|  72|0x0000000086e00000, 0x0000000086f00000, 0x0000000086f00000|100%| O|  |TAMS 0x0000000086e00000, 0x0000000086e00000| Untracked 
|  73|0x0000000086f00000, 0x0000000087000000, 0x0000000087000000|100%| O|  |TAMS 0x0000000086f00000, 0x0000000086f00000| Untracked 
|  74|0x0000000087000000, 0x0000000087100000, 0x0000000087100000|100%| O|  |TAMS 0x0000000087000000, 0x0000000087000000| Untracked 
|  75|0x0000000087100000, 0x0000000087200000, 0x0000000087200000|100%| O|  |TAMS 0x0000000087100000, 0x0000000087100000| Untracked 
|  76|0x0000000087200000, 0x0000000087300000, 0x0000000087300000|100%| O|  |TAMS 0x0000000087200000, 0x0000000087200000| Untracked 
|  77|0x0000000087300000, 0x0000000087400000, 0x0000000087400000|100%| O|  |TAMS 0x0000000087300000, 0x0000000087300000| Untracked 
|  78|0x0000000087400000, 0x0000000087500000, 0x0000000087500000|100%| O|  |TAMS 0x0000000087400000, 0x0000000087400000| Untracked 
|  79|0x0000000087500000, 0x0000000087600000, 0x0000000087600000|100%| O|  |TAMS 0x0000000087500000, 0x0000000087500000| Untracked 
|  80|0x0000000087600000, 0x0000000087700000, 0x0000000087700000|100%| O|  |TAMS 0x0000000087600000, 0x0000000087600000| Untracked 
|  81|0x0000000087700000, 0x0000000087800000, 0x0000000087800000|100%| O|  |TAMS 0x0000000087700000, 0x0000000087700000| Untracked 
|  82|0x0000000087800000, 0x0000000087900000, 0x0000000087900000|100%| O|  |TAMS 0x0000000087800000, 0x0000000087800000| Untracked 
|  83|0x0000000087900000, 0x0000000087a00000, 0x0000000087a00000|100%| O|  |TAMS 0x0000000087900000, 0x0000000087900000| Untracked 
|  84|0x0000000087a00000, 0x0000000087b00000, 0x0000000087b00000|100%| O|  |TAMS 0x0000000087a00000, 0x0000000087a00000| Untracked 
|  85|0x0000000087b00000, 0x0000000087c00000, 0x0000000087c00000|100%| O|  |TAMS 0x0000000087b00000, 0x0000000087b00000| Untracked 
|  86|0x0000000087c00000, 0x0000000087d00000, 0x0000000087d00000|100%| O|  |TAMS 0x0000000087c00000, 0x0000000087c00000| Untracked 
|  87|0x0000000087d00000, 0x0000000087e00000, 0x0000000087e00000|100%| O|  |TAMS 0x0000000087d00000, 0x0000000087d00000| Untracked 
|  88|0x0000000087e00000, 0x0000000087f00000, 0x0000000087f00000|100%| O|  |TAMS 0x0000000087e00000, 0x0000000087e00000| Untracked 
|  89|0x0000000087f00000, 0x0000000088000000, 0x0000000088000000|100%| O|  |TAMS 0x0000000087f00000, 0x0000000087f00000| Untracked 
|  90|0x0000000088000000, 0x0000000088079c00, 0x0000000088100000| 47%| O|  |TAMS 0x0000000088000000, 0x0000000088000000| Untracked 
|  91|0x0000000088100000, 0x0000000088100000, 0x0000000088200000|  0%| F|  |TAMS 0x0000000088100000, 0x0000000088100000| Untracked 
|  92|0x0000000088200000, 0x0000000088200000, 0x0000000088300000|  0%| F|  |TAMS 0x0000000088200000, 0x0000000088200000| Untracked 
|  93|0x0000000088300000, 0x0000000088300000, 0x0000000088400000|  0%| F|  |TAMS 0x0000000088300000, 0x0000000088300000| Untracked 
|  94|0x0000000088400000, 0x0000000088400000, 0x0000000088500000|  0%| F|  |TAMS 0x0000000088400000, 0x0000000088400000| Untracked 
|  95|0x0000000088500000, 0x0000000088500000, 0x0000000088600000|  0%| F|  |TAMS 0x0000000088500000, 0x0000000088500000| Untracked 
|  96|0x0000000088600000, 0x0000000088600000, 0x0000000088700000|  0%| F|  |TAMS 0x0000000088600000, 0x0000000088600000| Untracked 
|  97|0x0000000088700000, 0x0000000088700000, 0x0000000088800000|  0%| F|  |TAMS 0x0000000088700000, 0x0000000088700000| Untracked 
|  98|0x0000000088800000, 0x0000000088800000, 0x0000000088900000|  0%| F|  |TAMS 0x0000000088800000, 0x0000000088800000| Untracked 
|  99|0x0000000088900000, 0x0000000088900000, 0x0000000088a00000|  0%| F|  |TAMS 0x0000000088900000, 0x0000000088900000| Untracked 
| 100|0x0000000088a00000, 0x0000000088a00000, 0x0000000088b00000|  0%| F|  |TAMS 0x0000000088a00000, 0x0000000088a00000| Untracked 
| 101|0x0000000088b00000, 0x0000000088b00000, 0x0000000088c00000|  0%| F|  |TAMS 0x0000000088b00000, 0x0000000088b00000| Untracked 
| 102|0x0000000088c00000, 0x0000000088c00000, 0x0000000088d00000|  0%| F|  |TAMS 0x0000000088c00000, 0x0000000088c00000| Untracked 
| 103|0x0000000088d00000, 0x0000000088d00000, 0x0000000088e00000|  0%| F|  |TAMS 0x0000000088d00000, 0x0000000088d00000| Untracked 
| 104|0x0000000088e00000, 0x0000000088e00000, 0x0000000088f00000|  0%| F|  |TAMS 0x0000000088e00000, 0x0000000088e00000| Untracked 
| 105|0x0000000088f00000, 0x0000000088f00000, 0x0000000089000000|  0%| F|  |TAMS 0x0000000088f00000, 0x0000000088f00000| Untracked 
| 106|0x0000000089000000, 0x0000000089000000, 0x0000000089100000|  0%| F|  |TAMS 0x0000000089000000, 0x0000000089000000| Untracked 
| 107|0x0000000089100000, 0x0000000089100000, 0x0000000089200000|  0%| F|  |TAMS 0x0000000089100000, 0x0000000089100000| Untracked 
| 108|0x0000000089200000, 0x0000000089200000, 0x0000000089300000|  0%| F|  |TAMS 0x0000000089200000, 0x0000000089200000| Untracked 
| 109|0x0000000089300000, 0x0000000089300000, 0x0000000089400000|  0%| F|  |TAMS 0x0000000089300000, 0x0000000089300000| Untracked 
| 110|0x0000000089400000, 0x0000000089400000, 0x0000000089500000|  0%| F|  |TAMS 0x0000000089400000, 0x0000000089400000| Untracked 
| 111|0x0000000089500000, 0x0000000089500000, 0x0000000089600000|  0%| F|  |TAMS 0x0000000089500000, 0x0000000089500000| Untracked 
| 112|0x0000000089600000, 0x0000000089600000, 0x0000000089700000|  0%| F|  |TAMS 0x0000000089600000, 0x0000000089600000| Untracked 
| 113|0x0000000089700000, 0x0000000089700000, 0x0000000089800000|  0%| F|  |TAMS 0x0000000089700000, 0x0000000089700000| Untracked 
| 114|0x0000000089800000, 0x0000000089800000, 0x0000000089900000|  0%| F|  |TAMS 0x0000000089800000, 0x0000000089800000| Untracked 
| 115|0x0000000089900000, 0x0000000089900000, 0x0000000089a00000|  0%| F|  |TAMS 0x0000000089900000, 0x0000000089900000| Untracked 
| 116|0x0000000089a00000, 0x0000000089a00000, 0x0000000089b00000|  0%| F|  |TAMS 0x0000000089a00000, 0x0000000089a00000| Untracked 
| 117|0x0000000089b00000, 0x0000000089b00000, 0x0000000089c00000|  0%| F|  |TAMS 0x0000000089b00000, 0x0000000089b00000| Untracked 
| 118|0x0000000089c00000, 0x0000000089cf5868, 0x0000000089d00000| 95%| S|CS|TAMS 0x0000000089c00000, 0x0000000089c00000| Complete 
| 119|0x0000000089d00000, 0x0000000089e00000, 0x0000000089e00000|100%| S|CS|TAMS 0x0000000089d00000, 0x0000000089d00000| Complete 
| 120|0x0000000089e00000, 0x0000000089e00000, 0x0000000089f00000|  0%| F|  |TAMS 0x0000000089e00000, 0x0000000089e00000| Untracked 
| 121|0x0000000089f00000, 0x0000000089f00000, 0x000000008a000000|  0%| F|  |TAMS 0x0000000089f00000, 0x0000000089f00000| Untracked 
| 122|0x000000008a000000, 0x000000008a000000, 0x000000008a100000|  0%| F|  |TAMS 0x000000008a000000, 0x000000008a000000| Untracked 
| 123|0x000000008a100000, 0x000000008a100000, 0x000000008a200000|  0%| F|  |TAMS 0x000000008a100000, 0x000000008a100000| Untracked 
| 124|0x000000008a200000, 0x000000008a200000, 0x000000008a300000|  0%| F|  |TAMS 0x000000008a200000, 0x000000008a200000| Untracked 
| 125|0x000000008a300000, 0x000000008a300000, 0x000000008a400000|  0%| F|  |TAMS 0x000000008a300000, 0x000000008a300000| Untracked 
| 126|0x000000008a400000, 0x000000008a400000, 0x000000008a500000|  0%| F|  |TAMS 0x000000008a400000, 0x000000008a400000| Untracked 
| 127|0x000000008a500000, 0x000000008a500000, 0x000000008a600000|  0%| F|  |TAMS 0x000000008a500000, 0x000000008a500000| Untracked 
| 128|0x000000008a600000, 0x000000008a600000, 0x000000008a700000|  0%| F|  |TAMS 0x000000008a600000, 0x000000008a600000| Untracked 
| 129|0x000000008a700000, 0x000000008a700000, 0x000000008a800000|  0%| F|  |TAMS 0x000000008a700000, 0x000000008a700000| Untracked 
| 130|0x000000008a800000, 0x000000008a800000, 0x000000008a900000|  0%| F|  |TAMS 0x000000008a800000, 0x000000008a800000| Untracked 
| 131|0x000000008a900000, 0x000000008a900000, 0x000000008aa00000|  0%| F|  |TAMS 0x000000008a900000, 0x000000008a900000| Untracked 
| 132|0x000000008aa00000, 0x000000008aa00000, 0x000000008ab00000|  0%| F|  |TAMS 0x000000008aa00000, 0x000000008aa00000| Untracked 
| 133|0x000000008ab00000, 0x000000008ab00000, 0x000000008ac00000|  0%| F|  |TAMS 0x000000008ab00000, 0x000000008ab00000| Untracked 
| 134|0x000000008ac00000, 0x000000008ac00000, 0x000000008ad00000|  0%| F|  |TAMS 0x000000008ac00000, 0x000000008ac00000| Untracked 
| 135|0x000000008ad00000, 0x000000008ad00000, 0x000000008ae00000|  0%| F|  |TAMS 0x000000008ad00000, 0x000000008ad00000| Untracked 
| 136|0x000000008ae00000, 0x000000008ae00000, 0x000000008af00000|  0%| F|  |TAMS 0x000000008ae00000, 0x000000008ae00000| Untracked 
| 137|0x000000008af00000, 0x000000008af00000, 0x000000008b000000|  0%| F|  |TAMS 0x000000008af00000, 0x000000008af00000| Untracked 
| 138|0x000000008b000000, 0x000000008b000000, 0x000000008b100000|  0%| F|  |TAMS 0x000000008b000000, 0x000000008b000000| Untracked 
| 139|0x000000008b100000, 0x000000008b100000, 0x000000008b200000|  0%| F|  |TAMS 0x000000008b100000, 0x000000008b100000| Untracked 
| 140|0x000000008b200000, 0x000000008b200000, 0x000000008b300000|  0%| F|  |TAMS 0x000000008b200000, 0x000000008b200000| Untracked 
| 141|0x000000008b300000, 0x000000008b300000, 0x000000008b400000|  0%| F|  |TAMS 0x000000008b300000, 0x000000008b300000| Untracked 
| 142|0x000000008b400000, 0x000000008b400000, 0x000000008b500000|  0%| F|  |TAMS 0x000000008b400000, 0x000000008b400000| Untracked 
| 143|0x000000008b500000, 0x000000008b500000, 0x000000008b600000|  0%| F|  |TAMS 0x000000008b500000, 0x000000008b500000| Untracked 
| 144|0x000000008b600000, 0x000000008b600000, 0x000000008b700000|  0%| F|  |TAMS 0x000000008b600000, 0x000000008b600000| Untracked 
| 145|0x000000008b700000, 0x000000008b700000, 0x000000008b800000|  0%| F|  |TAMS 0x000000008b700000, 0x000000008b700000| Untracked 
| 146|0x000000008b800000, 0x000000008b800000, 0x000000008b900000|  0%| F|  |TAMS 0x000000008b800000, 0x000000008b800000| Untracked 
| 147|0x000000008b900000, 0x000000008b900000, 0x000000008ba00000|  0%| F|  |TAMS 0x000000008b900000, 0x000000008b900000| Untracked 
| 148|0x000000008ba00000, 0x000000008ba00000, 0x000000008bb00000|  0%| F|  |TAMS 0x000000008ba00000, 0x000000008ba00000| Untracked 
| 149|0x000000008bb00000, 0x000000008bb00000, 0x000000008bc00000|  0%| F|  |TAMS 0x000000008bb00000, 0x000000008bb00000| Untracked 
| 150|0x000000008bc00000, 0x000000008bc00000, 0x000000008bd00000|  0%| F|  |TAMS 0x000000008bc00000, 0x000000008bc00000| Untracked 
| 151|0x000000008bd00000, 0x000000008bd00000, 0x000000008be00000|  0%| F|  |TAMS 0x000000008bd00000, 0x000000008bd00000| Untracked 
| 152|0x000000008be00000, 0x000000008be00000, 0x000000008bf00000|  0%| F|  |TAMS 0x000000008be00000, 0x000000008be00000| Untracked 
| 153|0x000000008bf00000, 0x000000008bf00000, 0x000000008c000000|  0%| F|  |TAMS 0x000000008bf00000, 0x000000008bf00000| Untracked 
| 154|0x000000008c000000, 0x000000008c000000, 0x000000008c100000|  0%| F|  |TAMS 0x000000008c000000, 0x000000008c000000| Untracked 
| 155|0x000000008c100000, 0x000000008c100000, 0x000000008c200000|  0%| F|  |TAMS 0x000000008c100000, 0x000000008c100000| Untracked 
| 156|0x000000008c200000, 0x000000008c200000, 0x000000008c300000|  0%| F|  |TAMS 0x000000008c200000, 0x000000008c200000| Untracked 

Card table byte_map: [0x00000290a8810000,0x00000290a8c00000] _byte_map_base: 0x00000290a83fd000

Marking Bits (Prev, Next): (CMBitMap*) 0x0000029093d56ce0, (CMBitMap*) 0x0000029093d56ca0
 Prev Bits: [0x00000290aaf60000, 0x00000290acec8000)
 Next Bits: [0x00000290a8ff0000, 0x00000290aaf58000)

Polling page: 0x0000029093db0000

Metaspace:

Usage:
  Non-class:     78.04 MB used.
      Class:      9.85 MB used.
       Both:     87.89 MB used.

Virtual space:
  Non-class space:      128.00 MB reserved,      78.19 MB ( 61%) committed,  2 nodes.
      Class space:        1.00 GB reserved,      10.06 MB ( <1%) committed,  1 nodes.
             Both:        1.12 GB reserved,      88.25 MB (  8%) committed. 

Chunk freelists:
   Non-Class:  1.00 MB
       Class:  5.80 MB
        Both:  6.80 MB

MaxMetaspaceSize: unlimited
CompressedClassSpaceSize: 1.00 GB
Initial GC threshold: 21.00 MB
Current GC threshold: 101.38 MB
CDS: off
MetaspaceReclaimPolicy: balanced
 - commit_granule_bytes: 65536.
 - commit_granule_words: 8192.
 - virtual_space_node_default_size: 8388608.
 - enlarge_chunks_in_place: 1.
 - new_chunks_are_fully_committed: 0.
 - uncommit_free_chunks: 1.
 - use_allocation_guard: 0.
 - handle_deallocations: 1.


Internal statistics:

num_allocs_failed_limit: 6.
num_arena_births: 492.
num_arena_deaths: 0.
num_vsnodes_births: 3.
num_vsnodes_deaths: 0.
num_space_committed: 1410.
num_space_uncommitted: 0.
num_chunks_returned_to_freelist: 6.
num_chunks_taken_from_freelist: 3469.
num_chunk_merges: 6.
num_chunk_splits: 2791.
num_chunks_enlarged: 2411.
num_inconsistent_stats: 0.

CodeHeap 'non-profiled nmethods': size=120000Kb used=6920Kb max_used=6920Kb free=113079Kb
 bounds [0x00000290a0480000, 0x00000290a0b50000, 0x00000290a79b0000]
CodeHeap 'profiled nmethods': size=120000Kb used=38017Kb max_used=38017Kb free=81982Kb
 bounds [0x00000290989b0000, 0x000002909aee0000, 0x000002909fee0000]
CodeHeap 'non-nmethods': size=5760Kb used=1406Kb max_used=1473Kb free=4353Kb
 bounds [0x000002909fee0000, 0x00000290a0150000, 0x00000290a0480000]
 total_blobs=13949 nmethods=13211 adapters=647
 compilation: enabled
              stopped_count=0, restarted_count=0
 full_count=0

Compilation events (20 events):
Event: 19.968 Thread 0x00000290afb696f0 16075       3       org.jetbrains.kotlin.backend.jvm.mapping.IrTypeMapper::getClassInternalName (24 bytes)
Event: 19.969 Thread 0x00000290afb696f0 nmethod 16075 0x000002909aec2f10 code [0x000002909aec3160, 0x000002909aec39d8]
Event: 19.969 Thread 0x00000290afb696f0 16076       3       org.jetbrains.kotlin.backend.jvm.mapping.IrTypeMapper::classInternalName (101 bytes)
Event: 19.970 Thread 0x00000290afb696f0 nmethod 16076 0x000002909aec3c90 code [0x000002909aec4040, 0x000002909aec55c8]
Event: 19.970 Thread 0x00000290afb696f0 16048       3       org.jetbrains.kotlin.ir.util.IrUtilsKt::isTopLevel (88 bytes)
Event: 19.971 Thread 0x00000290afb696f0 nmethod 16048 0x000002909aec5d90 code [0x000002909aec6020, 0x000002909aec6eb8]
Event: 19.971 Thread 0x00000290afb696f0 16035       3       org.jetbrains.kotlin.backend.jvm.mapping.MethodSignatureMapper::getJvmMethodNameIfSpecial (44 bytes)
Event: 19.972 Thread 0x00000290afb696f0 nmethod 16035 0x000002909aec7210 code [0x000002909aec7440, 0x000002909aec7b38]
Event: 19.972 Thread 0x00000290afb696f0 16037       3       org.jetbrains.kotlin.backend.jvm.mapping.MethodSignatureMapper::mangleMemberNameIfRequired (240 bytes)
Event: 19.974 Thread 0x00000290afb696f0 nmethod 16037 0x000002909aec7d10 code [0x000002909aec8200, 0x000002909aeca108]
Event: 19.974 Thread 0x00000290afb696f0 16038       3       org.jetbrains.kotlin.backend.jvm.mapping.MethodSignatureMapper::getDifferentNameForJvmBuiltinFunction (286 bytes)
Event: 19.977 Thread 0x00000290afb696f0 nmethod 16038 0x000002909aecab90 code [0x000002909aecb020, 0x000002909aecda68]
Event: 19.977 Thread 0x00000290afb696f0 16049       3       org.jetbrains.kotlin.backend.jvm.mapping.IrTypeMapper::writeFormalTypeParameters (97 bytes)
Event: 19.978 Thread 0x00000290afb696f0 nmethod 16049 0x000002909aece890 code [0x000002909aecebe0, 0x000002909aed0068]
Event: 19.978 Thread 0x00000290afb696f0 16051       3       org.jetbrains.kotlin.backend.jvm.mapping.MethodSignatureMapper::mapReturnType (167 bytes)
Event: 19.979 Thread 0x00000290b5e70760 16084       4       jdk.internal.org.objectweb.asm.ByteVector::put12 (64 bytes)
Event: 19.981 Thread 0x00000290afb696f0 nmethod 16051 0x000002909aed0690 code [0x000002909aed0b60, 0x000002909aed2fb8]
Event: 19.981 Thread 0x00000290afb696f0 16052       3       org.jetbrains.kotlin.backend.jvm.mapping.MethodSignatureMapper::hasVoidReturnType (33 bytes)
Event: 19.984 Thread 0x00000290afb696f0 nmethod 16052 0x000002909aed3990 code [0x000002909aed3c00, 0x000002909aed45c8]
Event: 19.984 Thread 0x00000290afb696f0 16053       3       org.jetbrains.kotlin.backend.jvm.mapping.MethodSignatureMapper::toIrBasedDescriptorWithOriginalOverrides (99 bytes)

GC Heap History (20 events):
Event: 6.984 GC heap after
{Heap after GC invocations=22 (full 0):
 garbage-first heap   total 89088K, used 51431K [0x0000000082600000, 0x0000000100000000)
  region size 1024K, 3 young (3072K), 3 survivors (3072K)
 Metaspace       used 60149K, committed 60416K, reserved 1114112K
  class space    used 7223K, committed 7360K, reserved 1048576K
}
Event: 7.046 GC heap before
{Heap before GC invocations=22 (full 0):
 garbage-first heap   total 89088K, used 51431K [0x0000000082600000, 0x0000000100000000)
  region size 1024K, 4 young (4096K), 3 survivors (3072K)
 Metaspace       used 60343K, committed 60672K, reserved 1114112K
  class space    used 7240K, committed 7424K, reserved 1048576K
}
Event: 7.052 GC heap after
{Heap after GC invocations=23 (full 0):
 garbage-first heap   total 89088K, used 51651K [0x0000000082600000, 0x0000000100000000)
  region size 1024K, 1 young (1024K), 1 survivors (1024K)
 Metaspace       used 60343K, committed 60672K, reserved 1114112K
  class space    used 7240K, committed 7424K, reserved 1048576K
}
Event: 7.559 GC heap before
{Heap before GC invocations=23 (full 0):
 garbage-first heap   total 89088K, used 71107K [0x0000000082600000, 0x0000000100000000)
  region size 1024K, 20 young (20480K), 1 survivors (1024K)
 Metaspace       used 61836K, committed 62208K, reserved 1114112K
  class space    used 7371K, committed 7552K, reserved 1048576K
}
Event: 7.565 GC heap after
{Heap after GC invocations=24 (full 0):
 garbage-first heap   total 160768K, used 53710K [0x0000000082600000, 0x0000000100000000)
  region size 1024K, 3 young (3072K), 3 survivors (3072K)
 Metaspace       used 61836K, committed 62208K, reserved 1114112K
  class space    used 7371K, committed 7552K, reserved 1048576K
}
Event: 9.841 GC heap before
{Heap before GC invocations=25 (full 0):
 garbage-first heap   total 160768K, used 120270K [0x0000000082600000, 0x0000000100000000)
  region size 1024K, 67 young (68608K), 3 survivors (3072K)
 Metaspace       used 65579K, committed 65920K, reserved 1114112K
  class space    used 7745K, committed 7936K, reserved 1048576K
}
Event: 9.858 GC heap after
{Heap after GC invocations=26 (full 0):
 garbage-first heap   total 160768K, used 62040K [0x0000000082600000, 0x0000000100000000)
  region size 1024K, 9 young (9216K), 9 survivors (9216K)
 Metaspace       used 65579K, committed 65920K, reserved 1114112K
  class space    used 7745K, committed 7936K, reserved 1048576K
}
Event: 9.919 GC heap before
{Heap before GC invocations=26 (full 0):
 garbage-first heap   total 160768K, used 63064K [0x0000000082600000, 0x0000000100000000)
  region size 1024K, 10 young (10240K), 9 survivors (9216K)
 Metaspace       used 65635K, committed 65984K, reserved 1114112K
  class space    used 7747K, committed 7936K, reserved 1048576K
}
Event: 9.940 GC heap after
{Heap after GC invocations=27 (full 0):
 garbage-first heap   total 160768K, used 62557K [0x0000000082600000, 0x0000000100000000)
  region size 1024K, 1 young (1024K), 1 survivors (1024K)
 Metaspace       used 65635K, committed 65984K, reserved 1114112K
  class space    used 7747K, committed 7936K, reserved 1048576K
}
Event: 12.273 GC heap before
{Heap before GC invocations=27 (full 0):
 garbage-first heap   total 160768K, used 119901K [0x0000000082600000, 0x0000000100000000)
  region size 1024K, 55 young (56320K), 1 survivors (1024K)
 Metaspace       used 66784K, committed 67136K, reserved 1114112K
  class space    used 7752K, committed 7936K, reserved 1048576K
}
Event: 12.286 GC heap after
{Heap after GC invocations=28 (full 0):
 garbage-first heap   total 160768K, used 68040K [0x0000000082600000, 0x0000000100000000)
  region size 1024K, 5 young (5120K), 5 survivors (5120K)
 Metaspace       used 66784K, committed 67136K, reserved 1114112K
  class space    used 7752K, committed 7936K, reserved 1048576K
}
Event: 13.956 GC heap before
{Heap before GC invocations=28 (full 0):
 garbage-first heap   total 160768K, used 122312K [0x0000000082600000, 0x0000000100000000)
  region size 1024K, 58 young (59392K), 5 survivors (5120K)
 Metaspace       used 71546K, committed 71872K, reserved 1114112K
  class space    used 8223K, committed 8384K, reserved 1048576K
}
Event: 13.970 GC heap after
{Heap after GC invocations=29 (full 0):
 garbage-first heap   total 160768K, used 72128K [0x0000000082600000, 0x0000000100000000)
  region size 1024K, 8 young (8192K), 8 survivors (8192K)
 Metaspace       used 71546K, committed 71872K, reserved 1114112K
  class space    used 8223K, committed 8384K, reserved 1048576K
}
Event: 15.965 GC heap before
{Heap before GC invocations=29 (full 0):
 garbage-first heap   total 160768K, used 126400K [0x0000000082600000, 0x0000000100000000)
  region size 1024K, 61 young (62464K), 8 survivors (8192K)
 Metaspace       used 76668K, committed 76992K, reserved 1179648K
  class space    used 8802K, committed 8960K, reserved 1048576K
}
Event: 15.990 GC heap after
{Heap after GC invocations=30 (full 0):
 garbage-first heap   total 160768K, used 78953K [0x0000000082600000, 0x0000000100000000)
  region size 1024K, 8 young (8192K), 8 survivors (8192K)
 Metaspace       used 76668K, committed 76992K, reserved 1179648K
  class space    used 8802K, committed 8960K, reserved 1048576K
}
Event: 17.436 GC heap before
{Heap before GC invocations=30 (full 0):
 garbage-first heap   total 160768K, used 127081K [0x0000000082600000, 0x0000000100000000)
  region size 1024K, 55 young (56320K), 8 survivors (8192K)
 Metaspace       used 79661K, committed 80000K, reserved 1179648K
  class space    used 9131K, committed 9280K, reserved 1048576K
}
Event: 17.464 GC heap after
{Heap after GC invocations=31 (full 0):
 garbage-first heap   total 160768K, used 87386K [0x0000000082600000, 0x0000000100000000)
  region size 1024K, 7 young (7168K), 7 survivors (7168K)
 Metaspace       used 79661K, committed 80000K, reserved 1179648K
  class space    used 9131K, committed 9280K, reserved 1048576K
}
Event: 18.627 GC heap before
{Heap before GC invocations=31 (full 0):
 garbage-first heap   total 160768K, used 128346K [0x0000000082600000, 0x0000000100000000)
  region size 1024K, 47 young (48128K), 7 survivors (7168K)
 Metaspace       used 86376K, committed 86720K, reserved 1179648K
  class space    used 9819K, committed 9984K, reserved 1048576K
}
Event: 18.648 GC heap after
{Heap after GC invocations=32 (full 0):
 garbage-first heap   total 160768K, used 92648K [0x0000000082600000, 0x0000000100000000)
  region size 1024K, 5 young (5120K), 5 survivors (5120K)
 Metaspace       used 86376K, committed 86720K, reserved 1179648K
  class space    used 9819K, committed 9984K, reserved 1048576K
}
Event: 19.988 GC heap before
{Heap before GC invocations=32 (full 0):
 garbage-first heap   total 160768K, used 130536K [0x0000000082600000, 0x0000000100000000)
  region size 1024K, 42 young (43008K), 5 survivors (5120K)
 Metaspace       used 90001K, committed 90368K, reserved 1179648K
  class space    used 10088K, committed 10304K, reserved 1048576K
}

Dll operation events (2 events):
Event: 0.008 Loaded shared library C:\Program Files\Android\Android Studio\jbr\bin\java.dll
Event: 1.659 Loaded shared library C:\Program Files\Android\Android Studio\jbr\bin\verify.dll

Deoptimization events (20 events):
Event: 19.824 Thread 0x0000029093cfa850 Uncommon trap: trap_request=0xffffffde fr.pc=0x00000290a08e4108 relative=0x0000000000000248
Event: 19.824 Thread 0x0000029093cfa850 Uncommon trap: reason=class_check action=maybe_recompile pc=0x00000290a08e4108 method=org.jetbrains.kotlin.utils.ThreadLocalDelegate.getValue(Ljava/lang/Object;Lkotlin/reflect/KProperty;)Ljava/lang/Object; @ 42 c2
Event: 19.824 Thread 0x0000029093cfa850 DEOPT PACKING pc=0x00000290a08e4108 sp=0x000000f9a85fd7c0
Event: 19.824 Thread 0x0000029093cfa850 DEOPT UNPACKING pc=0x000002909ff369a3 sp=0x000000f9a85fd750 mode 2
Event: 19.824 Thread 0x0000029093cfa850 Uncommon trap: trap_request=0xffffffde fr.pc=0x00000290a08e4108 relative=0x0000000000000248
Event: 19.824 Thread 0x0000029093cfa850 Uncommon trap: reason=class_check action=maybe_recompile pc=0x00000290a08e4108 method=org.jetbrains.kotlin.utils.ThreadLocalDelegate.getValue(Ljava/lang/Object;Lkotlin/reflect/KProperty;)Ljava/lang/Object; @ 42 c2
Event: 19.824 Thread 0x0000029093cfa850 DEOPT PACKING pc=0x00000290a08e4108 sp=0x000000f9a85fd7c0
Event: 19.824 Thread 0x0000029093cfa850 DEOPT UNPACKING pc=0x000002909ff369a3 sp=0x000000f9a85fd750 mode 2
Event: 19.904 Thread 0x0000029093cfa850 Uncommon trap: trap_request=0xffffff45 fr.pc=0x00000290a0850d74 relative=0x0000000000003374
Event: 19.904 Thread 0x0000029093cfa850 Uncommon trap: reason=unstable_if action=reinterpret pc=0x00000290a0850d74 method=org.jetbrains.kotlin.utils.SmartSet.add(Ljava/lang/Object;)Z @ 32 c2
Event: 19.905 Thread 0x0000029093cfa850 DEOPT PACKING pc=0x00000290a0850d74 sp=0x000000f9a85fda00
Event: 19.905 Thread 0x0000029093cfa850 DEOPT UNPACKING pc=0x000002909ff369a3 sp=0x000000f9a85fd9e8 mode 2
Event: 19.956 Thread 0x0000029093cfa850 Uncommon trap: trap_request=0xffffff45 fr.pc=0x00000290a07d4598 relative=0x00000000000000f8
Event: 19.956 Thread 0x0000029093cfa850 Uncommon trap: reason=unstable_if action=reinterpret pc=0x00000290a07d4598 method=java.lang.StringLatin1.lastIndexOf([BI[BII)I @ 32 c2
Event: 19.956 Thread 0x0000029093cfa850 DEOPT PACKING pc=0x00000290a07d4598 sp=0x000000f9a85fd910
Event: 19.956 Thread 0x0000029093cfa850 DEOPT UNPACKING pc=0x000002909ff369a3 sp=0x000000f9a85fd770 mode 2
Event: 19.981 Thread 0x0000029093cfa850 Uncommon trap: trap_request=0xffffffc6 fr.pc=0x00000290a071e334 relative=0x00000000000002f4
Event: 19.981 Thread 0x0000029093cfa850 Uncommon trap: reason=bimorphic_or_optimized_type_check action=maybe_recompile pc=0x00000290a071e334 method=org.jetbrains.kotlin.util.slicedMap.SlicedMapImpl.get(Lorg/jetbrains/kotlin/util/slicedMap/ReadOnlySlice;Ljava/lang/Object;)Ljava/lang/Object; @ 35
Event: 19.981 Thread 0x0000029093cfa850 DEOPT PACKING pc=0x00000290a071e334 sp=0x000000f9a85fd540
Event: 19.981 Thread 0x0000029093cfa850 DEOPT UNPACKING pc=0x000002909ff369a3 sp=0x000000f9a85fd4e8 mode 2

Classes unloaded (0 events):
No events

Classes redefined (0 events):
No events

Internal exceptions (20 events):
Event: 6.517 Thread 0x0000029093cfa850 Exception <a 'java/lang/NoSuchMethodError'{0x0000000086f12818}: 'java.lang.Object java.lang.invoke.DirectMethodHandle$Holder.newInvokeSpecial(java.lang.Object, java.lang.Object, java.lang.Object, java.lang.Object, java.lang.Object, java.lang.Object, java.lang.Object)'> (0x0000000086f12818) 
thrown [s\src\hotspot\share\interpreter\linkResolver.cpp, line 771]
Event: 6.517 Thread 0x0000029093cfa850 Exception <a 'java/lang/NoSuchMethodError'{0x0000000086f173d0}: 'java.lang.Object java.lang.invoke.Invokers$Holder.linkToTargetMethod(java.lang.Object, java.lang.Object, java.lang.Object, java.lang.Object, java.lang.Object, java.lang.Object, java.lang.Object)'> (0x0000000086f173d0) 
thrown [s\src\hotspot\share\interpreter\linkResolver.cpp, line 771]
Event: 8.388 Thread 0x0000029093cfa850 Implicit null exception at 0x00000290a072b8c0 to 0x00000290a072b949
Event: 9.045 Thread 0x0000029093cfa850 Exception <a 'java/lang/NoSuchMethodError'{0x00000000892eb548}: 'void java.lang.invoke.DirectMethodHandle$Holder.invokeSpecial(java.lang.Object, java.lang.Object, int, java.lang.Object)'> (0x00000000892eb548) 
thrown [s\src\hotspot\share\interpreter\linkResolver.cpp, line 771]
Event: 9.111 Thread 0x0000029093cfa850 Implicit null exception at 0x00000290a0650d8c to 0x00000290a0650e0f
Event: 9.791 Thread 0x0000029093cfa850 Implicit null exception at 0x00000290a070bf93 to 0x00000290a070d8cc
Event: 13.445 Thread 0x0000029093cfa850 Implicit null exception at 0x00000290a08d35b3 to 0x00000290a08d3720
Event: 13.516 Thread 0x0000029093cfa850 Exception <a 'java/lang/NoSuchMethodError'{0x0000000089835648}: 'java.lang.Object java.lang.invoke.DirectMethodHandle$Holder.invokeStaticInit(java.lang.Object, java.lang.Object, java.lang.Object, java.lang.Object)'> (0x0000000089835648) 
thrown [s\src\hotspot\share\interpreter\linkResolver.cpp, line 771]
Event: 14.093 Thread 0x0000029093cfa850 Exception <a 'java/lang/NoSuchMethodError'{0x000000008bfaa088}: 'java.lang.Object java.lang.invoke.DirectMethodHandle$Holder.newInvokeSpecial(java.lang.Object, java.lang.Object, java.lang.Object, int, int)'> (0x000000008bfaa088) 
thrown [s\src\hotspot\share\interpreter\linkResolver.cpp, line 771]
Event: 14.093 Thread 0x0000029093cfa850 Exception <a 'java/lang/NoSuchMethodError'{0x000000008bfadec8}: 'java.lang.Object java.lang.invoke.DirectMethodHandle$Holder.invokeSpecial(java.lang.Object, java.lang.Object, java.lang.Object, java.lang.Object, int, int)'> (0x000000008bfadec8) 
thrown [s\src\hotspot\share\interpreter\linkResolver.cpp, line 771]
Event: 14.468 Thread 0x0000029093cfa850 Implicit null exception at 0x00000290a04eca6f to 0x00000290a04eccb4
Event: 14.515 Thread 0x0000029093cfa850 Exception <a 'java/lang/NoSuchMethodError'{0x000000008b3b5c10}: 'java.lang.Object java.lang.invoke.DirectMethodHandle$Holder.invokeSpecial(java.lang.Object, java.lang.Object, int, int, java.lang.Object, java.lang.Object, java.lang.Object, java.lang.Object, java.lang.Object)'> (0x000000008b3b5c10) 
thrown [s\src\hotspot\share\interpreter\linkResolver.cpp, line 771]
Event: 14.537 Thread 0x0000029093cfa850 Exception <a 'java/lang/NoSuchMethodError'{0x000000008b204090}: 'java.lang.Object java.lang.invoke.DirectMethodHandle$Holder.newInvokeSpecial(java.lang.Object, java.lang.Object, int, int, java.lang.Object, java.lang.Object, java.lang.Object)'> (0x000000008b204090) 
thrown [s\src\hotspot\share\interpreter\linkResolver.cpp, line 771]
Event: 14.538 Thread 0x0000029093cfa850 Exception <a 'java/lang/NoSuchMethodError'{0x000000008b208938}: 'java.lang.Object java.lang.invoke.DirectMethodHandle$Holder.invokeSpecial(java.lang.Object, java.lang.Object, java.lang.Object, int, int, java.lang.Object, java.lang.Object, java.lang.Object)'> (0x000000008b208938) 
thrown [s\src\hotspot\share\interpreter\linkResolver.cpp, line 771]
Event: 14.635 Thread 0x0000029093cfa850 Exception <a 'java/lang/NoSuchMethodError'{0x000000008b035ce0}: 'java.lang.Object java.lang.invoke.DirectMethodHandle$Holder.invokeStatic(java.lang.Object, java.lang.Object, java.lang.Object, int, int, java.lang.Object, java.lang.Object, java.lang.Object, java.lang.Object)'> (0x000000008b035ce0) 
thrown [s\src\hotspot\share\interpreter\linkResolver.cpp, line 771]
Event: 14.636 Thread 0x0000029093cfa850 Exception <a 'java/lang/NoSuchMethodError'{0x000000008b03ffa8}: 'java.lang.Object java.lang.invoke.DirectMethodHandle$Holder.newInvokeSpecial(java.lang.Object, java.lang.Object, java.lang.Object, int, int, java.lang.Object)'> (0x000000008b03ffa8) 
thrown [s\src\hotspot\share\interpreter\linkResolver.cpp, line 771]
Event: 14.636 Thread 0x0000029093cfa850 Exception <a 'java/lang/NoSuchMethodError'{0x000000008b047948}: 'java.lang.Object java.lang.invoke.Invokers$Holder.linkToTargetMethod(java.lang.Object, java.lang.Object, int, int, java.lang.Object, java.lang.Object)'> (0x000000008b047948) 
thrown [s\src\hotspot\share\interpreter\linkResolver.cpp, line 771]
Event: 18.593 Thread 0x0000029093cfa850 Implicit null exception at 0x00000290a0aad26d to 0x00000290a0aae3a4
Event: 19.652 Thread 0x0000029093cfa850 Implicit null exception at 0x00000290a0b08e25 to 0x00000290a0b09f6b
Event: 19.656 Thread 0x0000029093cfa850 Implicit null exception at 0x00000290a0b245c0 to 0x00000290a0b258e4

VM Operations (20 events):
Event: 19.287 Executing VM operation: HandshakeAllThreads done
Event: 19.313 Executing VM operation: ICBufferFull
Event: 19.313 Executing VM operation: ICBufferFull done
Event: 19.511 Executing VM operation: ICBufferFull
Event: 19.511 Executing VM operation: ICBufferFull done
Event: 19.667 Executing VM operation: ICBufferFull
Event: 19.667 Executing VM operation: ICBufferFull done
Event: 19.727 Executing VM operation: HandshakeAllThreads
Event: 19.727 Executing VM operation: HandshakeAllThreads done
Event: 19.791 Executing VM operation: HandshakeAllThreads
Event: 19.791 Executing VM operation: HandshakeAllThreads done
Event: 19.804 Executing VM operation: HandshakeAllThreads
Event: 19.804 Executing VM operation: HandshakeAllThreads done
Event: 19.810 Executing VM operation: HandshakeAllThreads
Event: 19.810 Executing VM operation: HandshakeAllThreads done
Event: 19.812 Executing VM operation: HandshakeAllThreads
Event: 19.812 Executing VM operation: HandshakeAllThreads done
Event: 19.951 Executing VM operation: HandshakeAllThreads
Event: 19.951 Executing VM operation: HandshakeAllThreads done
Event: 19.988 Executing VM operation: G1CollectForAllocation

Events (20 events):
Event: 18.580 Thread 0x00000290afb6c010 flushing nmethod 0x000002909a74df10
Event: 18.581 Thread 0x00000290afb6c010 flushing nmethod 0x000002909a79ae90
Event: 18.581 Thread 0x00000290afb6c010 flushing nmethod 0x000002909a79f910
Event: 18.581 Thread 0x00000290afb6c010 flushing nmethod 0x000002909a7a0110
Event: 18.581 Thread 0x00000290afb6c010 flushing nmethod 0x000002909a7a5210
Event: 18.581 Thread 0x00000290afb6c010 flushing nmethod 0x000002909a7b1090
Event: 18.582 Thread 0x00000290afb6c010 flushing nmethod 0x000002909a7cf890
Event: 18.582 Thread 0x00000290afb6c010 flushing nmethod 0x000002909a7d2890
Event: 18.582 Thread 0x00000290afb6c010 flushing nmethod 0x000002909a800a90
Event: 18.583 Thread 0x00000290afb6c010 flushing nmethod 0x000002909a87d790
Event: 18.583 Thread 0x00000290afb6c010 flushing nmethod 0x000002909a87db10
Event: 18.583 Thread 0x00000290afb6c010 flushing nmethod 0x000002909a87e210
Event: 18.583 Thread 0x00000290afb6c010 flushing nmethod 0x000002909a89b110
Event: 18.583 Thread 0x00000290afb6c010 flushing nmethod 0x000002909a8c3910
Event: 18.584 Thread 0x00000290afb6c010 flushing nmethod 0x000002909a949810
Event: 18.584 Thread 0x00000290afb6c010 flushing nmethod 0x000002909a977b10
Event: 19.785 Thread 0x00000290afb6c010 flushing nmethod 0x000002909a5ef390
Event: 19.789 Thread 0x00000290afb6c010 flushing nmethod 0x000002909a6fad10
Event: 19.875 Thread 0x00000290b5de3f60 Thread exited: 0x00000290b5de3f60
Event: 19.919 Thread 0x00000290b5e70760 Thread added: 0x00000290b5e70760


Dynamic libraries:
0x00007ff6a23b0000 - 0x00007ff6a23ba000 	C:\Program Files\Android\Android Studio\jbr\bin\java.exe
0x00007ffd19c10000 - 0x00007ffd19e26000 	C:\WINDOWS\SYSTEM32\ntdll.dll
0x00007ffd18b00000 - 0x00007ffd18bc4000 	C:\WINDOWS\System32\KERNEL32.DLL
0x00007ffd17400000 - 0x00007ffd177a7000 	C:\WINDOWS\System32\KERNELBASE.dll
0x00007ffd17050000 - 0x00007ffd17161000 	C:\WINDOWS\System32\ucrtbase.dll
0x00007ffcaa4e0000 - 0x00007ffcaa4fb000 	C:\Program Files\Android\Android Studio\jbr\bin\VCRUNTIME140.dll
0x00007ffce43d0000 - 0x00007ffce43e7000 	C:\Program Files\Android\Android Studio\jbr\bin\jli.dll
0x00007ffd18560000 - 0x00007ffd1870e000 	C:\WINDOWS\System32\USER32.dll
0x00007ffcfbc30000 - 0x00007ffcfbec3000 	C:\WINDOWS\WinSxS\amd64_microsoft.windows.common-controls_6595b64144ccf1df_6.0.22621.3235_none_270f74e173860f98\COMCTL32.dll
0x00007ffd17870000 - 0x00007ffd17896000 	C:\WINDOWS\System32\win32u.dll
0x00007ffd190e0000 - 0x00007ffd19187000 	C:\WINDOWS\System32\msvcrt.dll
0x00007ffd17a70000 - 0x00007ffd17a99000 	C:\WINDOWS\System32\GDI32.dll
0x00007ffd16f30000 - 0x00007ffd17049000 	C:\WINDOWS\System32\gdi32full.dll
0x00007ffd178a0000 - 0x00007ffd1793a000 	C:\WINDOWS\System32\msvcp_win.dll
0x00007ffd17940000 - 0x00007ffd17971000 	C:\WINDOWS\System32\IMM32.DLL
0x00007ffd05ca0000 - 0x00007ffd05cac000 	C:\Program Files\Android\Android Studio\jbr\bin\vcruntime140_1.dll
0x00007ffc9c8f0000 - 0x00007ffc9c97d000 	C:\Program Files\Android\Android Studio\jbr\bin\msvcp140.dll
0x00007ffcb32f0000 - 0x00007ffcb3f73000 	C:\Program Files\Android\Android Studio\jbr\bin\server\jvm.dll
0x00007ffd18a30000 - 0x00007ffd18ae2000 	C:\WINDOWS\System32\ADVAPI32.dll
0x00007ffd17c50000 - 0x00007ffd17cf8000 	C:\WINDOWS\System32\sechost.dll
0x00007ffd17170000 - 0x00007ffd17198000 	C:\WINDOWS\System32\bcrypt.dll
0x00007ffd18440000 - 0x00007ffd18555000 	C:\WINDOWS\System32\RPCRT4.dll
0x00007ffd0f2f0000 - 0x00007ffd0f324000 	C:\WINDOWS\SYSTEM32\WINMM.dll
0x00007ffd16e00000 - 0x00007ffd16e4d000 	C:\WINDOWS\SYSTEM32\POWRPROF.dll
0x00007ffcfb260000 - 0x00007ffcfb269000 	C:\WINDOWS\SYSTEM32\WSOCK32.dll
0x00007ffd0b980000 - 0x00007ffd0b98a000 	C:\WINDOWS\SYSTEM32\VERSION.dll
0x00007ffd17e50000 - 0x00007ffd17ec1000 	C:\WINDOWS\System32\WS2_32.dll
0x00007ffd16de0000 - 0x00007ffd16df3000 	C:\WINDOWS\SYSTEM32\UMPDC.dll
0x00007ffd15f30000 - 0x00007ffd15f48000 	C:\WINDOWS\SYSTEM32\kernel.appcore.dll
0x00007ffd05c90000 - 0x00007ffd05c9a000 	C:\Program Files\Android\Android Studio\jbr\bin\jimage.dll
0x00007ffd13ed0000 - 0x00007ffd14103000 	C:\WINDOWS\SYSTEM32\DBGHELP.DLL
0x00007ffd17ff0000 - 0x00007ffd18378000 	C:\WINDOWS\System32\combase.dll
0x00007ffd17980000 - 0x00007ffd17a57000 	C:\WINDOWS\System32\OLEAUT32.dll
0x00007ffd0da20000 - 0x00007ffd0da52000 	C:\WINDOWS\SYSTEM32\dbgcore.DLL
0x00007ffd171a0000 - 0x00007ffd17219000 	C:\WINDOWS\System32\bcryptPrimitives.dll
0x00007ffd02120000 - 0x00007ffd02145000 	C:\Program Files\Android\Android Studio\jbr\bin\java.dll
0x00007ffd02100000 - 0x00007ffd02118000 	C:\Program Files\Android\Android Studio\jbr\bin\zip.dll
0x00007ffd19220000 - 0x00007ffd19a7c000 	C:\WINDOWS\System32\SHELL32.dll
0x00007ffd14e40000 - 0x00007ffd15739000 	C:\WINDOWS\SYSTEM32\windows.storage.dll
0x00007ffd14d00000 - 0x00007ffd14e3e000 	C:\WINDOWS\SYSTEM32\wintypes.dll
0x00007ffd19a80000 - 0x00007ffd19b73000 	C:\WINDOWS\System32\SHCORE.dll
0x00007ffd19070000 - 0x00007ffd190ce000 	C:\WINDOWS\System32\shlwapi.dll
0x00007ffd16e60000 - 0x00007ffd16e81000 	C:\WINDOWS\SYSTEM32\profapi.dll
0x00007ffd020e0000 - 0x00007ffd020f9000 	C:\Program Files\Android\Android Studio\jbr\bin\net.dll
0x00007ffd10700000 - 0x00007ffd10836000 	C:\WINDOWS\SYSTEM32\WINHTTP.dll
0x00007ffd16390000 - 0x00007ffd163f9000 	C:\WINDOWS\system32\mswsock.dll
0x00007ffd010d0000 - 0x00007ffd010e6000 	C:\Program Files\Android\Android Studio\jbr\bin\nio.dll
0x00007ffd05c80000 - 0x00007ffd05c90000 	C:\Program Files\Android\Android Studio\jbr\bin\verify.dll

dbghelp: loaded successfully - version: 4.0.5 - missing functions: none
symbol engine: initialized successfully - sym options: 0x614 - pdb path: .;C:\Program Files\Android\Android Studio\jbr\bin;C:\WINDOWS\SYSTEM32;C:\WINDOWS\WinSxS\amd64_microsoft.windows.common-controls_6595b64144ccf1df_6.0.22621.3235_none_270f74e173860f98;C:\Program Files\Android\Android Studio\jbr\bin\server

VM Arguments:
java_command: org.jetbrains.kotlin.cli.jvm.K2JVMCompiler @C:\Users\RAWAN\ToDoApp\app\build\20240518_8467465870253917111.compiler.options
java_class_path (initial): C:\Users\RAWAN\caches\modules-2\files-2.1\org.jetbrains.kotlin\kotlin-compiler-embeddable\1.9.0\2c8c3a7402becca891f12739b3e9fd2dc2adbd7a\kotlin-compiler-embeddable-1.9.0.jar;C:\Users\RAWAN\caches\modules-2\files-2.1\org.jetbrains.kotlin\kotlin-stdlib\1.9.0\8ee15ef0c67dc83d874f412d84378d7f0eb50b63\kotlin-stdlib-1.9.0.jar;C:\Users\RAWAN\caches\modules-2\files-2.1\org.jetbrains.kotlin\kotlin-script-runtime\1.9.0\4b3102cbbb7e1b58d9d1adf89563f00069ffa7d1\kotlin-script-runtime-1.9.0.jar;C:\Users\RAWAN\caches\modules-2\files-2.1\org.jetbrains.kotlin\kotlin-reflect\1.6.10\1cbe9c92c12a94eea200d23c2bbaedaf3daf5132\kotlin-reflect-1.6.10.jar;C:\Users\RAWAN\caches\modules-2\files-2.1\org.jetbrains.kotlin\kotlin-daemon-embeddable\1.9.0\186543f5e28cf8d9a0290fecc2cf34301c40a65c\kotlin-daemon-embeddable-1.9.0.jar;C:\Users\RAWAN\caches\modules-2\files-2.1\org.jetbrains.intellij.deps\trove4j\1.0.20200330\3afb14d5f9ceb459d724e907a21145e8ff394f02\trove4j-1.0.20200330.jar;C:\Users\RAWAN\caches\modules-2\files-2.1\org.jetbrains.kotlin\kotlin-stdlib-common\1.9.0\cd65c21cfd1eec4d44ef09f9f52b6d9f8a720636\kotlin-stdlib-common-1.9.0.jar;C:\Users\RAWAN\caches\modules-2\files-2.1\org.jetbrains\annotations\13.0\919f0dfe192fb4e063e7dacadee7f8bb9a2672a9\annotations-13.0.jar
Launcher Type: SUN_STANDARD

[Global flags]
     intx CICompilerCount                          = 4                                         {product} {ergonomic}
     uint ConcGCThreads                            = 2                                         {product} {ergonomic}
     uint G1ConcRefinementThreads                  = 8                                         {product} {ergonomic}
   size_t G1HeapRegionSize                         = 1048576                                   {product} {ergonomic}
    uintx GCDrainStackTargetSize                   = 64                                        {product} {ergonomic}
   size_t InitialHeapSize                          = 132120576                                 {product} {ergonomic}
   size_t MarkStackSize                            = 4194304                                   {product} {ergonomic}
   size_t MaxHeapSize                              = 2107637760                                {product} {ergonomic}
   size_t MaxNewSize                               = 1264582656                                {product} {ergonomic}
   size_t MinHeapDeltaBytes                        = 1048576                                   {product} {ergonomic}
   size_t MinHeapSize                              = 8388608                                   {product} {ergonomic}
    uintx NonNMethodCodeHeapSize                   = 5839372                                {pd product} {ergonomic}
    uintx NonProfiledCodeHeapSize                  = 122909434                              {pd product} {ergonomic}
    uintx ProfiledCodeHeapSize                     = 122909434                              {pd product} {ergonomic}
    uintx ReservedCodeCacheSize                    = 251658240                              {pd product} {ergonomic}
     bool SegmentedCodeCache                       = true                                      {product} {ergonomic}
   size_t SoftMaxHeapSize                          = 2107637760                             {manageable} {ergonomic}
     bool UseCompressedClassPointers               = true                           {product lp64_product} {ergonomic}
     bool UseCompressedOops                        = true                           {product lp64_product} {ergonomic}
     bool UseG1GC                                  = true                                      {product} {ergonomic}
     bool UseLargePagesIndividualAllocation        = false                                  {pd product} {ergonomic}

Logging:
Log output configuration:
 #0: stdout all=warning uptime,level,tags
 #1: stderr all=off uptime,level,tags

Environment Variables:
JAVA_HOME=C:\Program Files\Java\jre-1.8
PATH=C:\Program Files\Common Files\Oracle\Java\javapath;C:\Program Files (x86)\Common Files\Oracle\Java\javapath;C:\Program Files (x86)\VMware\VMware Workstation\bin\;D:\app\RAWAN\product\11.2.0\dbhome_2\bin;C:\WINDOWS\system32;C:\WINDOWS;C:\WINDOWS\System32\Wbem;C:\WINDOWS\System32\WindowsPowerShell\v1.0\;C:\WINDOWS\System32\OpenSSH\;C:\Program Files\Intel\WiFi\bin\;C:\Program Files\Common Files\Intel\WirelessCommon\;C:\WINDOWS\system32;C:\WINDOWS;C:\WINDOWS\System32\Wbem;C:\WINDOWS\System32\WindowsPowerShell\v1.0\;C:\WINDOWS\System32\OpenSSH\;C:\Program Files\Java\jre-1.8\bin;C:\Program Files\Java\jdk-21\bin;C:\Program Files\Git\cmd;C:\Program Files\nodejs\;C:\Users\RAWAN\AppData\Local\Microsoft\WindowsApps;C:\Program Files\JetBrains\PyCharm 2023.3.3\bin;C:\Program Files\Java\jdk-21\bin;C:\Program Files\Java\jre-1.8\bin;C:\Users\RAWAN\AppData\Local\Microsoft\WindowsApps;C:\Users\RAWAN\AppData\Local\Programs\Microsoft VS Code\bin;C:\Users\RAWAN\AppData\Roaming\npm
USERNAME=RAWAN
OS=Windows_NT
PROCESSOR_IDENTIFIER=Intel64 Family 6 Model 142 Stepping 11, GenuineIntel
TMP=C:\Users\RAWAN\AppData\Local\Temp
TEMP=C:\Users\RAWAN\AppData\Local\Temp



Periodic native trim disabled

JNI global refs:
JNI global refs: 11, weak refs: 6

JNI global refs memory usage: 843, weak refs: 841

OOME stack traces (most recent first):
Classloader memory used:
Loader jdk.internal.loader.ClassLoaders$AppClassLoader                                 : 9454K
Loader bootstrap                                                                       : 1477K
Loader java.net.URLClassLoader                                                         : 295K
Loader jdk.internal.reflect.DelegatingClassLoader                                      : 20295B
Loader jdk.internal.loader.ClassLoaders$PlatformClassLoader                            : 2276B


---------------  S Y S T E M  ---------------

OS:
 Windows 11 , 64 bit Build 22621 (10.0.22621.3374)
OS uptime: 1 days 22:16 hours
Hyper-V role detected

CPU: total 8 (initial active 8) (4 cores per cpu, 2 threads per core) family 6 model 142 stepping 11 microcode 0xde, cx8, cmov, fxsr, ht, mmx, 3dnowpref, sse, sse2, sse3, ssse3, sse4.1, sse4.2, popcnt, lzcnt, tsc, tscinvbit, avx, avx2, aes, erms, clmul, bmi1, bmi2, adx, fma, vzeroupper, clflush, clflushopt, hv
Processor Information for processor 0
  Max Mhz: 1800, Current Mhz: 1800, Mhz Limit: 1584
Processor Information for processor 1
  Max Mhz: 1800, Current Mhz: 1500, Mhz Limit: 1584
Processor Information for processor 2
  Max Mhz: 1800, Current Mhz: 1500, Mhz Limit: 1584
Processor Information for processor 3
  Max Mhz: 1800, Current Mhz: 1800, Mhz Limit: 1584
Processor Information for processor 4
  Max Mhz: 1800, Current Mhz: 1800, Mhz Limit: 1584
Processor Information for processor 5
  Max Mhz: 1800, Current Mhz: 1500, Mhz Limit: 1584
Processor Information for processor 6
  Max Mhz: 1800, Current Mhz: 1500, Mhz Limit: 1584
Processor Information for processor 7
  Max Mhz: 1800, Current Mhz: 1500, Mhz Limit: 1584

Memory: 4k page, system-wide physical 8037M (485M free)
TotalPageFile size 23824M (AvailPageFile size 10M)
current process WorkingSet (physical memory assigned to process): 410M, peak: 410M
current process commit charge ("private bytes"): 446M, peak: 580M

vm_info: OpenJDK 64-Bit Server VM (17.0.9+0--11185874) for windows-amd64 JRE (17.0.9+0--11185874), built on Dec  6 2023 18:57:44 by "androidbuild" with MS VC++ 16.10 / 16.11 (VS2019)

END.
