#
# There is insufficient memory for the Java Runtime Environment to continue.
# Native memory allocation (mmap) failed to map 96468992 bytes for G1 virtual space
# Possible reasons:
#   The system is out of physical RAM or swap space
#   The process is running with CompressedOops enabled, and the Java Heap may be blocking the growth of the native heap
# Possible solutions:
#   Reduce memory load on the system
#   Increase physical memory or swap space
#   Check if swap backing store is full
#   Decrease Java heap size (-Xmx/-Xms)
#   Decrease number of Java threads
#   Decrease Java thread stack sizes (-Xss)
#   Set larger code cache with -XX:ReservedCodeCacheSize=
#   JVM is running with Unscaled Compressed Oops mode in which the Java heap is
#     placed in the first 4GB address space. The Java Heap base address is the
#     maximum limit for the native heap growth. Please use -XX:HeapBaseMinAddress
#     to set the Java Heap base and to place the Java Heap above 4GB virtual address.
# This output file may be truncated or incomplete.
#
#  Out of Memory Error (os_windows.cpp:3825), pid=2016, tid=11508
#
# JRE version: OpenJDK Runtime Environment (17.0.9) (build 17.0.9+0--11185874)
# Java VM: OpenJDK 64-Bit Server VM (17.0.9+0--11185874, mixed mode, tiered, compressed oops, compressed class ptrs, g1 gc, windows-amd64)
# No core dump will be written. Minidumps are not enabled by default on client versions of Windows
#

---------------  S U M M A R Y ------------

Command Line: org.jetbrains.kotlin.cli.jvm.K2JVMCompiler @C:\Users\RAWAN\ToDoApp\app\build\20240509_14086395583605889861.compiler.options

Host: Intel(R) Core(TM) i5-8265U CPU @ 1.60GHz, 8 cores, 7G,  Windows 11 , 64 bit Build 22621 (10.0.22621.3374)
Time: Thu May  9 21:32:02 2024 Arab Standard Time elapsed time: 18.489937 seconds (0d 0h 0m 18s)

---------------  T H R E A D  ---------------

Current thread (0x000001d72e25aa00):  VMThread "VM Thread" [stack: 0x000000a51a000000,0x000000a51a100000] [id=11508]

Stack: [0x000000a51a000000,0x000000a51a100000]
Native frames: (J=compiled Java code, j=interpreted, Vv=VM code, C=native code)
V  [jvm.dll+0x6886e9]
V  [jvm.dll+0x841e4a]
V  [jvm.dll+0x843a8e]
V  [jvm.dll+0x8440f3]
V  [jvm.dll+0x24c14f]
V  [jvm.dll+0x685499]
V  [jvm.dll+0x679c2a]
V  [jvm.dll+0x30cf9b]
V  [jvm.dll+0x314446]
V  [jvm.dll+0x36425e]
V  [jvm.dll+0x36448f]
V  [jvm.dll+0x2e2d68]
V  [jvm.dll+0x2e0f44]
V  [jvm.dll+0x2e054c]
V  [jvm.dll+0x3253fb]
V  [jvm.dll+0x8487eb]
V  [jvm.dll+0x849531]
V  [jvm.dll+0x849a4d]
V  [jvm.dll+0x849e24]
V  [jvm.dll+0x849ef0]
V  [jvm.dll+0x7f06aa]
V  [jvm.dll+0x687565]
C  [ucrtbase.dll+0x29333]
C  [KERNEL32.DLL+0x1257d]
C  [ntdll.dll+0x5aa48]

VM_Operation (0x000000a519afd940): G1CollectForAllocation, mode: safepoint, requested by thread 0x000001d714529f30


---------------  P R O C E S S  ---------------

Threads class SMR info:
_java_thread_list=0x000001d7350fa3b0, length=14, elements={
0x000001d714529f30, 0x000001d72e25f740, 0x000001d72e2605c0, 0x000001d72e3cce20,
0x000001d72e3ce9f0, 0x000001d72e3cf4b0, 0x000001d72e3ec010, 0x000001d72e3ecc10,
0x000001d72e3ed5d0, 0x000001d72e40daa0, 0x000001d72e559250, 0x000001d72e55b9e0,
0x000001d733150790, 0x000001d734b83b90
}

Java Threads: ( => current thread )
  0x000001d714529f30 JavaThread "main" [_thread_blocked, id=21960, stack(0x000000a519a00000,0x000000a519b00000)]
  0x000001d72e25f740 JavaThread "Reference Handler" daemon [_thread_blocked, id=3728, stack(0x000000a51a100000,0x000000a51a200000)]
  0x000001d72e2605c0 JavaThread "Finalizer" daemon [_thread_blocked, id=20148, stack(0x000000a51a200000,0x000000a51a300000)]
  0x000001d72e3cce20 JavaThread "Signal Dispatcher" daemon [_thread_blocked, id=19220, stack(0x000000a51a300000,0x000000a51a400000)]
  0x000001d72e3ce9f0 JavaThread "Attach Listener" daemon [_thread_blocked, id=15888, stack(0x000000a51a400000,0x000000a51a500000)]
  0x000001d72e3cf4b0 JavaThread "Service Thread" daemon [_thread_blocked, id=14016, stack(0x000000a51a500000,0x000000a51a600000)]
  0x000001d72e3ec010 JavaThread "Monitor Deflation Thread" daemon [_thread_blocked, id=13260, stack(0x000000a51a600000,0x000000a51a700000)]
  0x000001d72e3ecc10 JavaThread "C2 CompilerThread0" daemon [_thread_blocked, id=15620, stack(0x000000a51a700000,0x000000a51a800000)]
  0x000001d72e3ed5d0 JavaThread "C1 CompilerThread0" daemon [_thread_blocked, id=17416, stack(0x000000a51a800000,0x000000a51a900000)]
  0x000001d72e40daa0 JavaThread "Sweeper thread" daemon [_thread_blocked, id=10976, stack(0x000000a51a900000,0x000000a51aa00000)]
  0x000001d72e559250 JavaThread "Notification Thread" daemon [_thread_blocked, id=17456, stack(0x000000a51aa00000,0x000000a51ab00000)]
  0x000001d72e55b9e0 JavaThread "Common-Cleaner" daemon [_thread_blocked, id=16856, stack(0x000000a51ac00000,0x000000a51ad00000)]
  0x000001d733150790 JavaThread "C2 CompilerThread1" daemon [_thread_in_native, id=15320, stack(0x000000a51b100000,0x000000a51b200000)]
  0x000001d734b83b90 JavaThread "C2 CompilerThread2" daemon [_thread_blocked, id=19912, stack(0x000000a51b600000,0x000000a51b700000)]

Other Threads:
=>0x000001d72e25aa00 VMThread "VM Thread" [stack: 0x000000a51a000000,0x000000a51a100000] [id=11508]
  0x000001d72e55b740 WatcherThread [stack: 0x000000a51ab00000,0x000000a51ac00000] [id=23824]
  0x000001d714584f50 GCTaskThread "GC Thread#0" [stack: 0x000000a519b00000,0x000000a519c00000] [id=2348]
  0x000001d733390580 GCTaskThread "GC Thread#1" [stack: 0x000000a51ad00000,0x000000a51ae00000] [id=22732]
  0x000001d7333b6820 GCTaskThread "GC Thread#2" [stack: 0x000000a51ae00000,0x000000a51af00000] [id=7400]
  0x000001d7333c3b60 GCTaskThread "GC Thread#3" [stack: 0x000000a51af00000,0x000000a51b000000] [id=19252]
  0x000001d7333c4230 GCTaskThread "GC Thread#4" [stack: 0x000000a51b000000,0x000000a51b100000] [id=19868]
  0x000001d733bd0f40 GCTaskThread "GC Thread#5" [stack: 0x000000a51b200000,0x000000a51b300000] [id=18060]
  0x000001d733a85bc0 GCTaskThread "GC Thread#6" [stack: 0x000000a51b300000,0x000000a51b400000] [id=19040]
  0x000001d733b23e30 GCTaskThread "GC Thread#7" [stack: 0x000000a51b400000,0x000000a51b500000] [id=20272]
  0x000001d7145969f0 ConcurrentGCThread "G1 Main Marker" [stack: 0x000000a519c00000,0x000000a519d00000] [id=19228]
  0x000001d714597410 ConcurrentGCThread "G1 Conc#0" [stack: 0x000000a519d00000,0x000000a519e00000] [id=10700]
  0x000001d733a97310 ConcurrentGCThread "G1 Conc#1" [stack: 0x000000a51b500000,0x000000a51b600000] [id=6880]
  0x000001d7145dd7c0 ConcurrentGCThread "G1 Refine#0" [stack: 0x000000a519e00000,0x000000a519f00000] [id=19048]
  0x000001d7145de1f0 ConcurrentGCThread "G1 Service" [stack: 0x000000a519f00000,0x000000a51a000000] [id=10260]

Threads with active compile tasks:
C1 CompilerThread0    18515 9821       3       org.jetbrains.kotlin.backend.common.DeclarationTransformer$Visitor::visitSimpleFunction (7 bytes)
C2 CompilerThread1    18515 9524       4       jdk.internal.loader.BuiltinClassLoader::loadClassOrNull (7 bytes)

VM state: at safepoint (normal execution)

VM Mutex/Monitor currently owned by a thread:  ([mutex/lock_event])
[0x000001d714526320] Threads_lock - owner thread: 0x000001d72e25aa00
[0x000001d714526710] Heap_lock - owner thread: 0x000001d714529f30

Heap address: 0x0000000082600000, size: 2010 MB, Compressed Oops mode: 32-bit

CDS archive(s) not mapped
Compressed class space mapped at: 0x0000000100000000-0x0000000140000000, reserved size: 1073741824
Narrow klass base: 0x0000000000000000, Narrow klass shift: 3, Narrow klass range: 0x140000000

GC Precious Log:
 CPUs: 8 total, 8 available
 Memory: 8037M
 Large Page Support: Disabled
 NUMA Support: Disabled
 Compressed Oops: Enabled (32-bit)
 Heap Region Size: 1M
 Heap Min Capacity: 8M
 Heap Initial Capacity: 126M
 Heap Max Capacity: 2010M
 Pre-touch: Disabled
 Parallel Workers: 8
 Concurrent Workers: 2
 Concurrent Refinement Workers: 8
 Periodic GC: Disabled

Heap:
 garbage-first heap   total 129024K, used 64933K [0x0000000082600000, 0x0000000100000000)
  region size 1024K, 1 young (1024K), 1 survivors (1024K)
 Metaspace       used 77055K, committed 77440K, reserved 1179648K
  class space    used 9025K, committed 9216K, reserved 1048576K

Heap Regions: E=young(eden), S=young(survivor), O=old, HS=humongous(starts), HC=humongous(continues), CS=collection set, F=free, OA=open archive, CA=closed archive, TAMS=top-at-mark-start (previous, next)
|   0|0x0000000082600000, 0x0000000082700000, 0x0000000082700000|100%|HS|  |TAMS 0x0000000082700000, 0x0000000082600000| Complete 
|   1|0x0000000082700000, 0x0000000082800000, 0x0000000082800000|100%|HC|  |TAMS 0x0000000082800000, 0x0000000082700000| Complete 
|   2|0x0000000082800000, 0x0000000082900000, 0x0000000082900000|100%|HC|  |TAMS 0x0000000082900000, 0x0000000082800000| Complete 
|   3|0x0000000082900000, 0x0000000082a00000, 0x0000000082a00000|100%|HC|  |TAMS 0x0000000082a00000, 0x0000000082900000| Complete 
|   4|0x0000000082a00000, 0x0000000082b00000, 0x0000000082b00000|100%| O|  |TAMS 0x0000000082b00000, 0x0000000082a00000| Untracked 
|   5|0x0000000082b00000, 0x0000000082c00000, 0x0000000082c00000|100%| O|  |TAMS 0x0000000082c00000, 0x0000000082b00000| Untracked 
|   6|0x0000000082c00000, 0x0000000082d00000, 0x0000000082d00000|100%| O|  |TAMS 0x0000000082d00000, 0x0000000082c00000| Untracked 
|   7|0x0000000082d00000, 0x0000000082d00000, 0x0000000082e00000|  0%| F|  |TAMS 0x0000000082d00000, 0x0000000082d00000| Untracked 
|   8|0x0000000082e00000, 0x0000000082f00000, 0x0000000082f00000|100%| O|  |TAMS 0x0000000082f00000, 0x0000000082e00000| Untracked 
|   9|0x0000000082f00000, 0x0000000083000000, 0x0000000083000000|100%| O|  |TAMS 0x0000000082f00000, 0x0000000082f00000| Untracked 
|  10|0x0000000083000000, 0x0000000083100000, 0x0000000083100000|100%| O|  |TAMS 0x0000000083100000, 0x0000000083000000| Untracked 
|  11|0x0000000083100000, 0x0000000083200000, 0x0000000083200000|100%| O|  |TAMS 0x0000000083200000, 0x0000000083100000| Untracked 
|  12|0x0000000083200000, 0x0000000083300000, 0x0000000083300000|100%| O|  |TAMS 0x0000000083300000, 0x0000000083200000| Untracked 
|  13|0x0000000083300000, 0x0000000083400000, 0x0000000083400000|100%| O|  |TAMS 0x0000000083400000, 0x0000000083300000| Untracked 
|  14|0x0000000083400000, 0x0000000083500000, 0x0000000083500000|100%| O|  |TAMS 0x0000000083500000, 0x0000000083400000| Untracked 
|  15|0x0000000083500000, 0x0000000083600000, 0x0000000083600000|100%| O|  |TAMS 0x0000000083600000, 0x0000000083500000| Untracked 
|  16|0x0000000083600000, 0x0000000083700000, 0x0000000083700000|100%| O|  |TAMS 0x0000000083700000, 0x0000000083600000| Untracked 
|  17|0x0000000083700000, 0x0000000083800000, 0x0000000083800000|100%| O|  |TAMS 0x0000000083800000, 0x0000000083700000| Untracked 
|  18|0x0000000083800000, 0x0000000083900000, 0x0000000083900000|100%| O|  |TAMS 0x0000000083900000, 0x0000000083800000| Untracked 
|  19|0x0000000083900000, 0x0000000083a00000, 0x0000000083a00000|100%| O|  |TAMS 0x0000000083a00000, 0x0000000083900000| Untracked 
|  20|0x0000000083a00000, 0x0000000083b00000, 0x0000000083b00000|100%| O|  |TAMS 0x0000000083b00000, 0x0000000083a00000| Untracked 
|  21|0x0000000083b00000, 0x0000000083c00000, 0x0000000083c00000|100%|HS|  |TAMS 0x0000000083c00000, 0x0000000083b00000| Complete 
|  22|0x0000000083c00000, 0x0000000083d00000, 0x0000000083d00000|100%|HC|  |TAMS 0x0000000083d00000, 0x0000000083c00000| Complete 
|  23|0x0000000083d00000, 0x0000000083e00000, 0x0000000083e00000|100%| O|  |TAMS 0x0000000083e00000, 0x0000000083d00000| Untracked 
|  24|0x0000000083e00000, 0x0000000083f00000, 0x0000000083f00000|100%| O|  |TAMS 0x0000000083f00000, 0x0000000083e00000| Untracked 
|  25|0x0000000083f00000, 0x0000000084000000, 0x0000000084000000|100%| O|  |TAMS 0x0000000084000000, 0x0000000083f00000| Untracked 
|  26|0x0000000084000000, 0x0000000084100000, 0x0000000084100000|100%| O|  |TAMS 0x0000000084100000, 0x0000000084000000| Untracked 
|  27|0x0000000084100000, 0x0000000084200000, 0x0000000084200000|100%| O|  |TAMS 0x0000000084200000, 0x0000000084100000| Untracked 
|  28|0x0000000084200000, 0x0000000084300000, 0x0000000084300000|100%| O|  |TAMS 0x0000000084300000, 0x0000000084200000| Untracked 
|  29|0x0000000084300000, 0x0000000084400000, 0x0000000084400000|100%| O|  |TAMS 0x0000000084400000, 0x0000000084300000| Untracked 
|  30|0x0000000084400000, 0x0000000084500000, 0x0000000084500000|100%| O|  |TAMS 0x0000000084500000, 0x0000000084400000| Untracked 
|  31|0x0000000084500000, 0x0000000084600000, 0x0000000084600000|100%| O|  |TAMS 0x0000000084600000, 0x0000000084500000| Untracked 
|  32|0x0000000084600000, 0x0000000084700000, 0x0000000084700000|100%| O|  |TAMS 0x0000000084700000, 0x0000000084600000| Untracked 
|  33|0x0000000084700000, 0x0000000084800000, 0x0000000084800000|100%| O|  |TAMS 0x0000000084800000, 0x0000000084700000| Untracked 
|  34|0x0000000084800000, 0x0000000084900000, 0x0000000084900000|100%| O|  |TAMS 0x0000000084900000, 0x0000000084800000| Untracked 
|  35|0x0000000084900000, 0x0000000084a00000, 0x0000000084a00000|100%| O|  |TAMS 0x0000000084a00000, 0x0000000084900000| Untracked 
|  36|0x0000000084a00000, 0x0000000084b00000, 0x0000000084b00000|100%| O|  |TAMS 0x0000000084b00000, 0x0000000084a00000| Untracked 
|  37|0x0000000084b00000, 0x0000000084c00000, 0x0000000084c00000|100%| O|  |TAMS 0x0000000084c00000, 0x0000000084b00000| Untracked 
|  38|0x0000000084c00000, 0x0000000084d00000, 0x0000000084d00000|100%| O|  |TAMS 0x0000000084d00000, 0x0000000084c00000| Untracked 
|  39|0x0000000084d00000, 0x0000000084e00000, 0x0000000084e00000|100%| O|  |TAMS 0x0000000084e00000, 0x0000000084d00000| Untracked 
|  40|0x0000000084e00000, 0x0000000084f00000, 0x0000000084f00000|100%| O|  |TAMS 0x0000000084f00000, 0x0000000084e00000| Untracked 
|  41|0x0000000084f00000, 0x0000000085000000, 0x0000000085000000|100%| O|  |TAMS 0x0000000085000000, 0x0000000084f00000| Untracked 
|  42|0x0000000085000000, 0x0000000085100000, 0x0000000085100000|100%| O|  |TAMS 0x0000000085100000, 0x0000000085000000| Untracked 
|  43|0x0000000085100000, 0x0000000085100000, 0x0000000085200000|  0%| F|  |TAMS 0x0000000085100000, 0x0000000085100000| Untracked 
|  44|0x0000000085200000, 0x0000000085300000, 0x0000000085300000|100%| O|  |TAMS 0x0000000085300000, 0x0000000085200000| Untracked 
|  45|0x0000000085300000, 0x0000000085400000, 0x0000000085400000|100%| O|  |TAMS 0x0000000085400000, 0x0000000085300000| Untracked 
|  46|0x0000000085400000, 0x0000000085500000, 0x0000000085500000|100%| O|  |TAMS 0x0000000085500000, 0x0000000085400000| Untracked 
|  47|0x0000000085500000, 0x0000000085600000, 0x0000000085600000|100%| O|  |TAMS 0x0000000085500000, 0x0000000085500000| Untracked 
|  48|0x0000000085600000, 0x0000000085700000, 0x0000000085700000|100%| O|  |TAMS 0x0000000085700000, 0x0000000085600000| Untracked 
|  49|0x0000000085700000, 0x0000000085800000, 0x0000000085800000|100%| O|  |TAMS 0x0000000085800000, 0x0000000085700000| Untracked 
|  50|0x0000000085800000, 0x0000000085900000, 0x0000000085900000|100%| O|  |TAMS 0x0000000085900000, 0x0000000085800000| Untracked 
|  51|0x0000000085900000, 0x0000000085a00000, 0x0000000085a00000|100%| O|  |TAMS 0x0000000085a00000, 0x0000000085900000| Untracked 
|  52|0x0000000085a00000, 0x0000000085b00000, 0x0000000085b00000|100%| O|  |TAMS 0x0000000085b00000, 0x0000000085a00000| Untracked 
|  53|0x0000000085b00000, 0x0000000085c00000, 0x0000000085c00000|100%| O|  |TAMS 0x0000000085c00000, 0x0000000085b00000| Untracked 
|  54|0x0000000085c00000, 0x0000000085d00000, 0x0000000085d00000|100%| O|  |TAMS 0x0000000085d00000, 0x0000000085c00000| Untracked 
|  55|0x0000000085d00000, 0x0000000085e00000, 0x0000000085e00000|100%| O|  |TAMS 0x0000000085e00000, 0x0000000085d00000| Untracked 
|  56|0x0000000085e00000, 0x0000000085f00000, 0x0000000085f00000|100%| O|  |TAMS 0x0000000085f00000, 0x0000000085e00000| Untracked 
|  57|0x0000000085f00000, 0x0000000086000000, 0x0000000086000000|100%| O|  |TAMS 0x0000000086000000, 0x0000000085f00000| Untracked 
|  58|0x0000000086000000, 0x0000000086100000, 0x0000000086100000|100%| O|  |TAMS 0x0000000086089a00, 0x0000000086000000| Untracked 
|  59|0x0000000086100000, 0x0000000086200000, 0x0000000086200000|100%| O|  |TAMS 0x0000000086100000, 0x0000000086100000| Untracked 
|  60|0x0000000086200000, 0x0000000086300000, 0x0000000086300000|100%| O|  |TAMS 0x0000000086200000, 0x0000000086200000| Untracked 
|  61|0x0000000086300000, 0x0000000086400000, 0x0000000086400000|100%| O|  |TAMS 0x0000000086300000, 0x0000000086300000| Untracked 
|  62|0x0000000086400000, 0x0000000086500000, 0x0000000086500000|100%| O|  |TAMS 0x0000000086400000, 0x0000000086400000| Untracked 
|  63|0x0000000086500000, 0x0000000086600000, 0x0000000086600000|100%| O|  |TAMS 0x0000000086500000, 0x0000000086500000| Untracked 
|  64|0x0000000086600000, 0x0000000086700000, 0x0000000086700000|100%| O|  |TAMS 0x0000000086600000, 0x0000000086600000| Untracked 
|  65|0x0000000086700000, 0x0000000086700000, 0x0000000086800000|  0%| F|  |TAMS 0x0000000086700000, 0x0000000086700000| Untracked 
|  66|0x0000000086800000, 0x0000000086800000, 0x0000000086900000|  0%| F|  |TAMS 0x0000000086800000, 0x0000000086800000| Untracked 
|  67|0x0000000086900000, 0x0000000086900000, 0x0000000086a00000|  0%| F|  |TAMS 0x0000000086900000, 0x0000000086900000| Untracked 
|  68|0x0000000086a00000, 0x0000000086a00000, 0x0000000086b00000|  0%| F|  |TAMS 0x0000000086a00000, 0x0000000086a00000| Untracked 
|  69|0x0000000086b00000, 0x0000000086b00000, 0x0000000086c00000|  0%| F|  |TAMS 0x0000000086b00000, 0x0000000086b00000| Untracked 
|  70|0x0000000086c00000, 0x0000000086c00000, 0x0000000086d00000|  0%| F|  |TAMS 0x0000000086c00000, 0x0000000086c00000| Untracked 
|  71|0x0000000086d00000, 0x0000000086d00000, 0x0000000086e00000|  0%| F|  |TAMS 0x0000000086d00000, 0x0000000086d00000| Untracked 
|  72|0x0000000086e00000, 0x0000000086e00000, 0x0000000086f00000|  0%| F|  |TAMS 0x0000000086e00000, 0x0000000086e00000| Untracked 
|  73|0x0000000086f00000, 0x0000000086f00000, 0x0000000087000000|  0%| F|  |TAMS 0x0000000086f00000, 0x0000000086f00000| Untracked 
|  74|0x0000000087000000, 0x0000000087000000, 0x0000000087100000|  0%| F|  |TAMS 0x0000000087000000, 0x0000000087000000| Untracked 
|  75|0x0000000087100000, 0x0000000087100000, 0x0000000087200000|  0%| F|  |TAMS 0x0000000087100000, 0x0000000087100000| Untracked 
|  76|0x0000000087200000, 0x0000000087200000, 0x0000000087300000|  0%| F|  |TAMS 0x0000000087200000, 0x0000000087200000| Untracked 
|  77|0x0000000087300000, 0x0000000087300000, 0x0000000087400000|  0%| F|  |TAMS 0x0000000087300000, 0x0000000087300000| Untracked 
|  78|0x0000000087400000, 0x0000000087400000, 0x0000000087500000|  0%| F|  |TAMS 0x0000000087400000, 0x0000000087400000| Untracked 
|  79|0x0000000087500000, 0x0000000087500000, 0x0000000087600000|  0%| F|  |TAMS 0x0000000087500000, 0x0000000087500000| Untracked 
|  80|0x0000000087600000, 0x0000000087600000, 0x0000000087700000|  0%| F|  |TAMS 0x0000000087600000, 0x0000000087600000| Untracked 
|  81|0x0000000087700000, 0x0000000087700000, 0x0000000087800000|  0%| F|  |TAMS 0x0000000087700000, 0x0000000087700000| Untracked 
|  82|0x0000000087800000, 0x0000000087800000, 0x0000000087900000|  0%| F|  |TAMS 0x0000000087800000, 0x0000000087800000| Untracked 
|  83|0x0000000087900000, 0x0000000087900000, 0x0000000087a00000|  0%| F|  |TAMS 0x0000000087900000, 0x0000000087900000| Untracked 
|  84|0x0000000087a00000, 0x0000000087a00000, 0x0000000087b00000|  0%| F|  |TAMS 0x0000000087a00000, 0x0000000087a00000| Untracked 
|  85|0x0000000087b00000, 0x0000000087b00000, 0x0000000087c00000|  0%| F|  |TAMS 0x0000000087b00000, 0x0000000087b00000| Untracked 
|  86|0x0000000087c00000, 0x0000000087c00000, 0x0000000087d00000|  0%| F|  |TAMS 0x0000000087c00000, 0x0000000087c00000| Untracked 
|  87|0x0000000087d00000, 0x0000000087d00000, 0x0000000087e00000|  0%| F|  |TAMS 0x0000000087d00000, 0x0000000087d00000| Untracked 
|  88|0x0000000087e00000, 0x0000000087e00000, 0x0000000087f00000|  0%| F|  |TAMS 0x0000000087e00000, 0x0000000087e00000| Untracked 
|  89|0x0000000087f00000, 0x0000000087f00000, 0x0000000088000000|  0%| F|  |TAMS 0x0000000087f00000, 0x0000000087f00000| Untracked 
|  90|0x0000000088000000, 0x0000000088000000, 0x0000000088100000|  0%| F|  |TAMS 0x0000000088000000, 0x0000000088000000| Untracked 
|  91|0x0000000088100000, 0x0000000088100000, 0x0000000088200000|  0%| F|  |TAMS 0x0000000088100000, 0x0000000088100000| Untracked 
|  92|0x0000000088200000, 0x0000000088200000, 0x0000000088300000|  0%| F|  |TAMS 0x0000000088200000, 0x0000000088200000| Untracked 
|  93|0x0000000088300000, 0x0000000088300000, 0x0000000088400000|  0%| F|  |TAMS 0x0000000088300000, 0x0000000088300000| Untracked 
|  94|0x0000000088400000, 0x0000000088400000, 0x0000000088500000|  0%| F|  |TAMS 0x0000000088400000, 0x0000000088400000| Untracked 
|  95|0x0000000088500000, 0x0000000088500000, 0x0000000088600000|  0%| F|  |TAMS 0x0000000088500000, 0x0000000088500000| Untracked 
|  96|0x0000000088600000, 0x0000000088600000, 0x0000000088700000|  0%| F|  |TAMS 0x0000000088600000, 0x0000000088600000| Untracked 
|  97|0x0000000088700000, 0x0000000088700000, 0x0000000088800000|  0%| F|  |TAMS 0x0000000088700000, 0x0000000088700000| Untracked 
|  98|0x0000000088800000, 0x0000000088800000, 0x0000000088900000|  0%| F|  |TAMS 0x0000000088800000, 0x0000000088800000| Untracked 
|  99|0x0000000088900000, 0x0000000088900000, 0x0000000088a00000|  0%| F|  |TAMS 0x0000000088900000, 0x0000000088900000| Untracked 
| 100|0x0000000088a00000, 0x0000000088a00000, 0x0000000088b00000|  0%| F|  |TAMS 0x0000000088a00000, 0x0000000088a00000| Untracked 
| 101|0x0000000088b00000, 0x0000000088b00000, 0x0000000088c00000|  0%| F|  |TAMS 0x0000000088b00000, 0x0000000088b00000| Untracked 
| 102|0x0000000088c00000, 0x0000000088c00000, 0x0000000088d00000|  0%| F|  |TAMS 0x0000000088c00000, 0x0000000088c00000| Untracked 
| 103|0x0000000088d00000, 0x0000000088d00000, 0x0000000088e00000|  0%| F|  |TAMS 0x0000000088d00000, 0x0000000088d00000| Untracked 
| 104|0x0000000088e00000, 0x0000000088e00000, 0x0000000088f00000|  0%| F|  |TAMS 0x0000000088e00000, 0x0000000088e00000| Untracked 
| 105|0x0000000088f00000, 0x0000000088f69430, 0x0000000089000000| 41%| S|CS|TAMS 0x0000000088f00000, 0x0000000088f00000| Complete 
| 106|0x0000000089000000, 0x0000000089000000, 0x0000000089100000|  0%| F|  |TAMS 0x0000000089000000, 0x0000000089000000| Untracked 
| 107|0x0000000089100000, 0x0000000089100000, 0x0000000089200000|  0%| F|  |TAMS 0x0000000089100000, 0x0000000089100000| Untracked 
| 108|0x0000000089200000, 0x0000000089200000, 0x0000000089300000|  0%| F|  |TAMS 0x0000000089200000, 0x0000000089200000| Untracked 
| 109|0x0000000089300000, 0x0000000089300000, 0x0000000089400000|  0%| F|  |TAMS 0x0000000089300000, 0x0000000089300000| Untracked 
| 110|0x0000000089400000, 0x0000000089400000, 0x0000000089500000|  0%| F|  |TAMS 0x0000000089400000, 0x0000000089400000| Untracked 
| 111|0x0000000089500000, 0x0000000089500000, 0x0000000089600000|  0%| F|  |TAMS 0x0000000089500000, 0x0000000089500000| Untracked 
| 112|0x0000000089600000, 0x0000000089600000, 0x0000000089700000|  0%| F|  |TAMS 0x0000000089600000, 0x0000000089600000| Untracked 
| 113|0x0000000089700000, 0x0000000089700000, 0x0000000089800000|  0%| F|  |TAMS 0x0000000089700000, 0x0000000089700000| Untracked 
| 114|0x0000000089800000, 0x0000000089800000, 0x0000000089900000|  0%| F|  |TAMS 0x0000000089800000, 0x0000000089800000| Untracked 
| 115|0x0000000089900000, 0x0000000089900000, 0x0000000089a00000|  0%| F|  |TAMS 0x0000000089900000, 0x0000000089900000| Untracked 
| 116|0x0000000089a00000, 0x0000000089a00000, 0x0000000089b00000|  0%| F|  |TAMS 0x0000000089a00000, 0x0000000089a00000| Untracked 
| 117|0x0000000089b00000, 0x0000000089b00000, 0x0000000089c00000|  0%| F|  |TAMS 0x0000000089b00000, 0x0000000089b00000| Untracked 
| 118|0x0000000089c00000, 0x0000000089c00000, 0x0000000089d00000|  0%| F|  |TAMS 0x0000000089c00000, 0x0000000089c00000| Untracked 
| 119|0x0000000089d00000, 0x0000000089d00000, 0x0000000089e00000|  0%| F|  |TAMS 0x0000000089d00000, 0x0000000089d00000| Untracked 
| 120|0x0000000089e00000, 0x0000000089e00000, 0x0000000089f00000|  0%| F|  |TAMS 0x0000000089e00000, 0x0000000089e00000| Untracked 
| 121|0x0000000089f00000, 0x0000000089f00000, 0x000000008a000000|  0%| F|  |TAMS 0x0000000089f00000, 0x0000000089f00000| Untracked 
| 122|0x000000008a000000, 0x000000008a000000, 0x000000008a100000|  0%| F|  |TAMS 0x000000008a000000, 0x000000008a000000| Untracked 
| 123|0x000000008a100000, 0x000000008a100000, 0x000000008a200000|  0%| F|  |TAMS 0x000000008a100000, 0x000000008a100000| Untracked 
| 124|0x000000008a200000, 0x000000008a200000, 0x000000008a300000|  0%| F|  |TAMS 0x000000008a200000, 0x000000008a200000| Untracked 
| 125|0x000000008a300000, 0x000000008a300000, 0x000000008a400000|  0%| F|  |TAMS 0x000000008a300000, 0x000000008a300000| Untracked 

Card table byte_map: [0x000001d727120000,0x000001d727510000] _byte_map_base: 0x000001d726d0d000

Marking Bits (Prev, Next): (CMBitMap*) 0x000001d7145865c0, (CMBitMap*) 0x000001d714586580
 Prev Bits: [0x000001d729870000, 0x000001d72b7d8000)
 Next Bits: [0x000001d727900000, 0x000001d729868000)

Polling page: 0x000001d712310000

Metaspace:

Usage:
  Non-class:     66.44 MB used.
      Class:      8.81 MB used.
       Both:     75.25 MB used.

Virtual space:
  Non-class space:      128.00 MB reserved,      66.62 MB ( 52%) committed,  2 nodes.
      Class space:        1.00 GB reserved,       9.00 MB ( <1%) committed,  1 nodes.
             Both:        1.12 GB reserved,      75.62 MB (  7%) committed. 

Chunk freelists:
   Non-Class:  13.34 MB
       Class:  7.05 MB
        Both:  20.39 MB

MaxMetaspaceSize: unlimited
CompressedClassSpaceSize: 1.00 GB
Initial GC threshold: 21.00 MB
Current GC threshold: 117.19 MB
CDS: off
MetaspaceReclaimPolicy: balanced
 - commit_granule_bytes: 65536.
 - commit_granule_words: 8192.
 - virtual_space_node_default_size: 8388608.
 - enlarge_chunks_in_place: 1.
 - new_chunks_are_fully_committed: 0.
 - uncommit_free_chunks: 1.
 - use_allocation_guard: 0.
 - handle_deallocations: 1.


Internal statistics:

num_allocs_failed_limit: 6.
num_arena_births: 434.
num_arena_deaths: 0.
num_vsnodes_births: 3.
num_vsnodes_deaths: 0.
num_space_committed: 1208.
num_space_uncommitted: 0.
num_chunks_returned_to_freelist: 6.
num_chunks_taken_from_freelist: 2888.
num_chunk_merges: 6.
num_chunk_splits: 2361.
num_chunks_enlarged: 2072.
num_inconsistent_stats: 0.

CodeHeap 'non-profiled nmethods': size=120000Kb used=4237Kb max_used=4274Kb free=115762Kb
 bounds [0x000001d71f4d0000, 0x000001d71f900000, 0x000001d726a00000]
CodeHeap 'profiled nmethods': size=120000Kb used=21530Kb max_used=21839Kb free=98469Kb
 bounds [0x000001d717a00000, 0x000001d718f60000, 0x000001d71ef30000]
CodeHeap 'non-nmethods': size=5760Kb used=1386Kb max_used=1454Kb free=4373Kb
 bounds [0x000001d71ef30000, 0x000001d71f1a0000, 0x000001d71f4d0000]
 total_blobs=9153 nmethods=8436 adapters=627
 compilation: enabled
              stopped_count=0, restarted_count=0
 full_count=0

Compilation events (20 events):
Event: 18.468 Thread 0x000001d72e3ed5d0 nmethod 9811 0x000001d718890a10 code [0x000001d718890c40, 0x000001d7188914c8]
Event: 18.468 Thread 0x000001d72e3ed5d0 9812       3       org.jetbrains.kotlin.backend.jvm.lower.TailCallOptimizationLowering$lower$1::visitDeclaration (7 bytes)
Event: 18.469 Thread 0x000001d72e3ed5d0 nmethod 9812 0x000001d71888fe10 code [0x000001d718890040, 0x000001d718890728]
Event: 18.469 Thread 0x000001d72e3ed5d0 9813       3       org.jetbrains.kotlin.ir.visitors.IrElementTransformer$DefaultImpls::visitDeclaration (17 bytes)
Event: 18.469 Thread 0x000001d72e3ed5d0 nmethod 9813 0x000001d71888f310 code [0x000001d71888f520, 0x000001d71888fb88]
Event: 18.469 Thread 0x000001d72e3ed5d0 9814       3       org.jetbrains.kotlin.backend.jvm.lower.TailCallOptimizationLowering$lower$1::visitValueParameter (10 bytes)
Event: 18.470 Thread 0x000001d72e3ed5d0 nmethod 9814 0x000001d71888e090 code [0x000001d71888e300, 0x000001d71888eeb8]
Event: 18.470 Thread 0x000001d72e3ed5d0 9815       3       org.jetbrains.kotlin.backend.jvm.lower.TailCallOptimizationLowering$lower$1::visitValueParameter (7 bytes)
Event: 18.470 Thread 0x000001d72e3ed5d0 nmethod 9815 0x000001d71888cc10 code [0x000001d71888cec0, 0x000001d71888dba8]
Event: 18.470 Thread 0x000001d72e3ed5d0 9816       3       org.jetbrains.kotlin.ir.visitors.IrElementTransformer$DefaultImpls::visitValueParameter (18 bytes)
Event: 18.471 Thread 0x000001d72e3ed5d0 nmethod 9816 0x000001d71888c110 code [0x000001d71888c320, 0x000001d71888c968]
Event: 18.471 Thread 0x000001d72e3ed5d0 9817       3       org.jetbrains.kotlin.ir.declarations.IrField::accept (15 bytes)
Event: 18.471 Thread 0x000001d72e3ed5d0 nmethod 9817 0x000001d71888b610 code [0x000001d71888b820, 0x000001d71888bea8]
Event: 18.471 Thread 0x000001d72e3ed5d0 9818       3       org.jetbrains.kotlin.ir.expressions.IrDelegatingConstructorCall::accept (15 bytes)
Event: 18.471 Thread 0x000001d72e3ed5d0 nmethod 9818 0x000001d71888ab10 code [0x000001d71888ad20, 0x000001d71888b3a8]
Event: 18.472 Thread 0x000001d72e3ed5d0 9819       3       org.jetbrains.kotlin.backend.common.DeclarationTransformer$Visitor::visitFunction (78 bytes)
Event: 18.473 Thread 0x000001d72e3ed5d0 nmethod 9819 0x000001d718888e90 code [0x000001d7188891e0, 0x000001d71888a4a8]
Event: 18.473 Thread 0x000001d72e3ed5d0 9820       3       org.jetbrains.kotlin.backend.common.DeclarationTransformer$Visitor::visitSimpleFunction (13 bytes)
Event: 18.474 Thread 0x000001d72e3ed5d0 nmethod 9820 0x000001d718887b90 code [0x000001d718887e40, 0x000001d718888a28]
Event: 18.474 Thread 0x000001d72e3ed5d0 9821       3       org.jetbrains.kotlin.backend.common.DeclarationTransformer$Visitor::visitSimpleFunction (7 bytes)

GC Heap History (20 events):
Event: 11.291 GC heap after
{Heap after GC invocations=14 (full 0):
 garbage-first heap   total 91136K, used 40741K [0x0000000082600000, 0x0000000100000000)
  region size 1024K, 5 young (5120K), 5 survivors (5120K)
 Metaspace       used 55758K, committed 55936K, reserved 1114112K
  class space    used 6700K, committed 6784K, reserved 1048576K
}
Event: 12.399 GC heap before
{Heap before GC invocations=14 (full 0):
 garbage-first heap   total 91136K, used 69413K [0x0000000082600000, 0x0000000100000000)
  region size 1024K, 33 young (33792K), 5 survivors (5120K)
 Metaspace       used 57915K, committed 58176K, reserved 1114112K
  class space    used 6946K, committed 7104K, reserved 1048576K
}
Event: 12.420 GC heap after
{Heap after GC invocations=15 (full 0):
 garbage-first heap   total 91136K, used 44821K [0x0000000082600000, 0x0000000100000000)
  region size 1024K, 4 young (4096K), 4 survivors (4096K)
 Metaspace       used 57915K, committed 58176K, reserved 1114112K
  class space    used 6946K, committed 7104K, reserved 1048576K
}
Event: 12.935 GC heap before
{Heap before GC invocations=15 (full 0):
 garbage-first heap   total 91136K, used 69397K [0x0000000082600000, 0x0000000100000000)
  region size 1024K, 29 young (29696K), 4 survivors (4096K)
 Metaspace       used 58835K, committed 59200K, reserved 1114112K
  class space    used 7050K, committed 7232K, reserved 1048576K
}
Event: 12.953 GC heap after
{Heap after GC invocations=16 (full 0):
 garbage-first heap   total 91136K, used 48262K [0x0000000082600000, 0x0000000100000000)
  region size 1024K, 4 young (4096K), 4 survivors (4096K)
 Metaspace       used 58835K, committed 59200K, reserved 1114112K
  class space    used 7050K, committed 7232K, reserved 1048576K
}
Event: 14.763 GC heap before
{Heap before GC invocations=17 (full 0):
 garbage-first heap   total 91136K, used 69766K [0x0000000082600000, 0x0000000100000000)
  region size 1024K, 26 young (26624K), 4 survivors (4096K)
 Metaspace       used 60339K, committed 60608K, reserved 1114112K
  class space    used 7213K, committed 7360K, reserved 1048576K
}
Event: 14.784 GC heap after
{Heap after GC invocations=18 (full 0):
 garbage-first heap   total 91136K, used 52330K [0x0000000082600000, 0x0000000100000000)
  region size 1024K, 4 young (4096K), 4 survivors (4096K)
 Metaspace       used 60339K, committed 60608K, reserved 1114112K
  class space    used 7213K, committed 7360K, reserved 1048576K
}
Event: 14.851 GC heap before
{Heap before GC invocations=18 (full 0):
 garbage-first heap   total 91136K, used 53354K [0x0000000082600000, 0x0000000100000000)
  region size 1024K, 5 young (5120K), 4 survivors (4096K)
 Metaspace       used 60440K, committed 60736K, reserved 1114112K
  class space    used 7219K, committed 7360K, reserved 1048576K
}
Event: 14.863 GC heap after
{Heap after GC invocations=19 (full 0):
 garbage-first heap   total 109568K, used 52522K [0x0000000082600000, 0x0000000100000000)
  region size 1024K, 1 young (1024K), 1 survivors (1024K)
 Metaspace       used 60440K, committed 60736K, reserved 1114112K
  class space    used 7219K, committed 7360K, reserved 1048576K
}
Event: 15.953 GC heap before
{Heap before GC invocations=19 (full 0):
 garbage-first heap   total 109568K, used 85290K [0x0000000082600000, 0x0000000100000000)
  region size 1024K, 33 young (33792K), 1 survivors (1024K)
 Metaspace       used 65019K, committed 65344K, reserved 1114112K
  class space    used 7707K, committed 7872K, reserved 1048576K
}
Event: 15.970 GC heap after
{Heap after GC invocations=20 (full 0):
 garbage-first heap   total 109568K, used 55802K [0x0000000082600000, 0x0000000100000000)
  region size 1024K, 4 young (4096K), 4 survivors (4096K)
 Metaspace       used 65019K, committed 65344K, reserved 1114112K
  class space    used 7707K, committed 7872K, reserved 1048576K
}
Event: 16.895 GC heap before
{Heap before GC invocations=21 (full 0):
 garbage-first heap   total 109568K, used 86522K [0x0000000082600000, 0x0000000100000000)
  region size 1024K, 34 young (34816K), 4 survivors (4096K)
 Metaspace       used 69971K, committed 70336K, reserved 1114112K
  class space    used 8230K, committed 8384K, reserved 1048576K
}
Event: 16.911 GC heap after
{Heap after GC invocations=22 (full 0):
 garbage-first heap   total 109568K, used 59207K [0x0000000082600000, 0x0000000100000000)
  region size 1024K, 4 young (4096K), 4 survivors (4096K)
 Metaspace       used 69971K, committed 70336K, reserved 1114112K
  class space    used 8230K, committed 8384K, reserved 1048576K
}
Event: 16.946 GC heap before
{Heap before GC invocations=22 (full 0):
 garbage-first heap   total 109568K, used 60231K [0x0000000082600000, 0x0000000100000000)
  region size 1024K, 5 young (5120K), 4 survivors (4096K)
 Metaspace       used 70248K, committed 70592K, reserved 1114112K
  class space    used 8268K, committed 8448K, reserved 1048576K
}
Event: 16.956 GC heap after
{Heap after GC invocations=23 (full 0):
 garbage-first heap   total 109568K, used 58511K [0x0000000082600000, 0x0000000100000000)
  region size 1024K, 1 young (1024K), 1 survivors (1024K)
 Metaspace       used 70248K, committed 70592K, reserved 1114112K
  class space    used 8268K, committed 8448K, reserved 1048576K
}
Event: 17.690 GC heap before
{Heap before GC invocations=23 (full 0):
 garbage-first heap   total 109568K, used 87183K [0x0000000082600000, 0x0000000100000000)
  region size 1024K, 29 young (29696K), 1 survivors (1024K)
 Metaspace       used 71410K, committed 71808K, reserved 1114112K
  class space    used 8391K, committed 8576K, reserved 1048576K
}
Event: 17.707 GC heap after
{Heap after GC invocations=24 (full 0):
 garbage-first heap   total 109568K, used 63488K [0x0000000082600000, 0x0000000100000000)
  region size 1024K, 4 young (4096K), 4 survivors (4096K)
 Metaspace       used 71410K, committed 71808K, reserved 1114112K
  class space    used 8391K, committed 8576K, reserved 1048576K
}
Event: 18.375 GC heap before
{Heap before GC invocations=25 (full 0):
 garbage-first heap   total 111616K, used 87040K [0x0000000082600000, 0x0000000100000000)
  region size 1024K, 28 young (28672K), 4 survivors (4096K)
 Metaspace       used 76282K, committed 76608K, reserved 1179648K
  class space    used 8938K, committed 9088K, reserved 1048576K
}
Event: 18.394 GC heap after
{Heap after GC invocations=26 (full 0):
 garbage-first heap   total 111616K, used 65684K [0x0000000082600000, 0x0000000100000000)
  region size 1024K, 2 young (2048K), 2 survivors (2048K)
 Metaspace       used 76282K, committed 76608K, reserved 1179648K
  class space    used 8938K, committed 9088K, reserved 1048576K
}
Event: 18.474 GC heap before
{Heap before GC invocations=26 (full 0):
 garbage-first heap   total 111616K, used 68756K [0x0000000082600000, 0x0000000100000000)
  region size 1024K, 5 young (5120K), 2 survivors (2048K)
 Metaspace       used 77055K, committed 77440K, reserved 1179648K
  class space    used 9025K, committed 9216K, reserved 1048576K
}

Dll operation events (2 events):
Event: 0.010 Loaded shared library C:\Program Files\Android\Android Studio\jbr\bin\java.dll
Event: 2.013 Loaded shared library C:\Program Files\Android\Android Studio\jbr\bin\verify.dll

Deoptimization events (20 events):
Event: 18.107 Thread 0x000001d714529f30 Uncommon trap: trap_request=0xffffffc6 fr.pc=0x000001d71f794fa8 relative=0x00000000000030a8
Event: 18.107 Thread 0x000001d714529f30 Uncommon trap: reason=bimorphic_or_optimized_type_check action=maybe_recompile pc=0x000001d71f794fa8 method=org.jetbrains.kotlin.ir.util.IrUtilsKt.getFqNameWhenAvailable(Lorg/jetbrains/kotlin/ir/declarations/IrDeclarationWithName;)Lorg/jetbrains/kotlin/na
Event: 18.108 Thread 0x000001d714529f30 DEOPT PACKING pc=0x000001d71f794fa8 sp=0x000000a519af5d20
Event: 18.108 Thread 0x000001d714529f30 DEOPT UNPACKING pc=0x000001d71ef869a3 sp=0x000000a519af5d18 mode 2
Event: 18.109 Thread 0x000001d714529f30 Uncommon trap: trap_request=0xffffffc6 fr.pc=0x000001d71f794fa8 relative=0x00000000000030a8
Event: 18.109 Thread 0x000001d714529f30 Uncommon trap: reason=bimorphic_or_optimized_type_check action=maybe_recompile pc=0x000001d71f794fa8 method=org.jetbrains.kotlin.ir.util.IrUtilsKt.getFqNameWhenAvailable(Lorg/jetbrains/kotlin/ir/declarations/IrDeclarationWithName;)Lorg/jetbrains/kotlin/na
Event: 18.109 Thread 0x000001d714529f30 DEOPT PACKING pc=0x000001d71f794fa8 sp=0x000000a519af5be0
Event: 18.109 Thread 0x000001d714529f30 DEOPT UNPACKING pc=0x000001d71ef869a3 sp=0x000000a519af5bd8 mode 2
Event: 18.118 Thread 0x000001d714529f30 Uncommon trap: trap_request=0xffffffc6 fr.pc=0x000001d71f794fa8 relative=0x00000000000030a8
Event: 18.118 Thread 0x000001d714529f30 Uncommon trap: reason=bimorphic_or_optimized_type_check action=maybe_recompile pc=0x000001d71f794fa8 method=org.jetbrains.kotlin.ir.util.IrUtilsKt.getFqNameWhenAvailable(Lorg/jetbrains/kotlin/ir/declarations/IrDeclarationWithName;)Lorg/jetbrains/kotlin/na
Event: 18.119 Thread 0x000001d714529f30 DEOPT PACKING pc=0x000001d71f794fa8 sp=0x000000a519afa5f0
Event: 18.119 Thread 0x000001d714529f30 DEOPT UNPACKING pc=0x000001d71ef869a3 sp=0x000000a519afa5e8 mode 2
Event: 18.212 Thread 0x000001d714529f30 Uncommon trap: trap_request=0xffffffc6 fr.pc=0x000001d71f796eb4 relative=0x0000000000000574
Event: 18.212 Thread 0x000001d714529f30 Uncommon trap: reason=bimorphic_or_optimized_type_check action=maybe_recompile pc=0x000001d71f796eb4 method=org.jetbrains.kotlin.descriptors.impl.FunctionDescriptorImpl.isInfix()Z @ 44 c2
Event: 18.212 Thread 0x000001d714529f30 DEOPT PACKING pc=0x000001d71f796eb4 sp=0x000000a519afd520
Event: 18.212 Thread 0x000001d714529f30 DEOPT UNPACKING pc=0x000001d71ef869a3 sp=0x000000a519afd4b8 mode 2
Event: 18.360 Thread 0x000001d714529f30 Uncommon trap: trap_request=0xffffffc6 fr.pc=0x000001d71f796eb4 relative=0x0000000000000574
Event: 18.360 Thread 0x000001d714529f30 Uncommon trap: reason=bimorphic_or_optimized_type_check action=maybe_recompile pc=0x000001d71f796eb4 method=org.jetbrains.kotlin.descriptors.impl.FunctionDescriptorImpl.isInfix()Z @ 44 c2
Event: 18.360 Thread 0x000001d714529f30 DEOPT PACKING pc=0x000001d71f796eb4 sp=0x000000a519afd530
Event: 18.360 Thread 0x000001d714529f30 DEOPT UNPACKING pc=0x000001d71ef869a3 sp=0x000000a519afd4c8 mode 2

Classes unloaded (0 events):
No events

Classes redefined (0 events):
No events

Internal exceptions (20 events):
Event: 12.510 Thread 0x000001d714529f30 Implicit null exception at 0x000001d71f5d3694 to 0x000001d71f5d378c
Event: 12.510 Thread 0x000001d714529f30 Implicit null exception at 0x000001d71f537560 to 0x000001d71f5375fa
Event: 12.978 Thread 0x000001d714529f30 Exception <a 'java/lang/NoSuchMethodError'{0x000000008a35ca88}: 'java.lang.Object java.lang.invoke.DirectMethodHandle$Holder.invokeInterface(java.lang.Object, java.lang.Object, java.lang.Object)'> (0x000000008a35ca88) 
thrown [s\src\hotspot\share\interpreter\linkResolver.cpp, line 771]
Event: 12.978 Thread 0x000001d714529f30 Exception <a 'java/lang/IncompatibleClassChangeError'{0x000000008a3613e8}: Found class java.lang.Object, but interface was expected> (0x000000008a3613e8) 
thrown [s\src\hotspot\share\interpreter\linkResolver.cpp, line 838]
Event: 14.240 Thread 0x000001d714529f30 Exception <a 'java/lang/NoSuchMethodError'{0x0000000087447950}: 'java.lang.Object java.lang.invoke.DirectMethodHandle$Holder.newInvokeSpecial(java.lang.Object, java.lang.Object, java.lang.Object, java.lang.Object, java.lang.Object, java.lang.Object, java.lang.Object)'> (0x0000000087447950) 
thrown [s\src\hotspot\share\interpreter\linkResolver.cpp, line 771]
Event: 14.241 Thread 0x000001d714529f30 Exception <a 'java/lang/NoSuchMethodError'{0x000000008744d7a0}: 'java.lang.Object java.lang.invoke.Invokers$Holder.linkToTargetMethod(java.lang.Object, java.lang.Object, java.lang.Object, java.lang.Object, java.lang.Object, java.lang.Object, java.lang.Object)'> (0x000000008744d7a0) 
thrown [s\src\hotspot\share\interpreter\linkResolver.cpp, line 771]
Event: 14.964 Thread 0x000001d714529f30 Implicit null exception at 0x000001d71f759fc0 to 0x000001d71f75a8d0
Event: 15.156 Thread 0x000001d714529f30 Implicit null exception at 0x000001d71f759140 to 0x000001d71f7591cd
Event: 15.212 Thread 0x000001d714529f30 Exception <a 'java/lang/NoSuchMethodError'{0x0000000088787778}: 'java.lang.Object java.lang.invoke.DirectMethodHandle$Holder.newInvokeSpecial(java.lang.Object, int, java.lang.Object)'> (0x0000000088787778) 
thrown [s\src\hotspot\share\interpreter\linkResolver.cpp, line 771]
Event: 15.213 Thread 0x000001d714529f30 Exception <a 'java/lang/NoSuchMethodError'{0x000000008878e2f0}: 'int java.lang.invoke.DirectMethodHandle$Holder.invokeInterface(java.lang.Object, java.lang.Object)'> (0x000000008878e2f0) 
thrown [s\src\hotspot\share\interpreter\linkResolver.cpp, line 771]
Event: 15.523 Thread 0x000001d714529f30 Implicit null exception at 0x000001d71f570fef to 0x000001d71f5711c4
Event: 15.774 Thread 0x000001d714529f30 Exception <a 'java/lang/NoSuchMethodError'{0x00000000879e25a0}: 'java.lang.Object java.lang.invoke.DirectMethodHandle$Holder.invokeStaticInit(java.lang.Object, java.lang.Object, java.lang.Object, java.lang.Object)'> (0x00000000879e25a0) 
thrown [s\src\hotspot\share\interpreter\linkResolver.cpp, line 771]
Event: 16.101 Thread 0x000001d714529f30 Exception <a 'java/lang/NoSuchMethodError'{0x0000000088bdbe20}: 'java.lang.Object java.lang.invoke.DirectMethodHandle$Holder.newInvokeSpecial(java.lang.Object, java.lang.Object, java.lang.Object, int, int)'> (0x0000000088bdbe20) 
thrown [s\src\hotspot\share\interpreter\linkResolver.cpp, line 771]
Event: 16.102 Thread 0x000001d714529f30 Exception <a 'java/lang/NoSuchMethodError'{0x0000000088bdfc60}: 'java.lang.Object java.lang.invoke.DirectMethodHandle$Holder.invokeSpecial(java.lang.Object, java.lang.Object, java.lang.Object, java.lang.Object, int, int)'> (0x0000000088bdfc60) 
thrown [s\src\hotspot\share\interpreter\linkResolver.cpp, line 771]
Event: 16.304 Thread 0x000001d714529f30 Implicit null exception at 0x000001d71f53cf6f to 0x000001d71f53d1ac
Event: 16.308 Thread 0x000001d714529f30 Exception <a 'java/lang/NoSuchMethodError'{0x00000000884c6410}: 'java.lang.Object java.lang.invoke.DirectMethodHandle$Holder.invokeSpecial(java.lang.Object, java.lang.Object, int, int, java.lang.Object, java.lang.Object, java.lang.Object, java.lang.Object, java.lang.Object)'> (0x00000000884c6410) 
thrown [s\src\hotspot\share\interpreter\linkResolver.cpp, line 771]
Event: 16.393 Thread 0x000001d714529f30 Exception <a 'java/lang/NoSuchMethodError'{0x00000000881ebcf0}: 'java.lang.Object java.lang.invoke.DirectMethodHandle$Holder.newInvokeSpecial(java.lang.Object, java.lang.Object, int, int, java.lang.Object, java.lang.Object, java.lang.Object)'> (0x00000000881ebcf0) 
thrown [s\src\hotspot\share\interpreter\linkResolver.cpp, line 771]
Event: 16.393 Thread 0x000001d714529f30 Exception <a 'java/lang/NoSuchMethodError'{0x00000000881f0598}: 'java.lang.Object java.lang.invoke.DirectMethodHandle$Holder.invokeSpecial(java.lang.Object, java.lang.Object, java.lang.Object, int, int, java.lang.Object, java.lang.Object, java.lang.Object)'> (0x00000000881f0598) 
thrown [s\src\hotspot\share\interpreter\linkResolver.cpp, line 771]
Event: 16.473 Thread 0x000001d714529f30 Exception <a 'java/lang/NoSuchMethodError'{0x0000000087ff3698}: 'java.lang.Object java.lang.invoke.DirectMethodHandle$Holder.invokeStatic(java.lang.Object, int, java.lang.Object)'> (0x0000000087ff3698) 
thrown [s\src\hotspot\share\interpreter\linkResolver.cpp, line 771]
Event: 16.480 Thread 0x000001d714529f30 Exception <a 'java/lang/NoSuchMethodError'{0x0000000087e1b748}: 'java.lang.Object java.lang.invoke.DirectMethodHandle$Holder.newInvokeSpecial(java.lang.Object, int, java.lang.Object, java.lang.Object)'> (0x0000000087e1b748) 
thrown [s\src\hotspot\share\interpreter\linkResolver.cpp, line 771]

VM Operations (20 events):
Event: 17.977 Executing VM operation: HandshakeAllThreads done
Event: 17.978 Executing VM operation: HandshakeAllThreads
Event: 17.978 Executing VM operation: HandshakeAllThreads done
Event: 17.978 Executing VM operation: HandshakeAllThreads
Event: 17.978 Executing VM operation: HandshakeAllThreads done
Event: 17.985 Executing VM operation: HandshakeAllThreads
Event: 17.985 Executing VM operation: HandshakeAllThreads done
Event: 18.129 Executing VM operation: HandshakeAllThreads
Event: 18.129 Executing VM operation: HandshakeAllThreads done
Event: 18.178 Executing VM operation: ICBufferFull
Event: 18.178 Executing VM operation: ICBufferFull done
Event: 18.181 Executing VM operation: HandshakeAllThreads
Event: 18.181 Executing VM operation: HandshakeAllThreads done
Event: 18.263 Executing VM operation: HandshakeAllThreads
Event: 18.263 Executing VM operation: HandshakeAllThreads done
Event: 18.269 Executing VM operation: HandshakeAllThreads
Event: 18.269 Executing VM operation: HandshakeAllThreads done
Event: 18.375 Executing VM operation: G1CollectForAllocation
Event: 18.394 Executing VM operation: G1CollectForAllocation done
Event: 18.474 Executing VM operation: G1CollectForAllocation

Events (20 events):
Event: 18.003 Thread 0x000001d72e40daa0 flushing nmethod 0x000001d718cca690
Event: 18.003 Thread 0x000001d72e40daa0 flushing nmethod 0x000001d718cd0810
Event: 18.003 Thread 0x000001d72e40daa0 flushing nmethod 0x000001d718ce9e90
Event: 18.003 Thread 0x000001d72e40daa0 flushing nmethod 0x000001d718cfe410
Event: 18.003 Thread 0x000001d72e40daa0 flushing nmethod 0x000001d718cff810
Event: 18.003 Thread 0x000001d72e40daa0 flushing nmethod 0x000001d718d10f90
Event: 18.003 Thread 0x000001d72e40daa0 flushing nmethod 0x000001d718d29190
Event: 18.003 Thread 0x000001d72e40daa0 flushing nmethod 0x000001d718d2b410
Event: 18.003 Thread 0x000001d72e40daa0 flushing nmethod 0x000001d718d35910
Event: 18.003 Thread 0x000001d72e40daa0 flushing nmethod 0x000001d718d38990
Event: 18.003 Thread 0x000001d72e40daa0 flushing nmethod 0x000001d718d57d90
Event: 18.003 Thread 0x000001d72e40daa0 flushing nmethod 0x000001d718d58310
Event: 18.003 Thread 0x000001d72e40daa0 flushing nmethod 0x000001d718d59c90
Event: 18.003 Thread 0x000001d72e40daa0 flushing nmethod 0x000001d718d77d10
Event: 18.003 Thread 0x000001d72e40daa0 flushing nmethod 0x000001d718d78790
Event: 18.004 Thread 0x000001d72e40daa0 flushing nmethod 0x000001d718df5b90
Event: 18.004 Thread 0x000001d72e40daa0 flushing nmethod 0x000001d718e28c90
Event: 18.004 Thread 0x000001d72e40daa0 flushing nmethod 0x000001d718e31410
Event: 18.005 Thread 0x000001d72e40daa0 flushing nmethod 0x000001d718e38410
Event: 18.005 Thread 0x000001d72e40daa0 flushing nmethod 0x000001d718e57610


Dynamic libraries:
0x00007ff7812d0000 - 0x00007ff7812da000 	C:\Program Files\Android\Android Studio\jbr\bin\java.exe
0x00007ffc46c90000 - 0x00007ffc46ea6000 	C:\WINDOWS\SYSTEM32\ntdll.dll
0x00007ffc45ce0000 - 0x00007ffc45da4000 	C:\WINDOWS\System32\KERNEL32.DLL
0x00007ffc43fb0000 - 0x00007ffc44357000 	C:\WINDOWS\System32\KERNELBASE.dll
0x00007ffc44360000 - 0x00007ffc44471000 	C:\WINDOWS\System32\ucrtbase.dll
0x00007ffc38240000 - 0x00007ffc38257000 	C:\Program Files\Android\Android Studio\jbr\bin\jli.dll
0x00007ffc36280000 - 0x00007ffc3629b000 	C:\Program Files\Android\Android Studio\jbr\bin\VCRUNTIME140.dll
0x00007ffc449f0000 - 0x00007ffc44b9e000 	C:\WINDOWS\System32\USER32.dll
0x00007ffc44960000 - 0x00007ffc44986000 	C:\WINDOWS\System32\win32u.dll
0x00007ffc2f810000 - 0x00007ffc2faa3000 	C:\WINDOWS\WinSxS\amd64_microsoft.windows.common-controls_6595b64144ccf1df_6.0.22621.3235_none_270f74e173860f98\COMCTL32.dll
0x00007ffc45010000 - 0x00007ffc45039000 	C:\WINDOWS\System32\GDI32.dll
0x00007ffc45eb0000 - 0x00007ffc45f57000 	C:\WINDOWS\System32\msvcrt.dll
0x00007ffc44840000 - 0x00007ffc44959000 	C:\WINDOWS\System32\gdi32full.dll
0x00007ffc44730000 - 0x00007ffc447ca000 	C:\WINDOWS\System32\msvcp_win.dll
0x00007ffc44c20000 - 0x00007ffc44c51000 	C:\WINDOWS\System32\IMM32.DLL
0x00007ffc3e020000 - 0x00007ffc3e02c000 	C:\Program Files\Android\Android Studio\jbr\bin\vcruntime140_1.dll
0x00007ffc055f0000 - 0x00007ffc0567d000 	C:\Program Files\Android\Android Studio\jbr\bin\msvcp140.dll
0x00007ffbfa0b0000 - 0x00007ffbfad33000 	C:\Program Files\Android\Android Studio\jbr\bin\server\jvm.dll
0x00007ffc460c0000 - 0x00007ffc46172000 	C:\WINDOWS\System32\ADVAPI32.dll
0x00007ffc44f40000 - 0x00007ffc44fe8000 	C:\WINDOWS\System32\sechost.dll
0x00007ffc44990000 - 0x00007ffc449b8000 	C:\WINDOWS\System32\bcrypt.dll
0x00007ffc44e10000 - 0x00007ffc44f25000 	C:\WINDOWS\System32\RPCRT4.dll
0x00007ffc42e10000 - 0x00007ffc42e5d000 	C:\WINDOWS\SYSTEM32\POWRPROF.dll
0x00007ffc29af0000 - 0x00007ffc29af9000 	C:\WINDOWS\SYSTEM32\WSOCK32.dll
0x00007ffc3c300000 - 0x00007ffc3c334000 	C:\WINDOWS\SYSTEM32\WINMM.dll
0x00007ffc45e30000 - 0x00007ffc45ea1000 	C:\WINDOWS\System32\WS2_32.dll
0x00007ffc39520000 - 0x00007ffc3952a000 	C:\WINDOWS\SYSTEM32\VERSION.dll
0x00007ffc42df0000 - 0x00007ffc42e03000 	C:\WINDOWS\SYSTEM32\UMPDC.dll
0x00007ffc430a0000 - 0x00007ffc430b8000 	C:\WINDOWS\SYSTEM32\kernel.appcore.dll
0x00007ffc3de30000 - 0x00007ffc3de3a000 	C:\Program Files\Android\Android Studio\jbr\bin\jimage.dll
0x00007ffc41080000 - 0x00007ffc412b3000 	C:\WINDOWS\SYSTEM32\DBGHELP.DLL
0x00007ffc467d0000 - 0x00007ffc46b58000 	C:\WINDOWS\System32\combase.dll
0x00007ffc45c00000 - 0x00007ffc45cd7000 	C:\WINDOWS\System32\OLEAUT32.dll
0x00007ffc29bf0000 - 0x00007ffc29c22000 	C:\WINDOWS\SYSTEM32\dbgcore.DLL
0x00007ffc44540000 - 0x00007ffc445b9000 	C:\WINDOWS\System32\bcryptPrimitives.dll
0x00007ffc3c460000 - 0x00007ffc3c485000 	C:\Program Files\Android\Android Studio\jbr\bin\java.dll
0x00007ffc3c380000 - 0x00007ffc3c398000 	C:\Program Files\Android\Android Studio\jbr\bin\zip.dll
0x00007ffc451f0000 - 0x00007ffc45a4c000 	C:\WINDOWS\System32\SHELL32.dll
0x00007ffc41ed0000 - 0x00007ffc427c9000 	C:\WINDOWS\SYSTEM32\windows.storage.dll
0x00007ffc41d90000 - 0x00007ffc41ece000 	C:\WINDOWS\SYSTEM32\wintypes.dll
0x00007ffc44d10000 - 0x00007ffc44e03000 	C:\WINDOWS\System32\SHCORE.dll
0x00007ffc46b60000 - 0x00007ffc46bbe000 	C:\WINDOWS\System32\shlwapi.dll
0x00007ffc43ee0000 - 0x00007ffc43f01000 	C:\WINDOWS\SYSTEM32\profapi.dll
0x00007ffc3c000000 - 0x00007ffc3c019000 	C:\Program Files\Android\Android Studio\jbr\bin\net.dll
0x00007ffc406e0000 - 0x00007ffc40816000 	C:\WINDOWS\SYSTEM32\WINHTTP.dll
0x00007ffc43500000 - 0x00007ffc43569000 	C:\WINDOWS\system32\mswsock.dll
0x00007ffc382c0000 - 0x00007ffc382d6000 	C:\Program Files\Android\Android Studio\jbr\bin\nio.dll
0x00007ffc3d4d0000 - 0x00007ffc3d4e0000 	C:\Program Files\Android\Android Studio\jbr\bin\verify.dll

dbghelp: loaded successfully - version: 4.0.5 - missing functions: none
symbol engine: initialized successfully - sym options: 0x614 - pdb path: .;C:\Program Files\Android\Android Studio\jbr\bin;C:\WINDOWS\SYSTEM32;C:\WINDOWS\WinSxS\amd64_microsoft.windows.common-controls_6595b64144ccf1df_6.0.22621.3235_none_270f74e173860f98;C:\Program Files\Android\Android Studio\jbr\bin\server

VM Arguments:
java_command: org.jetbrains.kotlin.cli.jvm.K2JVMCompiler @C:\Users\RAWAN\ToDoApp\app\build\20240509_14086395583605889861.compiler.options
java_class_path (initial): C:\Users\RAWAN\caches\modules-2\files-2.1\org.jetbrains.kotlin\kotlin-compiler-embeddable\1.9.0\2c8c3a7402becca891f12739b3e9fd2dc2adbd7a\kotlin-compiler-embeddable-1.9.0.jar;C:\Users\RAWAN\caches\modules-2\files-2.1\org.jetbrains.kotlin\kotlin-stdlib\1.9.0\8ee15ef0c67dc83d874f412d84378d7f0eb50b63\kotlin-stdlib-1.9.0.jar;C:\Users\RAWAN\caches\modules-2\files-2.1\org.jetbrains.kotlin\kotlin-script-runtime\1.9.0\4b3102cbbb7e1b58d9d1adf89563f00069ffa7d1\kotlin-script-runtime-1.9.0.jar;C:\Users\RAWAN\caches\modules-2\files-2.1\org.jetbrains.kotlin\kotlin-reflect\1.6.10\1cbe9c92c12a94eea200d23c2bbaedaf3daf5132\kotlin-reflect-1.6.10.jar;C:\Users\RAWAN\caches\modules-2\files-2.1\org.jetbrains.kotlin\kotlin-daemon-embeddable\1.9.0\186543f5e28cf8d9a0290fecc2cf34301c40a65c\kotlin-daemon-embeddable-1.9.0.jar;C:\Users\RAWAN\caches\modules-2\files-2.1\org.jetbrains.intellij.deps\trove4j\1.0.20200330\3afb14d5f9ceb459d724e907a21145e8ff394f02\trove4j-1.0.20200330.jar;C:\Users\RAWAN\caches\modules-2\files-2.1\org.jetbrains.kotlin\kotlin-stdlib-common\1.9.0\cd65c21cfd1eec4d44ef09f9f52b6d9f8a720636\kotlin-stdlib-common-1.9.0.jar;C:\Users\RAWAN\caches\modules-2\files-2.1\org.jetbrains\annotations\13.0\919f0dfe192fb4e063e7dacadee7f8bb9a2672a9\annotations-13.0.jar
Launcher Type: SUN_STANDARD

[Global flags]
     intx CICompilerCount                          = 4                                         {product} {ergonomic}
     uint ConcGCThreads                            = 2                                         {product} {ergonomic}
     uint G1ConcRefinementThreads                  = 8                                         {product} {ergonomic}
   size_t G1HeapRegionSize                         = 1048576                                   {product} {ergonomic}
    uintx GCDrainStackTargetSize                   = 64                                        {product} {ergonomic}
   size_t InitialHeapSize                          = 132120576                                 {product} {ergonomic}
   size_t MarkStackSize                            = 4194304                                   {product} {ergonomic}
   size_t MaxHeapSize                              = 2107637760                                {product} {ergonomic}
   size_t MaxNewSize                               = 1264582656                                {product} {ergonomic}
   size_t MinHeapDeltaBytes                        = 1048576                                   {product} {ergonomic}
   size_t MinHeapSize                              = 8388608                                   {product} {ergonomic}
    uintx NonNMethodCodeHeapSize                   = 5839372                                {pd product} {ergonomic}
    uintx NonProfiledCodeHeapSize                  = 122909434                              {pd product} {ergonomic}
    uintx ProfiledCodeHeapSize                     = 122909434                              {pd product} {ergonomic}
    uintx ReservedCodeCacheSize                    = 251658240                              {pd product} {ergonomic}
     bool SegmentedCodeCache                       = true                                      {product} {ergonomic}
   size_t SoftMaxHeapSize                          = 2107637760                             {manageable} {ergonomic}
     bool UseCompressedClassPointers               = true                           {product lp64_product} {ergonomic}
     bool UseCompressedOops                        = true                           {product lp64_product} {ergonomic}
     bool UseG1GC                                  = true                                      {product} {ergonomic}
     bool UseLargePagesIndividualAllocation        = false                                  {pd product} {ergonomic}

Logging:
Log output configuration:
 #0: stdout all=warning uptime,level,tags
 #1: stderr all=off uptime,level,tags

Environment Variables:
JAVA_HOME=C:\Program Files\Java\jre-1.8
PATH=C:\Program Files\Common Files\Oracle\Java\javapath;C:\Program Files (x86)\Common Files\Oracle\Java\javapath;C:\Program Files (x86)\VMware\VMware Workstation\bin\;D:\app\RAWAN\product\11.2.0\dbhome_2\bin;C:\WINDOWS\system32;C:\WINDOWS;C:\WINDOWS\System32\Wbem;C:\WINDOWS\System32\WindowsPowerShell\v1.0\;C:\WINDOWS\System32\OpenSSH\;C:\Program Files\Intel\WiFi\bin\;C:\Program Files\Common Files\Intel\WirelessCommon\;C:\WINDOWS\system32;C:\WINDOWS;C:\WINDOWS\System32\Wbem;C:\WINDOWS\System32\WindowsPowerShell\v1.0\;C:\WINDOWS\System32\OpenSSH\;C:\Program Files\Java\jre-1.8\bin;C:\Program Files\Java\jdk-21\bin;C:\Program Files\Git\cmd;C:\Program Files\nodejs\;C:\Users\RAWAN\AppData\Local\Microsoft\WindowsApps;C:\Program Files\JetBrains\PyCharm 2023.3.3\bin;C:\Program Files\Java\jdk-21\bin;C:\Program Files\Java\jre-1.8\bin;C:\Users\RAWAN\AppData\Local\Microsoft\WindowsApps;C:\Users\RAWAN\AppData\Local\Programs\Microsoft VS Code\bin;C:\Users\RAWAN\AppData\Roaming\npm
USERNAME=RAWAN
OS=Windows_NT
PROCESSOR_IDENTIFIER=Intel64 Family 6 Model 142 Stepping 11, GenuineIntel
TMP=C:\Users\RAWAN\AppData\Local\Temp
TEMP=C:\Users\RAWAN\AppData\Local\Temp



Periodic native trim disabled

JNI global refs:
JNI global refs: 11, weak refs: 2

JNI global refs memory usage: 843, weak refs: 841

OOME stack traces (most recent first):
Classloader memory used:
Loader jdk.internal.loader.ClassLoaders$AppClassLoader                                 : 7966K
Loader bootstrap                                                                       : 1399K
Loader java.net.URLClassLoader                                                         : 252K
Loader jdk.internal.reflect.DelegatingClassLoader                                      : 11982B
Loader jdk.internal.loader.ClassLoaders$PlatformClassLoader                            : 2276B


---------------  S Y S T E M  ---------------

OS:
 Windows 11 , 64 bit Build 22621 (10.0.22621.3374)
OS uptime: 2 days 1:16 hours
Hyper-V role detected

CPU: total 8 (initial active 8) (4 cores per cpu, 2 threads per core) family 6 model 142 stepping 11 microcode 0xde, cx8, cmov, fxsr, ht, mmx, 3dnowpref, sse, sse2, sse3, ssse3, sse4.1, sse4.2, popcnt, lzcnt, tsc, tscinvbit, avx, avx2, aes, erms, clmul, bmi1, bmi2, adx, fma, vzeroupper, clflush, clflushopt, hv
Processor Information for all 8 processors :
  Max Mhz: 1800, Current Mhz: 1800, Mhz Limit: 1584

Memory: 4k page, system-wide physical 8037M (604M free)
TotalPageFile size 24702M (AvailPageFile size 63M)
current process WorkingSet (physical memory assigned to process): 309M, peak: 309M
current process commit charge ("private bytes"): 361M, peak: 454M

vm_info: OpenJDK 64-Bit Server VM (17.0.9+0--11185874) for windows-amd64 JRE (17.0.9+0--11185874), built on Dec  6 2023 18:57:44 by "androidbuild" with MS VC++ 16.10 / 16.11 (VS2019)

END.
