#
# There is insufficient memory for the Java Runtime Environment to continue.
# Native memory allocation (malloc) failed to allocate 1827248 bytes for Chunk::new
# Possible reasons:
#   The system is out of physical RAM or swap space
#   The process is running with CompressedOops enabled, and the Java Heap may be blocking the growth of the native heap
# Possible solutions:
#   Reduce memory load on the system
#   Increase physical memory or swap space
#   Check if swap backing store is full
#   Decrease Java heap size (-Xmx/-Xms)
#   Decrease number of Java threads
#   Decrease Java thread stack sizes (-Xss)
#   Set larger code cache with -XX:ReservedCodeCacheSize=
#   JVM is running with Unscaled Compressed Oops mode in which the Java heap is
#     placed in the first 4GB address space. The Java Heap base address is the
#     maximum limit for the native heap growth. Please use -XX:HeapBaseMinAddress
#     to set the Java Heap base and to place the Java Heap above 4GB virtual address.
# This output file may be truncated or incomplete.
#
#  Out of Memory Error (arena.cpp:191), pid=1284, tid=19204
#
# JRE version: OpenJDK Runtime Environment (17.0.9) (build 17.0.9+0--11185874)
# Java VM: OpenJDK 64-Bit Server VM (17.0.9+0--11185874, mixed mode, tiered, compressed oops, compressed class ptrs, g1 gc, windows-amd64)
# No core dump will be written. Minidumps are not enabled by default on client versions of Windows
#

---------------  S U M M A R Y ------------

Command Line: org.jetbrains.kotlin.cli.jvm.K2JVMCompiler @C:\Users\RAWAN\ToDoApp\app\build\20240509_16696205979465179048.compiler.options

Host: Intel(R) Core(TM) i5-8265U CPU @ 1.60GHz, 8 cores, 7G,  Windows 11 , 64 bit Build 22621 (10.0.22621.3374)
Time: Thu May  9 21:34:36 2024 Arab Standard Time elapsed time: 9.246662 seconds (0d 0h 0m 9s)

---------------  T H R E A D  ---------------

Current thread (0x000001d26d3b57e0):  JavaThread "C2 CompilerThread0" daemon [_thread_in_native, id=19204, stack(0x00000083bed00000,0x00000083bee00000)]


Current CompileTask:
C2:   9246 10539       4       org.jetbrains.kotlin.ir.util.TypeTranslator::translateType (625 bytes)

Stack: [0x00000083bed00000,0x00000083bee00000]
Native frames: (J=compiled Java code, j=interpreted, Vv=VM code, C=native code)
V  [jvm.dll+0x6886e9]
V  [jvm.dll+0x841e4a]
V  [jvm.dll+0x843a8e]
V  [jvm.dll+0x8440f3]
V  [jvm.dll+0x24c14f]
V  [jvm.dll+0xac44c]
V  [jvm.dll+0xaca9c]
V  [jvm.dll+0x36c1f7]
V  [jvm.dll+0x33651a]
V  [jvm.dll+0x3359ba]
V  [jvm.dll+0x21ddb1]
V  [jvm.dll+0x21d1d1]
V  [jvm.dll+0x1a674d]
V  [jvm.dll+0x22d088]
V  [jvm.dll+0x22b1c0]
V  [jvm.dll+0x7f62f7]
V  [jvm.dll+0x7f06aa]
V  [jvm.dll+0x687565]
C  [ucrtbase.dll+0x29333]
C  [KERNEL32.DLL+0x1257d]
C  [ntdll.dll+0x5aa48]


---------------  P R O C E S S  ---------------

Threads class SMR info:
_java_thread_list=0x000001d27358d570, length=13, elements={
0x000001d2534eb6e0, 0x000001d26d2245a0, 0x000001d26d360540, 0x000001d26d3bdf80,
0x000001d26d3bee00, 0x000001d26d3bfb20, 0x000001d26d3b4be0, 0x000001d26d3b57e0,
0x000001d26d3b7100, 0x000001d26d3b7a10, 0x000001d26d51ac80, 0x000001d26d516aa0,
0x000001d272e867f0
}

Java Threads: ( => current thread )
  0x000001d2534eb6e0 JavaThread "main" [_thread_in_Java, id=19092, stack(0x00000083be000000,0x00000083be100000)]
  0x000001d26d2245a0 JavaThread "Reference Handler" daemon [_thread_blocked, id=19364, stack(0x00000083be700000,0x00000083be800000)]
  0x000001d26d360540 JavaThread "Finalizer" daemon [_thread_blocked, id=19832, stack(0x00000083be800000,0x00000083be900000)]
  0x000001d26d3bdf80 JavaThread "Signal Dispatcher" daemon [_thread_blocked, id=17116, stack(0x00000083be900000,0x00000083bea00000)]
  0x000001d26d3bee00 JavaThread "Attach Listener" daemon [_thread_blocked, id=13360, stack(0x00000083bea00000,0x00000083beb00000)]
  0x000001d26d3bfb20 JavaThread "Service Thread" daemon [_thread_blocked, id=4696, stack(0x00000083beb00000,0x00000083bec00000)]
  0x000001d26d3b4be0 JavaThread "Monitor Deflation Thread" daemon [_thread_blocked, id=17052, stack(0x00000083bec00000,0x00000083bed00000)]
=>0x000001d26d3b57e0 JavaThread "C2 CompilerThread0" daemon [_thread_in_native, id=19204, stack(0x00000083bed00000,0x00000083bee00000)]
  0x000001d26d3b7100 JavaThread "C1 CompilerThread0" daemon [_thread_blocked, id=4956, stack(0x00000083bee00000,0x00000083bef00000)]
  0x000001d26d3b7a10 JavaThread "Sweeper thread" daemon [_thread_blocked, id=18992, stack(0x00000083bef00000,0x00000083bf000000)]
  0x000001d26d51ac80 JavaThread "Notification Thread" daemon [_thread_blocked, id=22224, stack(0x00000083bf000000,0x00000083bf100000)]
  0x000001d26d516aa0 JavaThread "Common-Cleaner" daemon [_thread_blocked, id=22800, stack(0x00000083bf200000,0x00000083bf300000)]
  0x000001d272e867f0 JavaThread "C2 CompilerThread1" daemon [_thread_in_native, id=17816, stack(0x00000083bf300000,0x00000083bf400000)]

Other Threads:
  0x000001d26d219930 VMThread "VM Thread" [stack: 0x00000083be600000,0x00000083be700000] [id=15592]
  0x000001d26d51b160 WatcherThread [stack: 0x00000083bf100000,0x00000083bf200000] [id=19292]
  0x000001d2535464b0 GCTaskThread "GC Thread#0" [stack: 0x00000083be100000,0x00000083be200000] [id=22852]
  0x000001d27223afd0 GCTaskThread "GC Thread#1" [stack: 0x00000083bf400000,0x00000083bf500000] [id=12028]
  0x000001d27235a3e0 GCTaskThread "GC Thread#2" [stack: 0x00000083bf500000,0x00000083bf600000] [id=16228]
  0x000001d27231b3f0 GCTaskThread "GC Thread#3" [stack: 0x00000083bf600000,0x00000083bf700000] [id=20868]
  0x000001d27231b6b0 GCTaskThread "GC Thread#4" [stack: 0x00000083bf700000,0x00000083bf800000] [id=7176]
  0x000001d272a791c0 GCTaskThread "GC Thread#5" [stack: 0x00000083bf800000,0x00000083bf900000] [id=23248]
  0x000001d272a11220 GCTaskThread "GC Thread#6" [stack: 0x00000083bf900000,0x00000083bfa00000] [id=22284]
  0x000001d272cf1d60 GCTaskThread "GC Thread#7" [stack: 0x00000083bfa00000,0x00000083bfb00000] [id=10952]
  0x000001d253557f50 ConcurrentGCThread "G1 Main Marker" [stack: 0x00000083be200000,0x00000083be300000] [id=14040]
  0x000001d253558970 ConcurrentGCThread "G1 Conc#0" [stack: 0x00000083be300000,0x00000083be400000] [id=21516]
  0x000001d272aa7160 ConcurrentGCThread "G1 Conc#1" [stack: 0x00000083bfb00000,0x00000083bfc00000] [id=8744]
  0x000001d25359dcc0 ConcurrentGCThread "G1 Refine#0" [stack: 0x00000083be400000,0x00000083be500000] [id=10576]
  0x000001d25359e6f0 ConcurrentGCThread "G1 Service" [stack: 0x00000083be500000,0x00000083be600000] [id=15304]

Threads with active compile tasks:
C2 CompilerThread0     9265 10539       4       org.jetbrains.kotlin.ir.util.TypeTranslator::translateType (625 bytes)
C2 CompilerThread1     9265 10508   !   4       jdk.internal.loader.BuiltinClassLoader::loadClassOrNull (143 bytes)

VM state: not at safepoint (normal execution)

VM Mutex/Monitor currently owned by a thread: None

Heap address: 0x0000000082600000, size: 2010 MB, Compressed Oops mode: 32-bit

CDS archive(s) not mapped
Compressed class space mapped at: 0x0000000100000000-0x0000000140000000, reserved size: 1073741824
Narrow klass base: 0x0000000000000000, Narrow klass shift: 3, Narrow klass range: 0x140000000

GC Precious Log:
 CPUs: 8 total, 8 available
 Memory: 8037M
 Large Page Support: Disabled
 NUMA Support: Disabled
 Compressed Oops: Enabled (32-bit)
 Heap Region Size: 1M
 Heap Min Capacity: 8M
 Heap Initial Capacity: 126M
 Heap Max Capacity: 2010M
 Pre-touch: Disabled
 Parallel Workers: 8
 Concurrent Workers: 2
 Concurrent Refinement Workers: 8
 Periodic GC: Disabled

Heap:
 garbage-first heap   total 231424K, used 149240K [0x0000000082600000, 0x0000000100000000)
  region size 1024K, 88 young (90112K), 1 survivors (1024K)
 Metaspace       used 82716K, committed 83072K, reserved 1179648K
  class space    used 9558K, committed 9728K, reserved 1048576K

Heap Regions: E=young(eden), S=young(survivor), O=old, HS=humongous(starts), HC=humongous(continues), CS=collection set, F=free, OA=open archive, CA=closed archive, TAMS=top-at-mark-start (previous, next)
|   0|0x0000000082600000, 0x0000000082700000, 0x0000000082700000|100%|HS|  |TAMS 0x0000000082700000, 0x0000000082600000| Complete 
|   1|0x0000000082700000, 0x0000000082800000, 0x0000000082800000|100%|HC|  |TAMS 0x0000000082800000, 0x0000000082700000| Complete 
|   2|0x0000000082800000, 0x0000000082900000, 0x0000000082900000|100%|HC|  |TAMS 0x0000000082900000, 0x0000000082800000| Complete 
|   3|0x0000000082900000, 0x0000000082a00000, 0x0000000082a00000|100%|HC|  |TAMS 0x0000000082a00000, 0x0000000082900000| Complete 
|   4|0x0000000082a00000, 0x0000000082b00000, 0x0000000082b00000|100%| O|  |TAMS 0x0000000082b00000, 0x0000000082a00000| Untracked 
|   5|0x0000000082b00000, 0x0000000082c00000, 0x0000000082c00000|100%| O|  |TAMS 0x0000000082c00000, 0x0000000082b00000| Untracked 
|   6|0x0000000082c00000, 0x0000000082d00000, 0x0000000082d00000|100%| O|  |TAMS 0x0000000082d00000, 0x0000000082c00000| Untracked 
|   7|0x0000000082d00000, 0x0000000082e00000, 0x0000000082e00000|100%| O|  |TAMS 0x0000000082e00000, 0x0000000082d00000| Untracked 
|   8|0x0000000082e00000, 0x0000000082f00000, 0x0000000082f00000|100%| O|  |TAMS 0x0000000082f00000, 0x0000000082e00000| Untracked 
|   9|0x0000000082f00000, 0x0000000083000000, 0x0000000083000000|100%| O|  |TAMS 0x0000000083000000, 0x0000000082f00000| Untracked 
|  10|0x0000000083000000, 0x0000000083100000, 0x0000000083100000|100%| O|  |TAMS 0x0000000083100000, 0x0000000083000000| Untracked 
|  11|0x0000000083100000, 0x0000000083200000, 0x0000000083200000|100%| O|  |TAMS 0x0000000083200000, 0x0000000083100000| Untracked 
|  12|0x0000000083200000, 0x0000000083300000, 0x0000000083300000|100%| O|  |TAMS 0x0000000083300000, 0x0000000083200000| Untracked 
|  13|0x0000000083300000, 0x0000000083400000, 0x0000000083400000|100%| O|  |TAMS 0x0000000083400000, 0x0000000083300000| Untracked 
|  14|0x0000000083400000, 0x0000000083500000, 0x0000000083500000|100%| O|  |TAMS 0x0000000083500000, 0x0000000083400000| Untracked 
|  15|0x0000000083500000, 0x0000000083600000, 0x0000000083600000|100%| O|  |TAMS 0x0000000083600000, 0x0000000083500000| Untracked 
|  16|0x0000000083600000, 0x0000000083700000, 0x0000000083700000|100%| O|  |TAMS 0x0000000083700000, 0x0000000083600000| Untracked 
|  17|0x0000000083700000, 0x0000000083800000, 0x0000000083800000|100%| O|  |TAMS 0x0000000083800000, 0x0000000083700000| Untracked 
|  18|0x0000000083800000, 0x0000000083900000, 0x0000000083900000|100%| O|  |TAMS 0x0000000083900000, 0x0000000083800000| Untracked 
|  19|0x0000000083900000, 0x0000000083a00000, 0x0000000083a00000|100%| O|  |TAMS 0x0000000083a00000, 0x0000000083900000| Untracked 
|  20|0x0000000083a00000, 0x0000000083b00000, 0x0000000083b00000|100%| O|  |TAMS 0x0000000083b00000, 0x0000000083a00000| Untracked 
|  21|0x0000000083b00000, 0x0000000083c00000, 0x0000000083c00000|100%| O|  |TAMS 0x0000000083c00000, 0x0000000083b00000| Untracked 
|  22|0x0000000083c00000, 0x0000000083d00000, 0x0000000083d00000|100%| O|  |TAMS 0x0000000083d00000, 0x0000000083c00000| Untracked 
|  23|0x0000000083d00000, 0x0000000083e00000, 0x0000000083e00000|100%| O|  |TAMS 0x0000000083e00000, 0x0000000083d00000| Untracked 
|  24|0x0000000083e00000, 0x0000000083f00000, 0x0000000083f00000|100%|HS|  |TAMS 0x0000000083f00000, 0x0000000083e00000| Complete 
|  25|0x0000000083f00000, 0x0000000084000000, 0x0000000084000000|100%|HC|  |TAMS 0x0000000084000000, 0x0000000083f00000| Complete 
|  26|0x0000000084000000, 0x0000000084100000, 0x0000000084100000|100%| O|  |TAMS 0x0000000084100000, 0x0000000084000000| Untracked 
|  27|0x0000000084100000, 0x0000000084200000, 0x0000000084200000|100%| O|  |TAMS 0x0000000084200000, 0x0000000084100000| Untracked 
|  28|0x0000000084200000, 0x0000000084300000, 0x0000000084300000|100%| O|  |TAMS 0x0000000084300000, 0x0000000084200000| Untracked 
|  29|0x0000000084300000, 0x0000000084400000, 0x0000000084400000|100%| O|  |TAMS 0x0000000084400000, 0x0000000084300000| Untracked 
|  30|0x0000000084400000, 0x0000000084500000, 0x0000000084500000|100%| O|  |TAMS 0x0000000084500000, 0x0000000084400000| Untracked 
|  31|0x0000000084500000, 0x0000000084600000, 0x0000000084600000|100%| O|  |TAMS 0x0000000084600000, 0x0000000084500000| Untracked 
|  32|0x0000000084600000, 0x0000000084700000, 0x0000000084700000|100%| O|  |TAMS 0x0000000084700000, 0x0000000084600000| Untracked 
|  33|0x0000000084700000, 0x0000000084800000, 0x0000000084800000|100%| O|  |TAMS 0x0000000084800000, 0x0000000084700000| Untracked 
|  34|0x0000000084800000, 0x0000000084900000, 0x0000000084900000|100%| O|  |TAMS 0x0000000084900000, 0x0000000084800000| Untracked 
|  35|0x0000000084900000, 0x0000000084a00000, 0x0000000084a00000|100%| O|  |TAMS 0x0000000084a00000, 0x0000000084900000| Untracked 
|  36|0x0000000084a00000, 0x0000000084b00000, 0x0000000084b00000|100%| O|  |TAMS 0x0000000084b00000, 0x0000000084a00000| Untracked 
|  37|0x0000000084b00000, 0x0000000084c00000, 0x0000000084c00000|100%| O|  |TAMS 0x0000000084c00000, 0x0000000084b00000| Untracked 
|  38|0x0000000084c00000, 0x0000000084d00000, 0x0000000084d00000|100%| O|  |TAMS 0x0000000084d00000, 0x0000000084c00000| Untracked 
|  39|0x0000000084d00000, 0x0000000084e00000, 0x0000000084e00000|100%| O|  |TAMS 0x0000000084e00000, 0x0000000084d00000| Untracked 
|  40|0x0000000084e00000, 0x0000000084f00000, 0x0000000084f00000|100%| O|  |TAMS 0x0000000084f00000, 0x0000000084e00000| Untracked 
|  41|0x0000000084f00000, 0x0000000085000000, 0x0000000085000000|100%| O|  |TAMS 0x0000000085000000, 0x0000000084f00000| Untracked 
|  42|0x0000000085000000, 0x0000000085100000, 0x0000000085100000|100%| O|  |TAMS 0x0000000085100000, 0x0000000085000000| Untracked 
|  43|0x0000000085100000, 0x0000000085100000, 0x0000000085200000|  0%| F|  |TAMS 0x0000000085100000, 0x0000000085100000| Untracked 
|  44|0x0000000085200000, 0x0000000085300000, 0x0000000085300000|100%| O|  |TAMS 0x0000000085300000, 0x0000000085200000| Untracked 
|  45|0x0000000085300000, 0x0000000085400000, 0x0000000085400000|100%| O|  |TAMS 0x0000000085400000, 0x0000000085300000| Untracked 
|  46|0x0000000085400000, 0x0000000085500000, 0x0000000085500000|100%| O|  |TAMS 0x0000000085500000, 0x0000000085400000| Untracked 
|  47|0x0000000085500000, 0x0000000085600000, 0x0000000085600000|100%| O|  |TAMS 0x0000000085510a00, 0x0000000085500000| Untracked 
|  48|0x0000000085600000, 0x0000000085700000, 0x0000000085700000|100%| O|  |TAMS 0x0000000085600000, 0x0000000085600000| Untracked 
|  49|0x0000000085700000, 0x0000000085800000, 0x0000000085800000|100%| O|  |TAMS 0x0000000085700000, 0x0000000085700000| Untracked 
|  50|0x0000000085800000, 0x0000000085900000, 0x0000000085900000|100%| O|  |TAMS 0x0000000085800000, 0x0000000085800000| Untracked 
|  51|0x0000000085900000, 0x0000000085a00000, 0x0000000085a00000|100%| O|  |TAMS 0x0000000085900000, 0x0000000085900000| Untracked 
|  52|0x0000000085a00000, 0x0000000085b00000, 0x0000000085b00000|100%| O|  |TAMS 0x0000000085a00000, 0x0000000085a00000| Untracked 
|  53|0x0000000085b00000, 0x0000000085c00000, 0x0000000085c00000|100%| O|  |TAMS 0x0000000085b00000, 0x0000000085b00000| Untracked 
|  54|0x0000000085c00000, 0x0000000085d00000, 0x0000000085d00000|100%| O|  |TAMS 0x0000000085c00000, 0x0000000085c00000| Untracked 
|  55|0x0000000085d00000, 0x0000000085e00000, 0x0000000085e00000|100%| O|  |TAMS 0x0000000085d00000, 0x0000000085d00000| Untracked 
|  56|0x0000000085e00000, 0x0000000085f00000, 0x0000000085f00000|100%| O|  |TAMS 0x0000000085e00000, 0x0000000085e00000| Untracked 
|  57|0x0000000085f00000, 0x0000000086000000, 0x0000000086000000|100%| O|  |TAMS 0x0000000085f00000, 0x0000000085f00000| Untracked 
|  58|0x0000000086000000, 0x0000000086100000, 0x0000000086100000|100%| O|  |TAMS 0x0000000086000000, 0x0000000086000000| Untracked 
|  59|0x0000000086100000, 0x0000000086200000, 0x0000000086200000|100%| O|  |TAMS 0x0000000086100000, 0x0000000086100000| Untracked 
|  60|0x0000000086200000, 0x0000000086200000, 0x0000000086300000|  0%| F|  |TAMS 0x0000000086200000, 0x0000000086200000| Untracked 
|  61|0x0000000086300000, 0x0000000086300000, 0x0000000086400000|  0%| F|  |TAMS 0x0000000086300000, 0x0000000086300000| Untracked 
|  62|0x0000000086400000, 0x0000000086400000, 0x0000000086500000|  0%| F|  |TAMS 0x0000000086400000, 0x0000000086400000| Untracked 
|  63|0x0000000086500000, 0x0000000086500000, 0x0000000086600000|  0%| F|  |TAMS 0x0000000086500000, 0x0000000086500000| Untracked 
|  64|0x0000000086600000, 0x0000000086600000, 0x0000000086700000|  0%| F|  |TAMS 0x0000000086600000, 0x0000000086600000| Untracked 
|  65|0x0000000086700000, 0x0000000086700000, 0x0000000086800000|  0%| F|  |TAMS 0x0000000086700000, 0x0000000086700000| Untracked 
|  66|0x0000000086800000, 0x0000000086800000, 0x0000000086900000|  0%| F|  |TAMS 0x0000000086800000, 0x0000000086800000| Untracked 
|  67|0x0000000086900000, 0x0000000086900000, 0x0000000086a00000|  0%| F|  |TAMS 0x0000000086900000, 0x0000000086900000| Untracked 
|  68|0x0000000086a00000, 0x0000000086a00000, 0x0000000086b00000|  0%| F|  |TAMS 0x0000000086a00000, 0x0000000086a00000| Untracked 
|  69|0x0000000086b00000, 0x0000000086b00000, 0x0000000086c00000|  0%| F|  |TAMS 0x0000000086b00000, 0x0000000086b00000| Untracked 
|  70|0x0000000086c00000, 0x0000000086c00000, 0x0000000086d00000|  0%| F|  |TAMS 0x0000000086c00000, 0x0000000086c00000| Untracked 
|  71|0x0000000086d00000, 0x0000000086d00000, 0x0000000086e00000|  0%| F|  |TAMS 0x0000000086d00000, 0x0000000086d00000| Untracked 
|  72|0x0000000086e00000, 0x0000000086e00000, 0x0000000086f00000|  0%| F|  |TAMS 0x0000000086e00000, 0x0000000086e00000| Untracked 
|  73|0x0000000086f00000, 0x0000000086f00000, 0x0000000087000000|  0%| F|  |TAMS 0x0000000086f00000, 0x0000000086f00000| Untracked 
|  74|0x0000000087000000, 0x0000000087000000, 0x0000000087100000|  0%| F|  |TAMS 0x0000000087000000, 0x0000000087000000| Untracked 
|  75|0x0000000087100000, 0x0000000087100000, 0x0000000087200000|  0%| F|  |TAMS 0x0000000087100000, 0x0000000087100000| Untracked 
|  76|0x0000000087200000, 0x0000000087200000, 0x0000000087300000|  0%| F|  |TAMS 0x0000000087200000, 0x0000000087200000| Untracked 
|  77|0x0000000087300000, 0x0000000087300000, 0x0000000087400000|  0%| F|  |TAMS 0x0000000087300000, 0x0000000087300000| Untracked 
|  78|0x0000000087400000, 0x0000000087400000, 0x0000000087500000|  0%| F|  |TAMS 0x0000000087400000, 0x0000000087400000| Untracked 
|  79|0x0000000087500000, 0x0000000087500000, 0x0000000087600000|  0%| F|  |TAMS 0x0000000087500000, 0x0000000087500000| Untracked 
|  80|0x0000000087600000, 0x0000000087600000, 0x0000000087700000|  0%| F|  |TAMS 0x0000000087600000, 0x0000000087600000| Untracked 
|  81|0x0000000087700000, 0x0000000087700000, 0x0000000087800000|  0%| F|  |TAMS 0x0000000087700000, 0x0000000087700000| Untracked 
|  82|0x0000000087800000, 0x0000000087800000, 0x0000000087900000|  0%| F|  |TAMS 0x0000000087800000, 0x0000000087800000| Untracked 
|  83|0x0000000087900000, 0x0000000087900000, 0x0000000087a00000|  0%| F|  |TAMS 0x0000000087900000, 0x0000000087900000| Untracked 
|  84|0x0000000087a00000, 0x0000000087a00000, 0x0000000087b00000|  0%| F|  |TAMS 0x0000000087a00000, 0x0000000087a00000| Untracked 
|  85|0x0000000087b00000, 0x0000000087b00000, 0x0000000087c00000|  0%| F|  |TAMS 0x0000000087b00000, 0x0000000087b00000| Untracked 
|  86|0x0000000087c00000, 0x0000000087c00000, 0x0000000087d00000|  0%| F|  |TAMS 0x0000000087c00000, 0x0000000087c00000| Untracked 
|  87|0x0000000087d00000, 0x0000000087d00000, 0x0000000087e00000|  0%| F|  |TAMS 0x0000000087d00000, 0x0000000087d00000| Untracked 
|  88|0x0000000087e00000, 0x0000000087e00000, 0x0000000087f00000|  0%| F|  |TAMS 0x0000000087e00000, 0x0000000087e00000| Untracked 
|  89|0x0000000087f00000, 0x0000000087f00000, 0x0000000088000000|  0%| F|  |TAMS 0x0000000087f00000, 0x0000000087f00000| Untracked 
|  90|0x0000000088000000, 0x0000000088000000, 0x0000000088100000|  0%| F|  |TAMS 0x0000000088000000, 0x0000000088000000| Untracked 
|  91|0x0000000088100000, 0x0000000088100000, 0x0000000088200000|  0%| F|  |TAMS 0x0000000088100000, 0x0000000088100000| Untracked 
|  92|0x0000000088200000, 0x0000000088200000, 0x0000000088300000|  0%| F|  |TAMS 0x0000000088200000, 0x0000000088200000| Untracked 
|  93|0x0000000088300000, 0x0000000088300000, 0x0000000088400000|  0%| F|  |TAMS 0x0000000088300000, 0x0000000088300000| Untracked 
|  94|0x0000000088400000, 0x0000000088400000, 0x0000000088500000|  0%| F|  |TAMS 0x0000000088400000, 0x0000000088400000| Untracked 
|  95|0x0000000088500000, 0x0000000088500000, 0x0000000088600000|  0%| F|  |TAMS 0x0000000088500000, 0x0000000088500000| Untracked 
|  96|0x0000000088600000, 0x0000000088600000, 0x0000000088700000|  0%| F|  |TAMS 0x0000000088600000, 0x0000000088600000| Untracked 
|  97|0x0000000088700000, 0x0000000088700000, 0x0000000088800000|  0%| F|  |TAMS 0x0000000088700000, 0x0000000088700000| Untracked 
|  98|0x0000000088800000, 0x0000000088800000, 0x0000000088900000|  0%| F|  |TAMS 0x0000000088800000, 0x0000000088800000| Untracked 
|  99|0x0000000088900000, 0x0000000088900000, 0x0000000088a00000|  0%| F|  |TAMS 0x0000000088900000, 0x0000000088900000| Untracked 
| 100|0x0000000088a00000, 0x0000000088a00000, 0x0000000088b00000|  0%| F|  |TAMS 0x0000000088a00000, 0x0000000088a00000| Untracked 
| 101|0x0000000088b00000, 0x0000000088b00000, 0x0000000088c00000|  0%| F|  |TAMS 0x0000000088b00000, 0x0000000088b00000| Untracked 
| 102|0x0000000088c00000, 0x0000000088cbe150, 0x0000000088d00000| 74%| S|CS|TAMS 0x0000000088c00000, 0x0000000088c00000| Complete 
| 103|0x0000000088d00000, 0x0000000088d00000, 0x0000000088e00000|  0%| F|  |TAMS 0x0000000088d00000, 0x0000000088d00000| Untracked 
| 104|0x0000000088e00000, 0x0000000088e00000, 0x0000000088f00000|  0%| F|  |TAMS 0x0000000088e00000, 0x0000000088e00000| Untracked 
| 105|0x0000000088f00000, 0x0000000088f00000, 0x0000000089000000|  0%| F|  |TAMS 0x0000000088f00000, 0x0000000088f00000| Untracked 
| 106|0x0000000089000000, 0x0000000089000000, 0x0000000089100000|  0%| F|  |TAMS 0x0000000089000000, 0x0000000089000000| Untracked 
| 107|0x0000000089100000, 0x0000000089100000, 0x0000000089200000|  0%| F|  |TAMS 0x0000000089100000, 0x0000000089100000| Untracked 
| 108|0x0000000089200000, 0x0000000089200000, 0x0000000089300000|  0%| F|  |TAMS 0x0000000089200000, 0x0000000089200000| Untracked 
| 109|0x0000000089300000, 0x0000000089300000, 0x0000000089400000|  0%| F|  |TAMS 0x0000000089300000, 0x0000000089300000| Untracked 
| 110|0x0000000089400000, 0x0000000089400000, 0x0000000089500000|  0%| F|  |TAMS 0x0000000089400000, 0x0000000089400000| Untracked 
| 111|0x0000000089500000, 0x0000000089500000, 0x0000000089600000|  0%| F|  |TAMS 0x0000000089500000, 0x0000000089500000| Untracked 
| 112|0x0000000089600000, 0x0000000089600000, 0x0000000089700000|  0%| F|  |TAMS 0x0000000089600000, 0x0000000089600000| Untracked 
| 113|0x0000000089700000, 0x0000000089700000, 0x0000000089800000|  0%| F|  |TAMS 0x0000000089700000, 0x0000000089700000| Untracked 
| 114|0x0000000089800000, 0x0000000089800000, 0x0000000089900000|  0%| F|  |TAMS 0x0000000089800000, 0x0000000089800000| Untracked 
| 115|0x0000000089900000, 0x0000000089900000, 0x0000000089a00000|  0%| F|  |TAMS 0x0000000089900000, 0x0000000089900000| Untracked 
| 116|0x0000000089a00000, 0x0000000089a00000, 0x0000000089b00000|  0%| F|  |TAMS 0x0000000089a00000, 0x0000000089a00000| Untracked 
| 117|0x0000000089b00000, 0x0000000089b00000, 0x0000000089c00000|  0%| F|  |TAMS 0x0000000089b00000, 0x0000000089b00000| Untracked 
| 118|0x0000000089c00000, 0x0000000089c00000, 0x0000000089d00000|  0%| F|  |TAMS 0x0000000089c00000, 0x0000000089c00000| Untracked 
| 119|0x0000000089d00000, 0x0000000089d00000, 0x0000000089e00000|  0%| F|  |TAMS 0x0000000089d00000, 0x0000000089d00000| Untracked 
| 120|0x0000000089e00000, 0x0000000089e00000, 0x0000000089f00000|  0%| F|  |TAMS 0x0000000089e00000, 0x0000000089e00000| Untracked 
| 121|0x0000000089f00000, 0x0000000089f00000, 0x000000008a000000|  0%| F|  |TAMS 0x0000000089f00000, 0x0000000089f00000| Untracked 
| 122|0x000000008a000000, 0x000000008a000000, 0x000000008a100000|  0%| F|  |TAMS 0x000000008a000000, 0x000000008a000000| Untracked 
| 123|0x000000008a100000, 0x000000008a100000, 0x000000008a200000|  0%| F|  |TAMS 0x000000008a100000, 0x000000008a100000| Untracked 
| 124|0x000000008a200000, 0x000000008a200000, 0x000000008a300000|  0%| F|  |TAMS 0x000000008a200000, 0x000000008a200000| Untracked 
| 125|0x000000008a300000, 0x000000008a300000, 0x000000008a400000|  0%| F|  |TAMS 0x000000008a300000, 0x000000008a300000| Untracked 
| 126|0x000000008a400000, 0x000000008a400000, 0x000000008a500000|  0%| F|  |TAMS 0x000000008a400000, 0x000000008a400000| Untracked 
| 127|0x000000008a500000, 0x000000008a500000, 0x000000008a600000|  0%| F|  |TAMS 0x000000008a500000, 0x000000008a500000| Untracked 
| 128|0x000000008a600000, 0x000000008a600000, 0x000000008a700000|  0%| F|  |TAMS 0x000000008a600000, 0x000000008a600000| Untracked 
| 129|0x000000008a700000, 0x000000008a700000, 0x000000008a800000|  0%| F|  |TAMS 0x000000008a700000, 0x000000008a700000| Untracked 
| 130|0x000000008a800000, 0x000000008a800000, 0x000000008a900000|  0%| F|  |TAMS 0x000000008a800000, 0x000000008a800000| Untracked 
| 131|0x000000008a900000, 0x000000008a900000, 0x000000008aa00000|  0%| F|  |TAMS 0x000000008a900000, 0x000000008a900000| Untracked 
| 132|0x000000008aa00000, 0x000000008aa00000, 0x000000008ab00000|  0%| F|  |TAMS 0x000000008aa00000, 0x000000008aa00000| Untracked 
| 133|0x000000008ab00000, 0x000000008ab00000, 0x000000008ac00000|  0%| F|  |TAMS 0x000000008ab00000, 0x000000008ab00000| Untracked 
| 134|0x000000008ac00000, 0x000000008ac00000, 0x000000008ad00000|  0%| F|  |TAMS 0x000000008ac00000, 0x000000008ac00000| Untracked 
| 135|0x000000008ad00000, 0x000000008ad00000, 0x000000008ae00000|  0%| F|  |TAMS 0x000000008ad00000, 0x000000008ad00000| Untracked 
| 136|0x000000008ae00000, 0x000000008ae00000, 0x000000008af00000|  0%| F|  |TAMS 0x000000008ae00000, 0x000000008ae00000| Untracked 
| 137|0x000000008af00000, 0x000000008af00000, 0x000000008b000000|  0%| F|  |TAMS 0x000000008af00000, 0x000000008af00000| Untracked 
| 138|0x000000008b000000, 0x000000008b000000, 0x000000008b100000|  0%| F|  |TAMS 0x000000008b000000, 0x000000008b000000| Untracked 
| 139|0x000000008b100000, 0x000000008b200000, 0x000000008b200000|100%| E|  |TAMS 0x000000008b100000, 0x000000008b100000| Complete 
| 140|0x000000008b200000, 0x000000008b300000, 0x000000008b300000|100%| E|CS|TAMS 0x000000008b200000, 0x000000008b200000| Complete 
| 141|0x000000008b300000, 0x000000008b400000, 0x000000008b400000|100%| E|CS|TAMS 0x000000008b300000, 0x000000008b300000| Complete 
| 142|0x000000008b400000, 0x000000008b500000, 0x000000008b500000|100%| E|CS|TAMS 0x000000008b400000, 0x000000008b400000| Complete 
| 143|0x000000008b500000, 0x000000008b600000, 0x000000008b600000|100%| E|CS|TAMS 0x000000008b500000, 0x000000008b500000| Complete 
| 144|0x000000008b600000, 0x000000008b700000, 0x000000008b700000|100%| E|CS|TAMS 0x000000008b600000, 0x000000008b600000| Complete 
| 145|0x000000008b700000, 0x000000008b800000, 0x000000008b800000|100%| E|CS|TAMS 0x000000008b700000, 0x000000008b700000| Complete 
| 146|0x000000008b800000, 0x000000008b900000, 0x000000008b900000|100%| E|CS|TAMS 0x000000008b800000, 0x000000008b800000| Complete 
| 147|0x000000008b900000, 0x000000008ba00000, 0x000000008ba00000|100%| E|CS|TAMS 0x000000008b900000, 0x000000008b900000| Complete 
| 148|0x000000008ba00000, 0x000000008bb00000, 0x000000008bb00000|100%| E|CS|TAMS 0x000000008ba00000, 0x000000008ba00000| Complete 
| 149|0x000000008bb00000, 0x000000008bc00000, 0x000000008bc00000|100%| E|CS|TAMS 0x000000008bb00000, 0x000000008bb00000| Complete 
| 150|0x000000008bc00000, 0x000000008bd00000, 0x000000008bd00000|100%| E|CS|TAMS 0x000000008bc00000, 0x000000008bc00000| Complete 
| 151|0x000000008bd00000, 0x000000008be00000, 0x000000008be00000|100%| E|CS|TAMS 0x000000008bd00000, 0x000000008bd00000| Complete 
| 152|0x000000008be00000, 0x000000008bf00000, 0x000000008bf00000|100%| E|CS|TAMS 0x000000008be00000, 0x000000008be00000| Complete 
| 153|0x000000008bf00000, 0x000000008c000000, 0x000000008c000000|100%| E|CS|TAMS 0x000000008bf00000, 0x000000008bf00000| Complete 
| 154|0x000000008c000000, 0x000000008c100000, 0x000000008c100000|100%| E|CS|TAMS 0x000000008c000000, 0x000000008c000000| Complete 
| 155|0x000000008c100000, 0x000000008c200000, 0x000000008c200000|100%| E|CS|TAMS 0x000000008c100000, 0x000000008c100000| Complete 
| 156|0x000000008c200000, 0x000000008c300000, 0x000000008c300000|100%| E|CS|TAMS 0x000000008c200000, 0x000000008c200000| Complete 
| 157|0x000000008c300000, 0x000000008c400000, 0x000000008c400000|100%| E|CS|TAMS 0x000000008c300000, 0x000000008c300000| Complete 
| 158|0x000000008c400000, 0x000000008c500000, 0x000000008c500000|100%| E|CS|TAMS 0x000000008c400000, 0x000000008c400000| Complete 
| 159|0x000000008c500000, 0x000000008c600000, 0x000000008c600000|100%| E|CS|TAMS 0x000000008c500000, 0x000000008c500000| Complete 
| 160|0x000000008c600000, 0x000000008c700000, 0x000000008c700000|100%| E|CS|TAMS 0x000000008c600000, 0x000000008c600000| Complete 
| 161|0x000000008c700000, 0x000000008c800000, 0x000000008c800000|100%| E|CS|TAMS 0x000000008c700000, 0x000000008c700000| Complete 
| 162|0x000000008c800000, 0x000000008c900000, 0x000000008c900000|100%| E|CS|TAMS 0x000000008c800000, 0x000000008c800000| Complete 
| 163|0x000000008c900000, 0x000000008ca00000, 0x000000008ca00000|100%| E|CS|TAMS 0x000000008c900000, 0x000000008c900000| Complete 
| 164|0x000000008ca00000, 0x000000008cb00000, 0x000000008cb00000|100%| E|CS|TAMS 0x000000008ca00000, 0x000000008ca00000| Complete 
| 165|0x000000008cb00000, 0x000000008cc00000, 0x000000008cc00000|100%| E|CS|TAMS 0x000000008cb00000, 0x000000008cb00000| Complete 
| 166|0x000000008cc00000, 0x000000008cd00000, 0x000000008cd00000|100%| E|CS|TAMS 0x000000008cc00000, 0x000000008cc00000| Complete 
| 167|0x000000008cd00000, 0x000000008ce00000, 0x000000008ce00000|100%| E|CS|TAMS 0x000000008cd00000, 0x000000008cd00000| Complete 
| 168|0x000000008ce00000, 0x000000008cf00000, 0x000000008cf00000|100%| E|CS|TAMS 0x000000008ce00000, 0x000000008ce00000| Complete 
| 169|0x000000008cf00000, 0x000000008d000000, 0x000000008d000000|100%| E|CS|TAMS 0x000000008cf00000, 0x000000008cf00000| Complete 
| 170|0x000000008d000000, 0x000000008d100000, 0x000000008d100000|100%| E|CS|TAMS 0x000000008d000000, 0x000000008d000000| Complete 
| 171|0x000000008d100000, 0x000000008d200000, 0x000000008d200000|100%| E|CS|TAMS 0x000000008d100000, 0x000000008d100000| Complete 
| 172|0x000000008d200000, 0x000000008d300000, 0x000000008d300000|100%| E|CS|TAMS 0x000000008d200000, 0x000000008d200000| Complete 
| 173|0x000000008d300000, 0x000000008d400000, 0x000000008d400000|100%| E|CS|TAMS 0x000000008d300000, 0x000000008d300000| Complete 
| 174|0x000000008d400000, 0x000000008d500000, 0x000000008d500000|100%| E|CS|TAMS 0x000000008d400000, 0x000000008d400000| Complete 
| 175|0x000000008d500000, 0x000000008d600000, 0x000000008d600000|100%| E|CS|TAMS 0x000000008d500000, 0x000000008d500000| Complete 
| 176|0x000000008d600000, 0x000000008d700000, 0x000000008d700000|100%| E|CS|TAMS 0x000000008d600000, 0x000000008d600000| Complete 
| 177|0x000000008d700000, 0x000000008d800000, 0x000000008d800000|100%| E|CS|TAMS 0x000000008d700000, 0x000000008d700000| Complete 
| 178|0x000000008d800000, 0x000000008d900000, 0x000000008d900000|100%| E|CS|TAMS 0x000000008d800000, 0x000000008d800000| Complete 
| 179|0x000000008d900000, 0x000000008da00000, 0x000000008da00000|100%| E|CS|TAMS 0x000000008d900000, 0x000000008d900000| Complete 
| 180|0x000000008da00000, 0x000000008db00000, 0x000000008db00000|100%| E|CS|TAMS 0x000000008da00000, 0x000000008da00000| Complete 
| 181|0x000000008db00000, 0x000000008dc00000, 0x000000008dc00000|100%| E|CS|TAMS 0x000000008db00000, 0x000000008db00000| Complete 
| 182|0x000000008dc00000, 0x000000008dd00000, 0x000000008dd00000|100%| E|CS|TAMS 0x000000008dc00000, 0x000000008dc00000| Complete 
| 183|0x000000008dd00000, 0x000000008de00000, 0x000000008de00000|100%| E|CS|TAMS 0x000000008dd00000, 0x000000008dd00000| Complete 
| 184|0x000000008de00000, 0x000000008df00000, 0x000000008df00000|100%| E|CS|TAMS 0x000000008de00000, 0x000000008de00000| Complete 
| 185|0x000000008df00000, 0x000000008e000000, 0x000000008e000000|100%| E|CS|TAMS 0x000000008df00000, 0x000000008df00000| Complete 
| 186|0x000000008e000000, 0x000000008e100000, 0x000000008e100000|100%| E|CS|TAMS 0x000000008e000000, 0x000000008e000000| Complete 
| 187|0x000000008e100000, 0x000000008e200000, 0x000000008e200000|100%| E|CS|TAMS 0x000000008e100000, 0x000000008e100000| Complete 
| 188|0x000000008e200000, 0x000000008e300000, 0x000000008e300000|100%| E|CS|TAMS 0x000000008e200000, 0x000000008e200000| Complete 
| 189|0x000000008e300000, 0x000000008e400000, 0x000000008e400000|100%| E|CS|TAMS 0x000000008e300000, 0x000000008e300000| Complete 
| 190|0x000000008e400000, 0x000000008e500000, 0x000000008e500000|100%| E|CS|TAMS 0x000000008e400000, 0x000000008e400000| Complete 
| 191|0x000000008e500000, 0x000000008e600000, 0x000000008e600000|100%| E|CS|TAMS 0x000000008e500000, 0x000000008e500000| Complete 
| 192|0x000000008e600000, 0x000000008e700000, 0x000000008e700000|100%| E|CS|TAMS 0x000000008e600000, 0x000000008e600000| Complete 
| 193|0x000000008e700000, 0x000000008e800000, 0x000000008e800000|100%| E|CS|TAMS 0x000000008e700000, 0x000000008e700000| Complete 
| 194|0x000000008e800000, 0x000000008e900000, 0x000000008e900000|100%| E|CS|TAMS 0x000000008e800000, 0x000000008e800000| Complete 
| 195|0x000000008e900000, 0x000000008ea00000, 0x000000008ea00000|100%| E|CS|TAMS 0x000000008e900000, 0x000000008e900000| Complete 
| 196|0x000000008ea00000, 0x000000008eb00000, 0x000000008eb00000|100%| E|CS|TAMS 0x000000008ea00000, 0x000000008ea00000| Complete 
| 197|0x000000008eb00000, 0x000000008ec00000, 0x000000008ec00000|100%| E|CS|TAMS 0x000000008eb00000, 0x000000008eb00000| Complete 
| 198|0x000000008ec00000, 0x000000008ed00000, 0x000000008ed00000|100%| E|CS|TAMS 0x000000008ec00000, 0x000000008ec00000| Complete 
| 199|0x000000008ed00000, 0x000000008ee00000, 0x000000008ee00000|100%| E|CS|TAMS 0x000000008ed00000, 0x000000008ed00000| Complete 
| 200|0x000000008ee00000, 0x000000008ef00000, 0x000000008ef00000|100%| E|CS|TAMS 0x000000008ee00000, 0x000000008ee00000| Complete 
| 201|0x000000008ef00000, 0x000000008f000000, 0x000000008f000000|100%| E|CS|TAMS 0x000000008ef00000, 0x000000008ef00000| Complete 
| 202|0x000000008f000000, 0x000000008f100000, 0x000000008f100000|100%| E|CS|TAMS 0x000000008f000000, 0x000000008f000000| Complete 
| 203|0x000000008f100000, 0x000000008f200000, 0x000000008f200000|100%| E|CS|TAMS 0x000000008f100000, 0x000000008f100000| Complete 
| 204|0x000000008f200000, 0x000000008f300000, 0x000000008f300000|100%| E|CS|TAMS 0x000000008f200000, 0x000000008f200000| Complete 
| 205|0x000000008f300000, 0x000000008f400000, 0x000000008f400000|100%| E|CS|TAMS 0x000000008f300000, 0x000000008f300000| Complete 
| 206|0x000000008f400000, 0x000000008f500000, 0x000000008f500000|100%| E|CS|TAMS 0x000000008f400000, 0x000000008f400000| Complete 
| 207|0x000000008f500000, 0x000000008f600000, 0x000000008f600000|100%| E|CS|TAMS 0x000000008f500000, 0x000000008f500000| Complete 
| 208|0x000000008f600000, 0x000000008f700000, 0x000000008f700000|100%| E|CS|TAMS 0x000000008f600000, 0x000000008f600000| Complete 
| 209|0x000000008f700000, 0x000000008f800000, 0x000000008f800000|100%| E|CS|TAMS 0x000000008f700000, 0x000000008f700000| Complete 
| 210|0x000000008f800000, 0x000000008f900000, 0x000000008f900000|100%| E|CS|TAMS 0x000000008f800000, 0x000000008f800000| Complete 
| 211|0x000000008f900000, 0x000000008fa00000, 0x000000008fa00000|100%| E|CS|TAMS 0x000000008f900000, 0x000000008f900000| Complete 
| 212|0x000000008fa00000, 0x000000008fb00000, 0x000000008fb00000|100%| E|CS|TAMS 0x000000008fa00000, 0x000000008fa00000| Complete 
| 213|0x000000008fb00000, 0x000000008fc00000, 0x000000008fc00000|100%| E|CS|TAMS 0x000000008fb00000, 0x000000008fb00000| Complete 
| 214|0x000000008fc00000, 0x000000008fd00000, 0x000000008fd00000|100%| E|CS|TAMS 0x000000008fc00000, 0x000000008fc00000| Complete 
| 215|0x000000008fd00000, 0x000000008fe00000, 0x000000008fe00000|100%| E|CS|TAMS 0x000000008fd00000, 0x000000008fd00000| Complete 
| 216|0x000000008fe00000, 0x000000008ff00000, 0x000000008ff00000|100%| E|CS|TAMS 0x000000008fe00000, 0x000000008fe00000| Complete 
| 217|0x000000008ff00000, 0x0000000090000000, 0x0000000090000000|100%| E|CS|TAMS 0x000000008ff00000, 0x000000008ff00000| Complete 
| 218|0x0000000090000000, 0x0000000090100000, 0x0000000090100000|100%| E|CS|TAMS 0x0000000090000000, 0x0000000090000000| Complete 
| 219|0x0000000090100000, 0x0000000090200000, 0x0000000090200000|100%| E|CS|TAMS 0x0000000090100000, 0x0000000090100000| Complete 
| 220|0x0000000090200000, 0x0000000090300000, 0x0000000090300000|100%| E|CS|TAMS 0x0000000090200000, 0x0000000090200000| Complete 
| 221|0x0000000090300000, 0x0000000090400000, 0x0000000090400000|100%| E|CS|TAMS 0x0000000090300000, 0x0000000090300000| Complete 
| 222|0x0000000090400000, 0x0000000090500000, 0x0000000090500000|100%| E|CS|TAMS 0x0000000090400000, 0x0000000090400000| Complete 
| 223|0x0000000090500000, 0x0000000090600000, 0x0000000090600000|100%| E|CS|TAMS 0x0000000090500000, 0x0000000090500000| Complete 
| 224|0x0000000090600000, 0x0000000090700000, 0x0000000090700000|100%| E|CS|TAMS 0x0000000090600000, 0x0000000090600000| Complete 
| 225|0x0000000090700000, 0x0000000090800000, 0x0000000090800000|100%| E|CS|TAMS 0x0000000090700000, 0x0000000090700000| Complete 

Card table byte_map: [0x000001d2660f0000,0x000001d2664e0000] _byte_map_base: 0x000001d265cdd000

Marking Bits (Prev, Next): (CMBitMap*) 0x000001d253546ad0, (CMBitMap*) 0x000001d253546b10
 Prev Bits: [0x000001d2668d0000, 0x000001d268838000)
 Next Bits: [0x000001d268840000, 0x000001d26a7a8000)

Polling page: 0x000001d251450000

Metaspace:

Usage:
  Non-class:     71.50 MB used.
      Class:      9.34 MB used.
       Both:     80.84 MB used.

Virtual space:
  Non-class space:      128.00 MB reserved,      71.69 MB ( 56%) committed,  2 nodes.
      Class space:        1.00 GB reserved,       9.50 MB ( <1%) committed,  1 nodes.
             Both:        1.12 GB reserved,      81.19 MB (  7%) committed. 

Chunk freelists:
   Non-Class:  7.53 MB
       Class:  6.33 MB
        Both:  13.86 MB

MaxMetaspaceSize: unlimited
CompressedClassSpaceSize: 1.00 GB
Initial GC threshold: 21.00 MB
Current GC threshold: 110.88 MB
CDS: off
MetaspaceReclaimPolicy: balanced
 - commit_granule_bytes: 65536.
 - commit_granule_words: 8192.
 - virtual_space_node_default_size: 8388608.
 - enlarge_chunks_in_place: 1.
 - new_chunks_are_fully_committed: 0.
 - uncommit_free_chunks: 1.
 - use_allocation_guard: 0.
 - handle_deallocations: 1.


Internal statistics:

num_allocs_failed_limit: 6.
num_arena_births: 434.
num_arena_deaths: 0.
num_vsnodes_births: 3.
num_vsnodes_deaths: 0.
num_space_committed: 1297.
num_space_uncommitted: 0.
num_chunks_returned_to_freelist: 6.
num_chunks_taken_from_freelist: 3059.
num_chunk_merges: 6.
num_chunk_splits: 2524.
num_chunks_enlarged: 2233.
num_inconsistent_stats: 0.

CodeHeap 'non-profiled nmethods': size=120000Kb used=4161Kb max_used=4161Kb free=115838Kb
 bounds [0x000001d25e490000, 0x000001d25e8b0000, 0x000001d2659c0000]
CodeHeap 'profiled nmethods': size=120000Kb used=23140Kb max_used=23140Kb free=96860Kb
 bounds [0x000001d2569c0000, 0x000001d258080000, 0x000001d25def0000]
CodeHeap 'non-nmethods': size=5760Kb used=1407Kb max_used=1474Kb free=4353Kb
 bounds [0x000001d25def0000, 0x000001d25e160000, 0x000001d25e490000]
 total_blobs=9871 nmethods=9134 adapters=645
 compilation: enabled
              stopped_count=0, restarted_count=0
 full_count=0

Compilation events (20 events):
Event: 9.236 Thread 0x000001d26d3b7100 nmethod 10575 0x000001d257630b10 code [0x000001d257630cc0, 0x000001d257630f88]
Event: 9.236 Thread 0x000001d26d3b7100 10579       1       org.jetbrains.kotlin.ir.declarations.lazy.IrLazyProperty::getName (5 bytes)
Event: 9.236 Thread 0x000001d26d3b7100 nmethod 10579 0x000001d25e89f690 code [0x000001d25e89f820, 0x000001d25e89f8f8]
Event: 9.236 Thread 0x000001d26d3b7100 10613       1       org.jetbrains.kotlin.ir.types.impl.IrTypeProjectionImpl::getType (5 bytes)
Event: 9.236 Thread 0x000001d26d3b7100 nmethod 10613 0x000001d25e89f990 code [0x000001d25e89fb20, 0x000001d25e89fbf8]
Event: 9.236 Thread 0x000001d26d3b7100 10615       1       org.jetbrains.kotlin.ir.types.impl.IrTypeProjectionImpl::getVariance (5 bytes)
Event: 9.236 Thread 0x000001d26d3b7100 nmethod 10615 0x000001d25e89fc90 code [0x000001d25e89fe20, 0x000001d25e89fef8]
Event: 9.238 Thread 0x000001d26d3b7100 10617       3       org.jetbrains.kotlin.load.java.components.JavaSourceElementImpl::getPsi (33 bytes)
Event: 9.238 Thread 0x000001d26d3b7100 nmethod 10617 0x000001d256f68210 code [0x000001d256f683e0, 0x000001d256f688e8]
Event: 9.240 Thread 0x000001d26d3b7100 10618       3       org.jetbrains.kotlin.load.java.components.JavaAnnotationDescriptor::getType (8 bytes)
Event: 9.240 Thread 0x000001d26d3b7100 nmethod 10618 0x000001d25805d110 code [0x000001d25805d3c0, 0x000001d25805e0c8]
Event: 9.240 Thread 0x000001d26d3b7100 10620       2       gnu.trove.TObjectHash::index (146 bytes)
Event: 9.241 Thread 0x000001d26d3b7100 nmethod 10620 0x000001d257282b90 code [0x000001d257282d60, 0x000001d2572831c8]
Event: 9.241 Thread 0x000001d26d3b7100 10621   !   3       org.jetbrains.kotlin.ir.declarations.lazy.IrLazySymbolTable::referenceConstructor (75 bytes)
Event: 9.242 Thread 0x000001d26d3b7100 nmethod 10621 0x000001d25805e510 code [0x000001d25805e760, 0x000001d25805f198]
Event: 9.242 Thread 0x000001d26d3b7100 10623       3       org.jetbrains.kotlin.codegen.signature.AsmTypeFactory::createFromString (17 bytes)
Event: 9.242 Thread 0x000001d26d3b7100 nmethod 10623 0x000001d25805f690 code [0x000001d25805f8e0, 0x000001d258060058]
Event: 9.242 Thread 0x000001d26d3b7100 10625       3       org.jetbrains.kotlin.backend.jvm.codegen.JvmSignatureClashDetector::trackFakeOverrideMethod (70 bytes)
Event: 9.243 Thread 0x000001d26d3b7100 nmethod 10625 0x000001d258060390 code [0x000001d2580606a0, 0x000001d258061668]
Event: 9.243 Thread 0x000001d26d3b7100 10624       3       org.jetbrains.kotlin.backend.jvm.codegen.ClassCodegen::generateMethod (548 bytes)

GC Heap History (20 events):
Event: 4.373 GC heap before
{Heap before GC invocations=12 (full 0):
 garbage-first heap   total 78848K, used 60229K [0x0000000082600000, 0x0000000100000000)
  region size 1024K, 29 young (29696K), 3 survivors (3072K)
 Metaspace       used 54623K, committed 54848K, reserved 1114112K
  class space    used 6665K, committed 6720K, reserved 1048576K
}
Event: 4.384 GC heap after
{Heap after GC invocations=13 (full 0):
 garbage-first heap   total 78848K, used 36380K [0x0000000082600000, 0x0000000100000000)
  region size 1024K, 4 young (4096K), 4 survivors (4096K)
 Metaspace       used 54623K, committed 54848K, reserved 1114112K
  class space    used 6665K, committed 6720K, reserved 1048576K
}
Event: 4.476 GC heap before
{Heap before GC invocations=13 (full 0):
 garbage-first heap   total 78848K, used 58908K [0x0000000082600000, 0x0000000100000000)
  region size 1024K, 27 young (27648K), 4 survivors (4096K)
 Metaspace       used 54786K, committed 55040K, reserved 1114112K
  class space    used 6668K, committed 6784K, reserved 1048576K
}
Event: 4.483 GC heap after
{Heap after GC invocations=14 (full 0):
 garbage-first heap   total 78848K, used 38038K [0x0000000082600000, 0x0000000100000000)
  region size 1024K, 2 young (2048K), 2 survivors (2048K)
 Metaspace       used 54786K, committed 55040K, reserved 1114112K
  class space    used 6668K, committed 6784K, reserved 1048576K
}
Event: 4.803 GC heap before
{Heap before GC invocations=14 (full 0):
 garbage-first heap   total 78848K, used 61590K [0x0000000082600000, 0x0000000100000000)
  region size 1024K, 25 young (25600K), 2 survivors (2048K)
 Metaspace       used 55733K, committed 55936K, reserved 1114112K
  class space    used 6715K, committed 6784K, reserved 1048576K
}
Event: 4.812 GC heap after
{Heap after GC invocations=15 (full 0):
 garbage-first heap   total 78848K, used 41934K [0x0000000082600000, 0x0000000100000000)
  region size 1024K, 4 young (4096K), 4 survivors (4096K)
 Metaspace       used 55733K, committed 55936K, reserved 1114112K
  class space    used 6715K, committed 6784K, reserved 1048576K
}
Event: 5.144 GC heap before
{Heap before GC invocations=16 (full 0):
 garbage-first heap   total 78848K, used 62414K [0x0000000082600000, 0x0000000100000000)
  region size 1024K, 24 young (24576K), 4 survivors (4096K)
 Metaspace       used 57324K, committed 57536K, reserved 1114112K
  class space    used 6909K, committed 6976K, reserved 1048576K
}
Event: 5.152 GC heap after
{Heap after GC invocations=17 (full 0):
 garbage-first heap   total 78848K, used 44376K [0x0000000082600000, 0x0000000100000000)
  region size 1024K, 3 young (3072K), 3 survivors (3072K)
 Metaspace       used 57324K, committed 57536K, reserved 1114112K
  class space    used 6909K, committed 6976K, reserved 1048576K
}
Event: 5.156 GC heap before
{Heap before GC invocations=17 (full 0):
 garbage-first heap   total 78848K, used 45400K [0x0000000082600000, 0x0000000100000000)
  region size 1024K, 4 young (4096K), 3 survivors (3072K)
 Metaspace       used 57330K, committed 57536K, reserved 1114112K
  class space    used 6909K, committed 6976K, reserved 1048576K
}
Event: 5.161 GC heap after
{Heap after GC invocations=18 (full 0):
 garbage-first heap   total 106496K, used 43128K [0x0000000082600000, 0x0000000100000000)
  region size 1024K, 1 young (1024K), 1 survivors (1024K)
 Metaspace       used 57330K, committed 57536K, reserved 1114112K
  class space    used 6909K, committed 6976K, reserved 1048576K
}
Event: 5.632 GC heap before
{Heap before GC invocations=18 (full 0):
 garbage-first heap   total 106496K, used 81016K [0x0000000082600000, 0x0000000100000000)
  region size 1024K, 38 young (38912K), 1 survivors (1024K)
 Metaspace       used 59462K, committed 59776K, reserved 1114112K
  class space    used 7148K, committed 7296K, reserved 1048576K
}
Event: 5.641 GC heap after
{Heap after GC invocations=19 (full 0):
 garbage-first heap   total 106496K, used 48128K [0x0000000082600000, 0x0000000100000000)
  region size 1024K, 5 young (5120K), 5 survivors (5120K)
 Metaspace       used 59462K, committed 59776K, reserved 1114112K
  class space    used 7148K, committed 7296K, reserved 1048576K
}
Event: 6.257 GC heap before
{Heap before GC invocations=19 (full 0):
 garbage-first heap   total 106496K, used 81920K [0x0000000082600000, 0x0000000100000000)
  region size 1024K, 38 young (38912K), 5 survivors (5120K)
 Metaspace       used 61853K, committed 62144K, reserved 1114112K
  class space    used 7374K, committed 7552K, reserved 1048576K
}
Event: 6.269 GC heap after
{Heap after GC invocations=20 (full 0):
 garbage-first heap   total 106496K, used 53314K [0x0000000082600000, 0x0000000100000000)
  region size 1024K, 5 young (5120K), 5 survivors (5120K)
 Metaspace       used 61853K, committed 62144K, reserved 1114112K
  class space    used 7374K, committed 7552K, reserved 1048576K
}
Event: 6.912 GC heap before
{Heap before GC invocations=20 (full 0):
 garbage-first heap   total 106496K, used 83010K [0x0000000082600000, 0x0000000100000000)
  region size 1024K, 34 young (34816K), 5 survivors (5120K)
 Metaspace       used 67683K, committed 68032K, reserved 1114112K
  class space    used 7972K, committed 8128K, reserved 1048576K
}
Event: 6.922 GC heap after
{Heap after GC invocations=21 (full 0):
 garbage-first heap   total 106496K, used 56182K [0x0000000082600000, 0x0000000100000000)
  region size 1024K, 3 young (3072K), 3 survivors (3072K)
 Metaspace       used 67683K, committed 68032K, reserved 1114112K
  class space    used 7972K, committed 8128K, reserved 1048576K
}
Event: 7.547 GC heap before
{Heap before GC invocations=22 (full 0):
 garbage-first heap   total 106496K, used 84854K [0x0000000082600000, 0x0000000100000000)
  region size 1024K, 31 young (31744K), 3 survivors (3072K)
 Metaspace       used 70466K, committed 70784K, reserved 1114112K
  class space    used 8318K, committed 8448K, reserved 1048576K
}
Event: 7.560 GC heap after
{Heap after GC invocations=23 (full 0):
 garbage-first heap   total 106496K, used 60878K [0x0000000082600000, 0x0000000100000000)
  region size 1024K, 4 young (4096K), 4 survivors (4096K)
 Metaspace       used 70466K, committed 70784K, reserved 1114112K
  class space    used 8318K, committed 8448K, reserved 1048576K
}
Event: 7.579 GC heap before
{Heap before GC invocations=23 (full 0):
 garbage-first heap   total 106496K, used 61902K [0x0000000082600000, 0x0000000100000000)
  region size 1024K, 5 young (5120K), 4 survivors (4096K)
 Metaspace       used 70483K, committed 70784K, reserved 1114112K
  class space    used 8321K, committed 8448K, reserved 1048576K
}
Event: 7.588 GC heap after
{Heap after GC invocations=24 (full 0):
 garbage-first heap   total 231424K, used 61176K [0x0000000082600000, 0x0000000100000000)
  region size 1024K, 1 young (1024K), 1 survivors (1024K)
 Metaspace       used 70483K, committed 70784K, reserved 1114112K
  class space    used 8321K, committed 8448K, reserved 1048576K
}

Dll operation events (2 events):
Event: 0.009 Loaded shared library C:\Program Files\Android\Android Studio\jbr\bin\java.dll
Event: 1.546 Loaded shared library C:\Program Files\Android\Android Studio\jbr\bin\verify.dll

Deoptimization events (20 events):
Event: 9.203 Thread 0x000001d2534eb6e0 Uncommon trap: trap_request=0xffffffc6 fr.pc=0x000001d25e718cb4 relative=0x0000000000000e74
Event: 9.203 Thread 0x000001d2534eb6e0 Uncommon trap: reason=bimorphic_or_optimized_type_check action=maybe_recompile pc=0x000001d25e718cb4 method=gnu.trove.TObjectHash.index(Ljava/lang/Object;)I @ 22 c2
Event: 9.203 Thread 0x000001d2534eb6e0 DEOPT PACKING pc=0x000001d25e718cb4 sp=0x00000083be0fd6a0
Event: 9.203 Thread 0x000001d2534eb6e0 DEOPT UNPACKING pc=0x000001d25df469a3 sp=0x00000083be0fd638 mode 2
Event: 9.203 Thread 0x000001d2534eb6e0 Uncommon trap: trap_request=0xffffffc6 fr.pc=0x000001d25e718cb4 relative=0x0000000000000e74
Event: 9.203 Thread 0x000001d2534eb6e0 Uncommon trap: reason=bimorphic_or_optimized_type_check action=maybe_recompile pc=0x000001d25e718cb4 method=gnu.trove.TObjectHash.index(Ljava/lang/Object;)I @ 22 c2
Event: 9.203 Thread 0x000001d2534eb6e0 DEOPT PACKING pc=0x000001d25e718cb4 sp=0x00000083be0fd620
Event: 9.203 Thread 0x000001d2534eb6e0 DEOPT UNPACKING pc=0x000001d25df469a3 sp=0x00000083be0fd5a8 mode 2
Event: 9.203 Thread 0x000001d2534eb6e0 Uncommon trap: trap_request=0xffffffc6 fr.pc=0x000001d25e718cb4 relative=0x0000000000000e74
Event: 9.203 Thread 0x000001d2534eb6e0 Uncommon trap: reason=bimorphic_or_optimized_type_check action=maybe_recompile pc=0x000001d25e718cb4 method=gnu.trove.TObjectHash.index(Ljava/lang/Object;)I @ 22 c2
Event: 9.203 Thread 0x000001d2534eb6e0 DEOPT PACKING pc=0x000001d25e718cb4 sp=0x00000083be0fd5f0
Event: 9.203 Thread 0x000001d2534eb6e0 DEOPT UNPACKING pc=0x000001d25df469a3 sp=0x00000083be0fd588 mode 2
Event: 9.203 Thread 0x000001d2534eb6e0 Uncommon trap: trap_request=0xffffff45 fr.pc=0x000001d25e5e4904 relative=0x0000000000005544
Event: 9.203 Thread 0x000001d2534eb6e0 Uncommon trap: reason=unstable_if action=reinterpret pc=0x000001d25e5e4904 method=org.jetbrains.kotlin.builtins.jvm.JavaToKotlinClassMap.isKotlinFunctionWithBigArity(Lorg/jetbrains/kotlin/name/FqNameUnsafe;Ljava/lang/String;)Z @ 26 c2
Event: 9.203 Thread 0x000001d2534eb6e0 DEOPT PACKING pc=0x000001d25e5e4904 sp=0x00000083be0fcf40
Event: 9.203 Thread 0x000001d2534eb6e0 DEOPT UNPACKING pc=0x000001d25df469a3 sp=0x00000083be0fce28 mode 2
Event: 9.217 Thread 0x000001d2534eb6e0 Uncommon trap: trap_request=0xffffffc6 fr.pc=0x000001d25e512088 relative=0x0000000000000928
Event: 9.217 Thread 0x000001d2534eb6e0 Uncommon trap: reason=bimorphic_or_optimized_type_check action=maybe_recompile pc=0x000001d25e512088 method=org.jetbrains.kotlin.util.slicedMap.SlicedMapImpl.put(Lorg/jetbrains/kotlin/util/slicedMap/WritableSlice;Ljava/lang/Object;Ljava/lang/Object;)V @ 5
Event: 9.217 Thread 0x000001d2534eb6e0 DEOPT PACKING pc=0x000001d25e512088 sp=0x00000083be0fe0a0
Event: 9.217 Thread 0x000001d2534eb6e0 DEOPT UNPACKING pc=0x000001d25df469a3 sp=0x00000083be0fe090 mode 2

Classes unloaded (0 events):
No events

Classes redefined (0 events):
No events

Internal exceptions (20 events):
Event: 5.100 Thread 0x000001d2534eb6e0 Implicit null exception at 0x000001d25e4e7bef to 0x000001d25e4e7dcc
Event: 5.101 Thread 0x000001d2534eb6e0 Implicit null exception at 0x000001d25e4f618f to 0x000001d25e4f6209
Event: 5.288 Thread 0x000001d2534eb6e0 Implicit null exception at 0x000001d25e58f014 to 0x000001d25e58f10c
Event: 5.288 Thread 0x000001d2534eb6e0 Implicit null exception at 0x000001d25e4f64e0 to 0x000001d25e4f657a
Event: 5.486 Thread 0x000001d2534eb6e0 Exception <a 'java/lang/NoSuchMethodError'{0x0000000086d2cd20}: 'java.lang.Object java.lang.invoke.DirectMethodHandle$Holder.invokeInterface(java.lang.Object, java.lang.Object, java.lang.Object)'> (0x0000000086d2cd20) 
thrown [s\src\hotspot\share\interpreter\linkResolver.cpp, line 771]
Event: 5.486 Thread 0x000001d2534eb6e0 Exception <a 'java/lang/IncompatibleClassChangeError'{0x0000000086d31680}: Found class java.lang.Object, but interface was expected> (0x0000000086d31680) 
thrown [s\src\hotspot\share\interpreter\linkResolver.cpp, line 838]
Event: 5.709 Thread 0x000001d2534eb6e0 Exception <a 'java/lang/NoSuchMethodError'{0x000000008891a3f8}: 'java.lang.Object java.lang.invoke.DirectMethodHandle$Holder.newInvokeSpecial(java.lang.Object, java.lang.Object, java.lang.Object, java.lang.Object, java.lang.Object, java.lang.Object, java.lang.Object)'> (0x000000008891a3f8) 
thrown [s\src\hotspot\share\interpreter\linkResolver.cpp, line 771]
Event: 5.709 Thread 0x000001d2534eb6e0 Exception <a 'java/lang/NoSuchMethodError'{0x0000000088920248}: 'java.lang.Object java.lang.invoke.Invokers$Holder.linkToTargetMethod(java.lang.Object, java.lang.Object, java.lang.Object, java.lang.Object, java.lang.Object, java.lang.Object, java.lang.Object)'> (0x0000000088920248) 
thrown [s\src\hotspot\share\interpreter\linkResolver.cpp, line 771]
Event: 6.090 Thread 0x000001d2534eb6e0 Exception <a 'java/lang/NoSuchMethodError'{0x000000008731c4d0}: 'java.lang.Object java.lang.invoke.DirectMethodHandle$Holder.newInvokeSpecial(java.lang.Object, int, java.lang.Object)'> (0x000000008731c4d0) 
thrown [s\src\hotspot\share\interpreter\linkResolver.cpp, line 771]
Event: 6.091 Thread 0x000001d2534eb6e0 Exception <a 'java/lang/NoSuchMethodError'{0x0000000087323058}: 'int java.lang.invoke.DirectMethodHandle$Holder.invokeInterface(java.lang.Object, java.lang.Object)'> (0x0000000087323058) 
thrown [s\src\hotspot\share\interpreter\linkResolver.cpp, line 771]
Event: 6.244 Thread 0x000001d2534eb6e0 Implicit null exception at 0x000001d25e54c9ef to 0x000001d25e54cbc4
Event: 6.414 Thread 0x000001d2534eb6e0 Exception <a 'java/lang/NoSuchMethodError'{0x0000000088751b78}: 'java.lang.Object java.lang.invoke.DirectMethodHandle$Holder.invokeStaticInit(java.lang.Object, java.lang.Object, java.lang.Object, java.lang.Object)'> (0x0000000088751b78) 
thrown [s\src\hotspot\share\interpreter\linkResolver.cpp, line 771]
Event: 6.743 Thread 0x000001d2534eb6e0 Exception <a 'java/lang/NoSuchMethodError'{0x00000000878430d8}: 'java.lang.Object java.lang.invoke.DirectMethodHandle$Holder.newInvokeSpecial(java.lang.Object, java.lang.Object, java.lang.Object, int, int)'> (0x00000000878430d8) 
thrown [s\src\hotspot\share\interpreter\linkResolver.cpp, line 771]
Event: 6.743 Thread 0x000001d2534eb6e0 Exception <a 'java/lang/NoSuchMethodError'{0x0000000087846f18}: 'java.lang.Object java.lang.invoke.DirectMethodHandle$Holder.invokeSpecial(java.lang.Object, java.lang.Object, java.lang.Object, java.lang.Object, int, int)'> (0x0000000087846f18) 
thrown [s\src\hotspot\share\interpreter\linkResolver.cpp, line 771]
Event: 6.886 Thread 0x000001d2534eb6e0 Implicit null exception at 0x000001d25e4fbaef to 0x000001d25e4fbd2c
Event: 6.889 Thread 0x000001d2534eb6e0 Exception <a 'java/lang/NoSuchMethodError'{0x000000008712a9c0}: 'java.lang.Object java.lang.invoke.DirectMethodHandle$Holder.invokeSpecial(java.lang.Object, java.lang.Object, int, int, java.lang.Object, java.lang.Object, java.lang.Object, java.lang.Object, java.lang.Object)'> (0x000000008712a9c0) 
thrown [s\src\hotspot\share\interpreter\linkResolver.cpp, line 771]
Event: 6.990 Thread 0x000001d2534eb6e0 Exception <a 'java/lang/NoSuchMethodError'{0x0000000088b4f5e0}: 'java.lang.Object java.lang.invoke.DirectMethodHandle$Holder.newInvokeSpecial(java.lang.Object, java.lang.Object, int, int, java.lang.Object, java.lang.Object, java.lang.Object)'> (0x0000000088b4f5e0) 
thrown [s\src\hotspot\share\interpreter\linkResolver.cpp, line 771]
Event: 6.991 Thread 0x000001d2534eb6e0 Exception <a 'java/lang/NoSuchMethodError'{0x0000000088b53f20}: 'java.lang.Object java.lang.invoke.DirectMethodHandle$Holder.invokeSpecial(java.lang.Object, java.lang.Object, java.lang.Object, int, int, java.lang.Object, java.lang.Object, java.lang.Object)'> (0x0000000088b53f20) 
thrown [s\src\hotspot\share\interpreter\linkResolver.cpp, line 771]
Event: 7.076 Thread 0x000001d2534eb6e0 Exception <a 'java/lang/NoSuchMethodError'{0x0000000088956260}: 'java.lang.Object java.lang.invoke.DirectMethodHandle$Holder.invokeStatic(java.lang.Object, int, java.lang.Object)'> (0x0000000088956260) 
thrown [s\src\hotspot\share\interpreter\linkResolver.cpp, line 771]
Event: 7.083 Thread 0x000001d2534eb6e0 Exception <a 'java/lang/NoSuchMethodError'{0x000000008897da68}: 'java.lang.Object java.lang.invoke.DirectMethodHandle$Holder.newInvokeSpecial(java.lang.Object, int, java.lang.Object, java.lang.Object)'> (0x000000008897da68) 
thrown [s\src\hotspot\share\interpreter\linkResolver.cpp, line 771]

VM Operations (20 events):
Event: 8.767 Executing VM operation: ICBufferFull
Event: 8.768 Executing VM operation: ICBufferFull done
Event: 8.868 Executing VM operation: ICBufferFull
Event: 8.868 Executing VM operation: ICBufferFull done
Event: 8.892 Executing VM operation: HandshakeAllThreads
Event: 8.893 Executing VM operation: HandshakeAllThreads done
Event: 8.917 Executing VM operation: ICBufferFull
Event: 8.917 Executing VM operation: ICBufferFull done
Event: 8.999 Executing VM operation: HandshakeAllThreads
Event: 8.999 Executing VM operation: HandshakeAllThreads done
Event: 9.007 Executing VM operation: HandshakeAllThreads
Event: 9.007 Executing VM operation: HandshakeAllThreads done
Event: 9.010 Executing VM operation: HandshakeAllThreads
Event: 9.010 Executing VM operation: HandshakeAllThreads done
Event: 9.012 Executing VM operation: HandshakeAllThreads
Event: 9.012 Executing VM operation: HandshakeAllThreads done
Event: 9.171 Executing VM operation: HandshakeAllThreads
Event: 9.171 Executing VM operation: HandshakeAllThreads done
Event: 9.197 Executing VM operation: ICBufferFull
Event: 9.197 Executing VM operation: ICBufferFull done

Events (20 events):
Event: 8.711 loading class java/lang/constant/DirectMethodHandleDescImpl
Event: 8.711 loading class java/lang/constant/DirectMethodHandleDesc
Event: 8.711 loading class java/lang/constant/DirectMethodHandleDesc done
Event: 8.711 loading class java/lang/constant/DirectMethodHandleDescImpl done
Event: 8.711 loading class java/lang/constant/DirectMethodHandleDescImpl$1
Event: 8.711 loading class java/lang/constant/DirectMethodHandleDescImpl$1 done
Event: 8.711 loading class java/lang/constant/DirectMethodHandleDesc$1
Event: 8.711 loading class java/lang/constant/DirectMethodHandleDesc$1 done
Event: 8.711 loading class java/lang/constant/PrimitiveClassDescImpl
Event: 8.711 loading class java/lang/constant/DynamicConstantDesc
Event: 8.712 loading class java/lang/constant/DynamicConstantDesc done
Event: 8.712 loading class java/lang/constant/PrimitiveClassDescImpl done
Event: 8.712 loading class java/lang/constant/DynamicConstantDesc$AnonymousDynamicConstantDesc
Event: 8.712 loading class java/lang/constant/DynamicConstantDesc$AnonymousDynamicConstantDesc done
Event: 8.712 loading class sun/security/provider/ByteArrayAccess
Event: 8.712 loading class sun/security/provider/ByteArrayAccess done
Event: 8.713 loading class java/util/Base64
Event: 8.713 loading class java/util/Base64 done
Event: 8.713 loading class java/util/Base64$Encoder
Event: 8.713 loading class java/util/Base64$Encoder done


Dynamic libraries:
0x00007ff7812d0000 - 0x00007ff7812da000 	C:\Program Files\Android\Android Studio\jbr\bin\java.exe
0x00007ffc46c90000 - 0x00007ffc46ea6000 	C:\WINDOWS\SYSTEM32\ntdll.dll
0x00007ffc45ce0000 - 0x00007ffc45da4000 	C:\WINDOWS\System32\KERNEL32.DLL
0x00007ffc43fb0000 - 0x00007ffc44357000 	C:\WINDOWS\System32\KERNELBASE.dll
0x00007ffc44360000 - 0x00007ffc44471000 	C:\WINDOWS\System32\ucrtbase.dll
0x00007ffc36280000 - 0x00007ffc3629b000 	C:\Program Files\Android\Android Studio\jbr\bin\VCRUNTIME140.dll
0x00007ffc38240000 - 0x00007ffc38257000 	C:\Program Files\Android\Android Studio\jbr\bin\jli.dll
0x00007ffc449f0000 - 0x00007ffc44b9e000 	C:\WINDOWS\System32\USER32.dll
0x00007ffc44960000 - 0x00007ffc44986000 	C:\WINDOWS\System32\win32u.dll
0x00007ffc2f810000 - 0x00007ffc2faa3000 	C:\WINDOWS\WinSxS\amd64_microsoft.windows.common-controls_6595b64144ccf1df_6.0.22621.3235_none_270f74e173860f98\COMCTL32.dll
0x00007ffc45010000 - 0x00007ffc45039000 	C:\WINDOWS\System32\GDI32.dll
0x00007ffc45eb0000 - 0x00007ffc45f57000 	C:\WINDOWS\System32\msvcrt.dll
0x00007ffc44840000 - 0x00007ffc44959000 	C:\WINDOWS\System32\gdi32full.dll
0x00007ffc44730000 - 0x00007ffc447ca000 	C:\WINDOWS\System32\msvcp_win.dll
0x00007ffc44c20000 - 0x00007ffc44c51000 	C:\WINDOWS\System32\IMM32.DLL
0x00007ffc3e020000 - 0x00007ffc3e02c000 	C:\Program Files\Android\Android Studio\jbr\bin\vcruntime140_1.dll
0x00007ffc055f0000 - 0x00007ffc0567d000 	C:\Program Files\Android\Android Studio\jbr\bin\msvcp140.dll
0x00007ffbfa0b0000 - 0x00007ffbfad33000 	C:\Program Files\Android\Android Studio\jbr\bin\server\jvm.dll
0x00007ffc460c0000 - 0x00007ffc46172000 	C:\WINDOWS\System32\ADVAPI32.dll
0x00007ffc44f40000 - 0x00007ffc44fe8000 	C:\WINDOWS\System32\sechost.dll
0x00007ffc44990000 - 0x00007ffc449b8000 	C:\WINDOWS\System32\bcrypt.dll
0x00007ffc44e10000 - 0x00007ffc44f25000 	C:\WINDOWS\System32\RPCRT4.dll
0x00007ffc3c300000 - 0x00007ffc3c334000 	C:\WINDOWS\SYSTEM32\WINMM.dll
0x00007ffc29af0000 - 0x00007ffc29af9000 	C:\WINDOWS\SYSTEM32\WSOCK32.dll
0x00007ffc42e10000 - 0x00007ffc42e5d000 	C:\WINDOWS\SYSTEM32\POWRPROF.dll
0x00007ffc45e30000 - 0x00007ffc45ea1000 	C:\WINDOWS\System32\WS2_32.dll
0x00007ffc39520000 - 0x00007ffc3952a000 	C:\WINDOWS\SYSTEM32\VERSION.dll
0x00007ffc42df0000 - 0x00007ffc42e03000 	C:\WINDOWS\SYSTEM32\UMPDC.dll
0x00007ffc430a0000 - 0x00007ffc430b8000 	C:\WINDOWS\SYSTEM32\kernel.appcore.dll
0x00007ffc3de30000 - 0x00007ffc3de3a000 	C:\Program Files\Android\Android Studio\jbr\bin\jimage.dll
0x00007ffc41080000 - 0x00007ffc412b3000 	C:\WINDOWS\SYSTEM32\DBGHELP.DLL
0x00007ffc467d0000 - 0x00007ffc46b58000 	C:\WINDOWS\System32\combase.dll
0x00007ffc45c00000 - 0x00007ffc45cd7000 	C:\WINDOWS\System32\OLEAUT32.dll
0x00007ffc29bf0000 - 0x00007ffc29c22000 	C:\WINDOWS\SYSTEM32\dbgcore.DLL
0x00007ffc44540000 - 0x00007ffc445b9000 	C:\WINDOWS\System32\bcryptPrimitives.dll
0x00007ffc3c460000 - 0x00007ffc3c485000 	C:\Program Files\Android\Android Studio\jbr\bin\java.dll
0x00007ffc3c380000 - 0x00007ffc3c398000 	C:\Program Files\Android\Android Studio\jbr\bin\zip.dll
0x00007ffc451f0000 - 0x00007ffc45a4c000 	C:\WINDOWS\System32\SHELL32.dll
0x00007ffc41ed0000 - 0x00007ffc427c9000 	C:\WINDOWS\SYSTEM32\windows.storage.dll
0x00007ffc41d90000 - 0x00007ffc41ece000 	C:\WINDOWS\SYSTEM32\wintypes.dll
0x00007ffc44d10000 - 0x00007ffc44e03000 	C:\WINDOWS\System32\SHCORE.dll
0x00007ffc46b60000 - 0x00007ffc46bbe000 	C:\WINDOWS\System32\shlwapi.dll
0x00007ffc43ee0000 - 0x00007ffc43f01000 	C:\WINDOWS\SYSTEM32\profapi.dll
0x00007ffc3c000000 - 0x00007ffc3c019000 	C:\Program Files\Android\Android Studio\jbr\bin\net.dll
0x00007ffc406e0000 - 0x00007ffc40816000 	C:\WINDOWS\SYSTEM32\WINHTTP.dll
0x00007ffc43500000 - 0x00007ffc43569000 	C:\WINDOWS\system32\mswsock.dll
0x00007ffc382c0000 - 0x00007ffc382d6000 	C:\Program Files\Android\Android Studio\jbr\bin\nio.dll
0x00007ffc3d4d0000 - 0x00007ffc3d4e0000 	C:\Program Files\Android\Android Studio\jbr\bin\verify.dll

dbghelp: loaded successfully - version: 4.0.5 - missing functions: none
symbol engine: initialized successfully - sym options: 0x614 - pdb path: .;C:\Program Files\Android\Android Studio\jbr\bin;C:\WINDOWS\SYSTEM32;C:\WINDOWS\WinSxS\amd64_microsoft.windows.common-controls_6595b64144ccf1df_6.0.22621.3235_none_270f74e173860f98;C:\Program Files\Android\Android Studio\jbr\bin\server

VM Arguments:
java_command: org.jetbrains.kotlin.cli.jvm.K2JVMCompiler @C:\Users\RAWAN\ToDoApp\app\build\20240509_16696205979465179048.compiler.options
java_class_path (initial): C:\Users\RAWAN\caches\modules-2\files-2.1\org.jetbrains.kotlin\kotlin-compiler-embeddable\1.9.0\2c8c3a7402becca891f12739b3e9fd2dc2adbd7a\kotlin-compiler-embeddable-1.9.0.jar;C:\Users\RAWAN\caches\modules-2\files-2.1\org.jetbrains.kotlin\kotlin-stdlib\1.9.0\8ee15ef0c67dc83d874f412d84378d7f0eb50b63\kotlin-stdlib-1.9.0.jar;C:\Users\RAWAN\caches\modules-2\files-2.1\org.jetbrains.kotlin\kotlin-script-runtime\1.9.0\4b3102cbbb7e1b58d9d1adf89563f00069ffa7d1\kotlin-script-runtime-1.9.0.jar;C:\Users\RAWAN\caches\modules-2\files-2.1\org.jetbrains.kotlin\kotlin-reflect\1.6.10\1cbe9c92c12a94eea200d23c2bbaedaf3daf5132\kotlin-reflect-1.6.10.jar;C:\Users\RAWAN\caches\modules-2\files-2.1\org.jetbrains.kotlin\kotlin-daemon-embeddable\1.9.0\186543f5e28cf8d9a0290fecc2cf34301c40a65c\kotlin-daemon-embeddable-1.9.0.jar;C:\Users\RAWAN\caches\modules-2\files-2.1\org.jetbrains.intellij.deps\trove4j\1.0.20200330\3afb14d5f9ceb459d724e907a21145e8ff394f02\trove4j-1.0.20200330.jar;C:\Users\RAWAN\caches\modules-2\files-2.1\org.jetbrains.kotlin\kotlin-stdlib-common\1.9.0\cd65c21cfd1eec4d44ef09f9f52b6d9f8a720636\kotlin-stdlib-common-1.9.0.jar;C:\Users\RAWAN\caches\modules-2\files-2.1\org.jetbrains\annotations\13.0\919f0dfe192fb4e063e7dacadee7f8bb9a2672a9\annotations-13.0.jar
Launcher Type: SUN_STANDARD

[Global flags]
     intx CICompilerCount                          = 4                                         {product} {ergonomic}
     uint ConcGCThreads                            = 2                                         {product} {ergonomic}
     uint G1ConcRefinementThreads                  = 8                                         {product} {ergonomic}
   size_t G1HeapRegionSize                         = 1048576                                   {product} {ergonomic}
    uintx GCDrainStackTargetSize                   = 64                                        {product} {ergonomic}
   size_t InitialHeapSize                          = 132120576                                 {product} {ergonomic}
   size_t MarkStackSize                            = 4194304                                   {product} {ergonomic}
   size_t MaxHeapSize                              = 2107637760                                {product} {ergonomic}
   size_t MaxNewSize                               = 1264582656                                {product} {ergonomic}
   size_t MinHeapDeltaBytes                        = 1048576                                   {product} {ergonomic}
   size_t MinHeapSize                              = 8388608                                   {product} {ergonomic}
    uintx NonNMethodCodeHeapSize                   = 5839372                                {pd product} {ergonomic}
    uintx NonProfiledCodeHeapSize                  = 122909434                              {pd product} {ergonomic}
    uintx ProfiledCodeHeapSize                     = 122909434                              {pd product} {ergonomic}
    uintx ReservedCodeCacheSize                    = 251658240                              {pd product} {ergonomic}
     bool SegmentedCodeCache                       = true                                      {product} {ergonomic}
   size_t SoftMaxHeapSize                          = 2107637760                             {manageable} {ergonomic}
     bool UseCompressedClassPointers               = true                           {product lp64_product} {ergonomic}
     bool UseCompressedOops                        = true                           {product lp64_product} {ergonomic}
     bool UseG1GC                                  = true                                      {product} {ergonomic}
     bool UseLargePagesIndividualAllocation        = false                                  {pd product} {ergonomic}

Logging:
Log output configuration:
 #0: stdout all=warning uptime,level,tags
 #1: stderr all=off uptime,level,tags

Environment Variables:
JAVA_HOME=C:\Program Files\Java\jre-1.8
PATH=C:\Program Files\Common Files\Oracle\Java\javapath;C:\Program Files (x86)\Common Files\Oracle\Java\javapath;C:\Program Files (x86)\VMware\VMware Workstation\bin\;D:\app\RAWAN\product\11.2.0\dbhome_2\bin;C:\WINDOWS\system32;C:\WINDOWS;C:\WINDOWS\System32\Wbem;C:\WINDOWS\System32\WindowsPowerShell\v1.0\;C:\WINDOWS\System32\OpenSSH\;C:\Program Files\Intel\WiFi\bin\;C:\Program Files\Common Files\Intel\WirelessCommon\;C:\WINDOWS\system32;C:\WINDOWS;C:\WINDOWS\System32\Wbem;C:\WINDOWS\System32\WindowsPowerShell\v1.0\;C:\WINDOWS\System32\OpenSSH\;C:\Program Files\Java\jre-1.8\bin;C:\Program Files\Java\jdk-21\bin;C:\Program Files\Git\cmd;C:\Program Files\nodejs\;C:\Users\RAWAN\AppData\Local\Microsoft\WindowsApps;C:\Program Files\JetBrains\PyCharm 2023.3.3\bin;C:\Program Files\Java\jdk-21\bin;C:\Program Files\Java\jre-1.8\bin;C:\Users\RAWAN\AppData\Local\Microsoft\WindowsApps;C:\Users\RAWAN\AppData\Local\Programs\Microsoft VS Code\bin;C:\Users\RAWAN\AppData\Roaming\npm
USERNAME=RAWAN
OS=Windows_NT
PROCESSOR_IDENTIFIER=Intel64 Family 6 Model 142 Stepping 11, GenuineIntel
TMP=C:\Users\RAWAN\AppData\Local\Temp
TEMP=C:\Users\RAWAN\AppData\Local\Temp



Periodic native trim disabled

JNI global refs:
JNI global refs: 12, weak refs: 13

JNI global refs memory usage: 843, weak refs: 841

OOME stack traces (most recent first):
Classloader memory used:
Loader jdk.internal.loader.ClassLoaders$AppClassLoader                                 : 8627K
Loader bootstrap                                                                       : 1456K
Loader java.net.URLClassLoader                                                         : 253K
Loader jdk.internal.reflect.DelegatingClassLoader                                      : 12018B
Loader jdk.internal.loader.ClassLoaders$PlatformClassLoader                            : 2276B


---------------  S Y S T E M  ---------------

OS:
 Windows 11 , 64 bit Build 22621 (10.0.22621.3374)
OS uptime: 2 days 1:19 hours
Hyper-V role detected

CPU: total 8 (initial active 8) (4 cores per cpu, 2 threads per core) family 6 model 142 stepping 11 microcode 0xde, cx8, cmov, fxsr, ht, mmx, 3dnowpref, sse, sse2, sse3, ssse3, sse4.1, sse4.2, popcnt, lzcnt, tsc, tscinvbit, avx, avx2, aes, erms, clmul, bmi1, bmi2, adx, fma, vzeroupper, clflush, clflushopt, hv
Processor Information for all 8 processors :
  Max Mhz: 1800, Current Mhz: 1800, Mhz Limit: 1584

Memory: 4k page, system-wide physical 8037M (429M free)
TotalPageFile size 24702M (AvailPageFile size 9M)
current process WorkingSet (physical memory assigned to process): 393M, peak: 395M
current process commit charge ("private bytes"): 470M, peak: 475M

vm_info: OpenJDK 64-Bit Server VM (17.0.9+0--11185874) for windows-amd64 JRE (17.0.9+0--11185874), built on Dec  6 2023 18:57:44 by "androidbuild" with MS VC++ 16.10 / 16.11 (VS2019)

END.
